1.4599 	WARNING 	We strongly recommend you activate the PTB sound engine in PsychoPy prefs as the preferred audio engine. Its timing is vastly superior. Your prefs are currently set to use ['sounddevice', 'PTB', 'pyo', 'pygame'] (in that order).
19.6147 	EXP 	Created window1 = Window(allowGUI=False, allowStencil=False, autoLog=True, backendConf=UNKNOWN, bitsMode=UNKNOWN, blendMode='avg', bpc=(8, 8, 8), color=array([0, 0, 0]), colorSpace='rgb', depthBits=8, fullscr=<method-wrapper '__getattribute__' of attributeSetter object at 0x7f9fdb3539e8>, gamma=None, gammaErrorPolicy='raise', lms=UNKNOWN, monitor=<psychopy.monitors.calibTools.Monitor object at 0x7f9fda5e54a8>, multiSample=False, name='window1', numSamples=2, pos=[360.0, 225.0], screen=0, size=array([2880, 1800]), stencilBits=0, stereo=False, units='height', useFBO=True, useRetina=True, viewOri=0.0, viewPos=None, viewScale=None, waitBlanking=True, winType='pyglet')
19.6153 	EXP 	window1: mouseVisible = True
19.6154 	EXP 	window1: recordFrameIntervals = False
19.7807 	EXP 	window1: recordFrameIntervals = True
19.9634 	EXP 	window1: recordFrameIntervals = False
21.0852 	EXP 	Created intro = TextStim(__class__=<class 'psychopy.visual.text.TextStim'>, alignHoriz=method-wrapper(...), alignText='center', alignVert=method-wrapper(...), anchorHoriz='center', anchorVert='center', antialias=True, autoLog=True, bold=False, color=array([1., 1., 1.]), colorSpace='rgb', contrast=1.0, depth=0.0, flipHoriz=False, flipVert=False, font='Open Sans', fontFiles=[], height=0.05, italic=False, languageStyle='LTR', name='intro', opacity=1, ori=0.0, pos=array([0., 0.]), rgb=UNKNOWN, text=str(...), units='height', win=Window(...), wrapWidth=1)
21.2876 	EXP 	Created count3 = TextStim(__class__=<class 'psychopy.visual.text.TextStim'>, alignHoriz=method-wrapper(...), alignText='center', alignVert=method-wrapper(...), anchorHoriz='center', anchorVert='center', antialias=True, autoLog=True, bold=False, color=array([1., 1., 1.]), colorSpace='rgb', contrast=1.0, depth=0.0, flipHoriz=False, flipVert=False, font='Open Sans', fontFiles=[], height=0.1, italic=False, languageStyle='LTR', name='count3', opacity=1, ori=0.0, pos=array([0., 0.]), rgb=UNKNOWN, text='', units='height', win=Window(...), wrapWidth=1)
21.2893 	EXP 	Created count2 = TextStim(__class__=<class 'psychopy.visual.text.TextStim'>, alignHoriz=method-wrapper(...), alignText='center', alignVert=method-wrapper(...), anchorHoriz='center', anchorVert='center', antialias=True, autoLog=True, bold=False, color=array([1., 1., 1.]), colorSpace='rgb', contrast=1.0, depth=-1.0, flipHoriz=False, flipVert=False, font='Open Sans', fontFiles=[], height=0.1, italic=False, languageStyle='LTR', name='count2', opacity=1, ori=0.0, pos=array([0., 0.]), rgb=UNKNOWN, text='', units='height', win=Window(...), wrapWidth=1)
21.2907 	EXP 	Created Count1 = TextStim(__class__=<class 'psychopy.visual.text.TextStim'>, alignHoriz=method-wrapper(...), alignText='center', alignVert=method-wrapper(...), anchorHoriz='center', anchorVert='center', antialias=True, autoLog=True, bold=False, color=array([1., 1., 1.]), colorSpace='rgb', contrast=1.0, depth=-2.0, flipHoriz=False, flipVert=False, font='Open Sans', fontFiles=[], height=0.1, italic=False, languageStyle='LTR', name='Count1', opacity=1, ori=0.0, pos=array([0., 0.]), rgb=UNKNOWN, text='', units='height', win=Window(...), wrapWidth=1)
21.2921 	EXP 	Created CountGo = TextStim(__class__=<class 'psychopy.visual.text.TextStim'>, alignHoriz=method-wrapper(...), alignText='center', alignVert=method-wrapper(...), anchorHoriz='center', anchorVert='center', antialias=True, autoLog=True, bold=False, color=array([1., 1., 1.]), colorSpace='rgb', contrast=1.0, depth=-3.0, flipHoriz=False, flipVert=False, font='Open Sans', fontFiles=[], height=0.1, italic=False, languageStyle='LTR', name='CountGo', opacity=1, ori=0.0, pos=array([0., 0.]), rgb=UNKNOWN, text='', units='height', win=Window(...), wrapWidth=1)
21.2976 	EXP 	Created image_2 = ImageStim(__class__=<class 'psychopy.visual.image.ImageStim'>, autoLog=True, color=array([1., 1., 1.]), colorSpace='rgb', contrast=1.0, depth=0.0, flipHoriz=False, flipVert=False, image='sin', interpolate=True, mask=None, maskParams=None, name='image_2', opacity=1, ori=0.0, pos=array([0., 0.]), size=array([1.  , 0.75]), texRes=128.0, units='height', win=Window(...))
21.2991 	EXP 	Created text_3 = TextStim(__class__=<class 'psychopy.visual.text.TextStim'>, alignHoriz=method-wrapper(...), alignText='center', alignVert=method-wrapper(...), anchorHoriz='center', anchorVert='center', antialias=True, autoLog=True, bold=False, color=array([1., 1., 1.]), colorSpace='rgb', contrast=1.0, depth=0.0, flipHoriz=False, flipVert=False, font='Open Sans', fontFiles=[], height=0.05, italic=False, languageStyle='LTR', name='text_3', opacity=1, ori=0.0, pos=array([0., 0.]), rgb=UNKNOWN, text='', units='height', win=Window(...), wrapWidth=1)
21.4952 	EXP 	Created image = ImageStim(__class__=<class 'psychopy.visual.image.ImageStim'>, autoLog=True, color=array([1., 1., 1.]), colorSpace='rgb', contrast=1.0, depth=0.0, flipHoriz=False, flipVert=False, image='sin', interpolate=True, mask=None, maskParams=None, name='image', opacity=1, ori=0.0, pos=array([0., 0.]), size=array([1.  , 0.75]), texRes=128.0, units='height', win=Window(...))
21.4966 	EXP 	Created text_2 = TextStim(__class__=<class 'psychopy.visual.text.TextStim'>, alignHoriz=method-wrapper(...), alignText='center', alignVert=method-wrapper(...), anchorHoriz='center', anchorVert='center', antialias=True, autoLog=True, bold=False, color=array([1., 1., 1.]), colorSpace='rgb', contrast=1.0, depth=0.0, flipHoriz=False, flipVert=False, font='Open Sans', fontFiles=[], height=0.1, italic=False, languageStyle='LTR', name='text_2', opacity=1, ori=0.0, pos=array([0., 0.]), rgb=UNKNOWN, text='', units='height', win=Window(...), wrapWidth=1)
21.7079 	EXP 	Created text_5 = TextStim(__class__=<class 'psychopy.visual.text.TextStim'>, alignHoriz=method-wrapper(...), alignText='center', alignVert=method-wrapper(...), anchorHoriz='center', anchorVert='center', antialias=True, autoLog=True, bold=False, color=array([1., 1., 1.]), colorSpace='rgb', contrast=1.0, depth=0.0, flipHoriz=False, flipVert=False, font='Open Sans', fontFiles=[], height=0.1, italic=False, languageStyle='LTR', name='text_5', opacity=1, ori=0.0, pos=array([0., 0.]), rgb=UNKNOWN, text='Thank you!', units='height', win=Window(...), wrapWidth=1)
21.7244 	EXP 	intro: autoDraw = True
34.8336 	EXP 	Imported ImageList.xlsx as conditions, 6 conditions, 2 params
34.8346 	EXP 	Created sequence: random, trialTypes=6, nReps=1, seed=None
34.8351 	EXP 	New trial (rep=0, index=0): {'PicSet': 'ImageShowSet1.xlsx', 'AnsSet': 'ImageAnsSet1.xlsx'}
34.8541 	DATA 	Keypress: space
34.8658 	EXP 	intro: autoDraw = False
34.8658 	EXP 	count3: text = '3'
34.8658 	EXP 	count2: text = '2'
34.8658 	EXP 	Count1: text = '1'
34.8658 	EXP 	CountGo: text = 'Go'
34.8658 	EXP 	count3: autoDraw = True
35.8479 	EXP 	count2: autoDraw = True
35.8798 	EXP 	count3: autoDraw = False
36.8480 	EXP 	Count1: autoDraw = True
36.8633 	EXP 	count2: autoDraw = False
37.8477 	EXP 	CountGo: autoDraw = True
37.8628 	EXP 	Count1: autoDraw = False
38.8471 	EXP 	Imported ImageShowSet1.xlsx as conditions, 6 conditions, 1 params
38.8478 	EXP 	Created sequence: random, trialTypes=6, nReps=1, seed=None
38.8482 	EXP 	New trial (rep=0, index=0): {'ImageSetShow': 'Pictures/M3A.jpg'}
39.0528 	EXP 	count3: autoDraw = False
39.0528 	EXP 	count2: autoDraw = False
39.0528 	EXP 	Count1: autoDraw = False
39.0528 	EXP 	CountGo: autoDraw = False
39.0528 	EXP 	image_2: image = 'Pictures/M3A.jpg'
39.0528 	EXP 	image_2: autoDraw = True
40.3321 	EXP 	New trial (rep=0, index=1): {'ImageSetShow': 'Pictures/M1A.jpg'}
40.4783 	EXP 	image_2: autoDraw = False
40.4783 	EXP 	image_2: image = 'Pictures/M1A.jpg'
40.4783 	EXP 	image_2: autoDraw = True
41.8321 	EXP 	New trial (rep=0, index=2): {'ImageSetShow': 'Pictures/M2M.jpg'}
41.9769 	EXP 	image_2: autoDraw = False
41.9769 	EXP 	image_2: image = 'Pictures/M2M.jpg'
41.9769 	EXP 	image_2: autoDraw = True
43.3318 	EXP 	New trial (rep=0, index=3): {'ImageSetShow': 'Pictures/F1A.jpg'}
43.5007 	EXP 	image_2: autoDraw = False
43.5007 	EXP 	image_2: image = 'Pictures/F1A.jpg'
43.5007 	EXP 	image_2: autoDraw = True
44.8320 	EXP 	New trial (rep=0, index=4): {'ImageSetShow': 'Pictures/F2M.jpg'}
44.9836 	EXP 	image_2: autoDraw = False
44.9836 	EXP 	image_2: image = 'Pictures/F2M.jpg'
44.9836 	EXP 	image_2: autoDraw = True
46.3318 	EXP 	New trial (rep=0, index=5): {'ImageSetShow': 'Pictures/F3A.jpg'}
46.4904 	EXP 	image_2: autoDraw = False
46.4904 	EXP 	image_2: image = 'Pictures/F3A.jpg'
46.4904 	EXP 	image_2: autoDraw = True
47.8670 	EXP 	image_2: autoDraw = False
47.8670 	EXP 	text_3: text = 'Press ’o’ when seeing the same person with the same expression\n\nPress ’n’ when seeing the same person with different expression\n\nPress ‘space’ when ready'
47.8670 	EXP 	text_3: autoDraw = True
49.6123 	EXP 	Imported ImageAnsSet1.xlsx as conditions, 12 conditions, 2 params
49.6130 	EXP 	Created sequence: random, trialTypes=12, nReps=1, seed=None
49.6134 	EXP 	New trial (rep=0, index=0): {'ImageAnsShow': 'Pictures/M3A.jpg', 'Correct': 'o'}
49.7635 	DATA 	Keypress: space
49.7866 	EXP 	text_3: autoDraw = False
49.7866 	EXP 	image: image = 'Pictures/M3A.jpg'
49.7866 	EXP 	image: autoDraw = True
51.1523 	EXP 	image: autoDraw = False
51.1523 	EXP 	text_2: text = 'New ’n’\n\nor \n\nOld ‘o’'
51.1523 	EXP 	text_2: autoDraw = True
51.3327 	EXP 	New trial (rep=0, index=1): {'ImageAnsShow': 'Pictures/M1A.jpg', 'Correct': 'o'}
51.4661 	DATA 	Keypress: o
51.4798 	EXP 	text_2: autoDraw = False
51.4798 	EXP 	image: image = 'Pictures/M1A.jpg'
51.4798 	EXP 	image: autoDraw = True
52.8628 	EXP 	image: autoDraw = False
52.8628 	EXP 	text_2: text = 'New ’n’\n\nor \n\nOld ‘o’'
52.8628 	EXP 	text_2: autoDraw = True
52.9319 	EXP 	New trial (rep=0, index=2): {'ImageAnsShow': 'Pictures/F1A.jpg', 'Correct': 'o'}
53.0870 	DATA 	Keypress: o
53.1023 	EXP 	text_2: autoDraw = False
53.1023 	EXP 	image: image = 'Pictures/F1A.jpg'
53.1023 	EXP 	image: autoDraw = True
54.4636 	EXP 	image: autoDraw = False
54.4636 	EXP 	text_2: text = 'New ’n’\n\nor \n\nOld ‘o’'
54.4636 	EXP 	text_2: autoDraw = True
54.8310 	EXP 	New trial (rep=0, index=3): {'ImageAnsShow': 'Pictures/M1M.jpg', 'Correct': 'n'}
54.9677 	DATA 	Keypress: o
54.9812 	EXP 	text_2: autoDraw = False
54.9812 	EXP 	image: image = 'Pictures/M1M.jpg'
54.9812 	EXP 	image: autoDraw = True
56.3634 	EXP 	image: autoDraw = False
56.3634 	EXP 	text_2: text = 'New ’n’\n\nor \n\nOld ‘o’'
56.3634 	EXP 	text_2: autoDraw = True
56.7146 	EXP 	New trial (rep=0, index=4): {'ImageAnsShow': 'Pictures/F1M.jpg', 'Correct': 'n'}
56.8596 	DATA 	Keypress: n
56.8730 	EXP 	text_2: autoDraw = False
56.8730 	EXP 	image: image = 'Pictures/F1M.jpg'
56.8730 	EXP 	image: autoDraw = True
58.2474 	EXP 	image: autoDraw = False
58.2474 	EXP 	text_2: text = 'New ’n’\n\nor \n\nOld ‘o’'
58.2474 	EXP 	text_2: autoDraw = True
58.5490 	EXP 	New trial (rep=0, index=5): {'ImageAnsShow': 'Pictures/F3M.jpg', 'Correct': 'n'}
58.6829 	DATA 	Keypress: n
58.6975 	EXP 	text_2: autoDraw = False
58.6975 	EXP 	image: image = 'Pictures/F3M.jpg'
58.6975 	EXP 	image: autoDraw = True
60.0803 	EXP 	image: autoDraw = False
60.0803 	EXP 	text_2: text = 'New ’n’\n\nor \n\nOld ‘o’'
60.0803 	EXP 	text_2: autoDraw = True
60.3995 	EXP 	New trial (rep=0, index=6): {'ImageAnsShow': 'Pictures/F2M.jpg', 'Correct': 'o'}
60.5662 	DATA 	Keypress: n
60.5800 	EXP 	text_2: autoDraw = False
60.5800 	EXP 	image: image = 'Pictures/F2M.jpg'
60.5800 	EXP 	image: autoDraw = True
61.9303 	EXP 	image: autoDraw = False
61.9303 	EXP 	text_2: text = 'New ’n’\n\nor \n\nOld ‘o’'
61.9303 	EXP 	text_2: autoDraw = True
62.2319 	EXP 	New trial (rep=0, index=7): {'ImageAnsShow': 'Pictures/M2A.jpg', 'Correct': 'n'}
62.3694 	DATA 	Keypress: o
62.3839 	EXP 	text_2: autoDraw = False
62.3839 	EXP 	image: image = 'Pictures/M2A.jpg'
62.3839 	EXP 	image: autoDraw = True
63.7636 	EXP 	image: autoDraw = False
63.7636 	EXP 	text_2: text = 'New ’n’\n\nor \n\nOld ‘o’'
63.7636 	EXP 	text_2: autoDraw = True
66.1818 	EXP 	New trial (rep=0, index=8): {'ImageAnsShow': 'Pictures/F3A.jpg', 'Correct': 'o'}
66.3476 	DATA 	Keypress: n
66.3618 	EXP 	text_2: autoDraw = False
66.3618 	EXP 	image: image = 'Pictures/F3A.jpg'
66.3618 	EXP 	image: autoDraw = True
67.7131 	EXP 	image: autoDraw = False
67.7131 	EXP 	text_2: text = 'New ’n’\n\nor \n\nOld ‘o’'
67.7131 	EXP 	text_2: autoDraw = True
68.0495 	EXP 	New trial (rep=0, index=9): {'ImageAnsShow': 'Pictures/M3M.jpg', 'Correct': 'n'}
68.2012 	DATA 	Keypress: o
68.2150 	EXP 	text_2: autoDraw = False
68.2150 	EXP 	image: image = 'Pictures/M3M.jpg'
68.2150 	EXP 	image: autoDraw = True
69.5654 	EXP 	image: autoDraw = False
69.5654 	EXP 	text_2: text = 'New ’n’\n\nor \n\nOld ‘o’'
69.5654 	EXP 	text_2: autoDraw = True
71.2155 	EXP 	New trial (rep=0, index=10): {'ImageAnsShow': 'Pictures/F2A.jpg', 'Correct': 'n'}
71.3895 	DATA 	Keypress: n
71.4043 	EXP 	text_2: autoDraw = False
71.4043 	EXP 	image: image = 'Pictures/F2A.jpg'
71.4043 	EXP 	image: autoDraw = True
72.7478 	EXP 	image: autoDraw = False
72.7478 	EXP 	text_2: text = 'New ’n’\n\nor \n\nOld ‘o’'
72.7478 	EXP 	text_2: autoDraw = True
73.3817 	EXP 	New trial (rep=0, index=11): {'ImageAnsShow': 'Pictures/M2M.jpg', 'Correct': 'o'}
73.5291 	DATA 	Keypress: n
73.5431 	EXP 	text_2: autoDraw = False
73.5431 	EXP 	image: image = 'Pictures/M2M.jpg'
73.5431 	EXP 	image: autoDraw = True
74.9141 	EXP 	image: autoDraw = False
74.9141 	EXP 	text_2: text = 'New ’n’\n\nor \n\nOld ‘o’'
74.9141 	EXP 	text_2: autoDraw = True
75.2149 	EXP 	New trial (rep=0, index=1): {'PicSet': 'ImageShowSet3.xlsx', 'AnsSet': 'ImageAnsSet3.xlsx'}
75.2191 	DATA 	Keypress: o
75.2312 	EXP 	text_2: autoDraw = False
75.2312 	EXP 	count3: text = '3'
75.2312 	EXP 	count2: text = '2'
75.2312 	EXP 	Count1: text = '1'
75.2312 	EXP 	CountGo: text = 'Go'
75.2312 	EXP 	count3: autoDraw = True
76.2135 	EXP 	count2: autoDraw = True
76.2463 	EXP 	count3: autoDraw = False
77.2126 	EXP 	count2: autoDraw = False
77.2126 	EXP 	Count1: autoDraw = True
78.2125 	EXP 	Count1: autoDraw = False
78.2125 	EXP 	CountGo: autoDraw = True
79.2128 	EXP 	Imported ImageShowSet3.xlsx as conditions, 6 conditions, 1 params
79.2134 	EXP 	Created sequence: random, trialTypes=6, nReps=1, seed=None
79.2138 	EXP 	New trial (rep=0, index=0): {'ImageSetShow': 'Pictures/F19A.jpg'}
79.3979 	EXP 	CountGo: autoDraw = False
79.3979 	EXP 	count3: autoDraw = False
79.3979 	EXP 	count2: autoDraw = False
79.3979 	EXP 	Count1: autoDraw = False
79.3979 	EXP 	CountGo: autoDraw = False
79.3979 	EXP 	image_2: image = 'Pictures/F19A.jpg'
79.3979 	EXP 	image_2: autoDraw = True
80.7161 	EXP 	New trial (rep=0, index=1): {'ImageSetShow': 'Pictures/M17A.jpg'}
80.8889 	EXP 	image_2: autoDraw = False
80.8889 	EXP 	image_2: image = 'Pictures/M17A.jpg'
80.8889 	EXP 	image_2: autoDraw = True
82.2317 	EXP 	New trial (rep=0, index=2): {'ImageSetShow': 'Pictures/F18M.jpg'}
82.4140 	EXP 	image_2: autoDraw = False
82.4140 	EXP 	image_2: image = 'Pictures/F18M.jpg'
82.4140 	EXP 	image_2: autoDraw = True
83.7178 	EXP 	New trial (rep=0, index=3): {'ImageSetShow': 'Pictures/M18M.jpg'}
83.8814 	EXP 	image_2: autoDraw = False
83.8814 	EXP 	image_2: image = 'Pictures/M18M.jpg'
83.8814 	EXP 	image_2: autoDraw = True
85.2160 	EXP 	New trial (rep=0, index=4): {'ImageSetShow': 'Pictures/F17A.jpg'}
85.4170 	EXP 	image_2: autoDraw = False
85.4170 	EXP 	image_2: image = 'Pictures/F17A.jpg'
85.4170 	EXP 	image_2: autoDraw = True
86.7175 	EXP 	New trial (rep=0, index=5): {'ImageSetShow': 'Pictures/M19A.jpg'}
86.8861 	EXP 	image_2: autoDraw = False
86.8861 	EXP 	image_2: image = 'Pictures/M19A.jpg'
86.8861 	EXP 	image_2: autoDraw = True
88.2441 	EXP 	image_2: autoDraw = False
88.2441 	EXP 	text_3: text = 'Press ’o’ when seeing the same person with the same expression\n\nPress ’n’ when seeing the same person with different expression\n\nPress ‘space’ when ready'
88.2441 	EXP 	text_3: autoDraw = True
90.1001 	EXP 	Imported ImageAnsSet3.xlsx as conditions, 12 conditions, 2 params
90.1009 	EXP 	Created sequence: random, trialTypes=12, nReps=1, seed=None
90.1017 	EXP 	New trial (rep=0, index=0): {'ImageAnsShow': 'Pictures/F17A.jpg', 'Correct': 'o'}
90.3018 	DATA 	Keypress: space
90.3171 	EXP 	text_3: autoDraw = False
90.3171 	EXP 	image: image = 'Pictures/F17A.jpg'
90.3171 	EXP 	image: autoDraw = True
91.6065 	EXP 	image: autoDraw = False
91.6065 	EXP 	text_2: text = 'New ’n’\n\nor \n\nOld ‘o’'
91.6065 	EXP 	text_2: autoDraw = True
92.2160 	EXP 	New trial (rep=0, index=1): {'ImageAnsShow': 'Pictures/M17M.jpg', 'Correct': 'n'}
92.3779 	DATA 	Keypress: o
92.3918 	EXP 	text_2: autoDraw = False
92.3918 	EXP 	image: image = 'Pictures/M17M.jpg'
92.3918 	EXP 	image: autoDraw = True
93.7477 	EXP 	image: autoDraw = False
93.7477 	EXP 	text_2: text = 'New ’n’\n\nor \n\nOld ‘o’'
93.7477 	EXP 	text_2: autoDraw = True
98.8548 	EXP 	New trial (rep=0, index=2): {'ImageAnsShow': 'Pictures/F18M.jpg', 'Correct': 'o'}
99.0209 	DATA 	Keypress: n
99.0345 	EXP 	text_2: autoDraw = False
99.0345 	EXP 	image: image = 'Pictures/F18M.jpg'
99.0345 	EXP 	image: autoDraw = True
100.3841 	EXP 	image: autoDraw = False
100.3841 	EXP 	text_2: text = 'New ’n’\n\nor \n\nOld ‘o’'
100.3841 	EXP 	text_2: autoDraw = True
100.8656 	EXP 	New trial (rep=0, index=3): {'ImageAnsShow': 'Pictures/F19A.jpg', 'Correct': 'o'}
101.0500 	DATA 	Keypress: o
101.0643 	EXP 	text_2: autoDraw = False
101.0643 	EXP 	image: image = 'Pictures/F19A.jpg'
101.0643 	EXP 	image: autoDraw = True
102.3832 	EXP 	image: autoDraw = False
102.3832 	EXP 	text_2: text = 'New ’n’\n\nor \n\nOld ‘o’'
102.3832 	EXP 	text_2: autoDraw = True
103.0988 	EXP 	New trial (rep=0, index=4): {'ImageAnsShow': 'Pictures/M18M.jpg', 'Correct': 'o'}
103.2469 	DATA 	Keypress: o
103.2619 	EXP 	text_2: autoDraw = False
103.2619 	EXP 	image: image = 'Pictures/M18M.jpg'
103.2619 	EXP 	image: autoDraw = True
104.6316 	EXP 	image: autoDraw = False
104.6316 	EXP 	text_2: text = 'New ’n’\n\nor \n\nOld ‘o’'
104.6316 	EXP 	text_2: autoDraw = True
105.5310 	EXP 	New trial (rep=0, index=5): {'ImageAnsShow': 'Pictures/F17M.jpg', 'Correct': 'n'}
105.6894 	DATA 	Keypress: o
105.7040 	EXP 	text_2: autoDraw = False
105.7040 	EXP 	image: image = 'Pictures/F17M.jpg'
105.7040 	EXP 	image: autoDraw = True
107.0484 	EXP 	image: autoDraw = False
107.0484 	EXP 	text_2: text = 'New ’n’\n\nor \n\nOld ‘o’'
107.0484 	EXP 	text_2: autoDraw = True
107.3649 	EXP 	New trial (rep=0, index=6): {'ImageAnsShow': 'Pictures/F19M.jpg', 'Correct': 'n'}
107.5146 	DATA 	Keypress: n
107.5280 	EXP 	text_2: autoDraw = False
107.5280 	EXP 	image: image = 'Pictures/F19M.jpg'
107.5280 	EXP 	image: autoDraw = True
108.8975 	EXP 	image: autoDraw = False
108.8975 	EXP 	text_2: text = 'New ’n’\n\nor \n\nOld ‘o’'
108.8975 	EXP 	text_2: autoDraw = True
109.2978 	EXP 	New trial (rep=0, index=7): {'ImageAnsShow': 'Pictures/M19M.jpg', 'Correct': 'n'}
109.4580 	DATA 	Keypress: n
109.4715 	EXP 	text_2: autoDraw = False
109.4715 	EXP 	image: image = 'Pictures/M19M.jpg'
109.4715 	EXP 	image: autoDraw = True
110.8150 	EXP 	image: autoDraw = False
110.8150 	EXP 	text_2: text = 'New ’n’\n\nor \n\nOld ‘o’'
110.8150 	EXP 	text_2: autoDraw = True
112.3183 	EXP 	New trial (rep=0, index=8): {'ImageAnsShow': 'Pictures/M17A.jpg', 'Correct': 'o'}
112.4888 	DATA 	Keypress: n
112.5036 	EXP 	text_2: autoDraw = False
112.5036 	EXP 	image: image = 'Pictures/M17A.jpg'
112.5036 	EXP 	image: autoDraw = True
113.8472 	EXP 	image: autoDraw = False
113.8472 	EXP 	text_2: text = 'New ’n’\n\nor \n\nOld ‘o’'
113.8472 	EXP 	text_2: autoDraw = True
114.2810 	EXP 	New trial (rep=0, index=9): {'ImageAnsShow': 'Pictures/M19A.jpg', 'Correct': 'o'}
114.4340 	DATA 	Keypress: o
114.4490 	EXP 	text_2: autoDraw = False
114.4490 	EXP 	image: image = 'Pictures/M19A.jpg'
114.4490 	EXP 	image: autoDraw = True
115.7995 	EXP 	image: autoDraw = False
115.7995 	EXP 	text_2: text = 'New ’n’\n\nor \n\nOld ‘o’'
115.7995 	EXP 	text_2: autoDraw = True
116.3321 	EXP 	New trial (rep=0, index=10): {'ImageAnsShow': 'Pictures/F18A.jpg', 'Correct': 'n'}
116.5283 	DATA 	Keypress: o
116.5419 	EXP 	text_2: autoDraw = False
116.5419 	EXP 	image: image = 'Pictures/F18A.jpg'
116.5419 	EXP 	image: autoDraw = True
117.8638 	EXP 	image: autoDraw = False
117.8638 	EXP 	text_2: text = 'New ’n’\n\nor \n\nOld ‘o’'
117.8638 	EXP 	text_2: autoDraw = True
118.2483 	EXP 	New trial (rep=0, index=11): {'ImageAnsShow': 'Pictures/M18A.jpg', 'Correct': 'n'}
118.4048 	DATA 	Keypress: n
118.4191 	EXP 	text_2: autoDraw = False
118.4191 	EXP 	image: image = 'Pictures/M18A.jpg'
118.4191 	EXP 	image: autoDraw = True
119.7797 	EXP 	image: autoDraw = False
119.7797 	EXP 	text_2: text = 'New ’n’\n\nor \n\nOld ‘o’'
119.7797 	EXP 	text_2: autoDraw = True
120.4145 	EXP 	New trial (rep=0, index=2): {'PicSet': 'ImageShowSet4.xlsx', 'AnsSet': 'ImageAnsSet4.xlsx'}
120.4184 	DATA 	Keypress: n
120.4301 	EXP 	text_2: autoDraw = False
120.4301 	EXP 	count3: text = '3'
120.4301 	EXP 	count2: text = '2'
120.4301 	EXP 	Count1: text = '1'
120.4301 	EXP 	CountGo: text = 'Go'
120.4301 	EXP 	count3: autoDraw = True
121.4126 	EXP 	count2: autoDraw = True
121.4453 	EXP 	count3: autoDraw = False
122.4122 	EXP 	count2: autoDraw = False
122.4122 	EXP 	Count1: autoDraw = True
123.4120 	EXP 	Count1: autoDraw = False
123.4120 	EXP 	CountGo: autoDraw = True
124.4135 	EXP 	Imported ImageShowSet4.xlsx as conditions, 6 conditions, 1 params
124.4142 	EXP 	Created sequence: random, trialTypes=6, nReps=1, seed=None
124.4145 	EXP 	New trial (rep=0, index=0): {'ImageSetShow': 'Pictures/F26M.jpg'}
124.5845 	EXP 	CountGo: autoDraw = False
124.5845 	EXP 	count3: autoDraw = False
124.5845 	EXP 	count2: autoDraw = False
124.5845 	EXP 	Count1: autoDraw = False
124.5845 	EXP 	CountGo: autoDraw = False
124.5845 	EXP 	image_2: image = 'Pictures/F26M.jpg'
124.5845 	EXP 	image_2: autoDraw = True
125.9169 	EXP 	New trial (rep=0, index=1): {'ImageSetShow': 'Pictures/M25A.jpg'}
126.0898 	EXP 	image_2: autoDraw = False
126.0898 	EXP 	image_2: image = 'Pictures/M25A.jpg'
126.0898 	EXP 	image_2: autoDraw = True
127.4178 	EXP 	New trial (rep=0, index=2): {'ImageSetShow': 'Pictures/F27A.jpg'}
127.6115 	EXP 	image_2: autoDraw = False
127.6115 	EXP 	image_2: image = 'Pictures/F27A.jpg'
127.6115 	EXP 	image_2: autoDraw = True
128.9159 	EXP 	New trial (rep=0, index=3): {'ImageSetShow': 'Pictures/M26M.jpg'}
129.0844 	EXP 	image_2: autoDraw = False
129.0844 	EXP 	image_2: image = 'Pictures/M26M.jpg'
129.0844 	EXP 	image_2: autoDraw = True
130.4175 	EXP 	New trial (rep=0, index=4): {'ImageSetShow': 'Pictures/F25A.jpg'}
130.6140 	EXP 	image_2: autoDraw = False
130.6140 	EXP 	image_2: image = 'Pictures/F25A.jpg'
130.6140 	EXP 	image_2: autoDraw = True
131.9157 	EXP 	New trial (rep=0, index=5): {'ImageSetShow': 'Pictures/M27A.jpg'}
132.0991 	EXP 	image_2: autoDraw = False
132.0991 	EXP 	image_2: image = 'Pictures/M27A.jpg'
132.0991 	EXP 	image_2: autoDraw = True
133.4358 	EXP 	image_2: autoDraw = False
133.4358 	EXP 	text_3: text = 'Press ’o’ when seeing the same person with the same expression\n\nPress ’n’ when seeing the same person with different expression\n\nPress ‘space’ when ready'
133.4358 	EXP 	text_3: autoDraw = True
134.3277 	EXP 	Imported ImageAnsSet4.xlsx as conditions, 12 conditions, 2 params
134.3285 	EXP 	Created sequence: random, trialTypes=12, nReps=1, seed=None
134.3289 	EXP 	New trial (rep=0, index=0): {'ImageAnsShow': 'Pictures/F25M.jpg', 'Correct': 'n'}
134.4894 	DATA 	Keypress: space
134.5055 	EXP 	text_3: autoDraw = False
134.5055 	EXP 	image: image = 'Pictures/F25M.jpg'
134.5055 	EXP 	image: autoDraw = True
135.8337 	EXP 	image: autoDraw = False
135.8337 	EXP 	text_2: text = 'New ’n’\n\nor \n\nOld ‘o’'
135.8337 	EXP 	text_2: autoDraw = True
136.3492 	EXP 	New trial (rep=0, index=1): {'ImageAnsShow': 'Pictures/F25A.jpg', 'Correct': 'o'}
136.5268 	DATA 	Keypress: n
136.5404 	EXP 	text_2: autoDraw = False
136.5404 	EXP 	image: image = 'Pictures/F25A.jpg'
136.5404 	EXP 	image: autoDraw = True
137.8650 	EXP 	image: autoDraw = False
137.8650 	EXP 	text_2: text = 'New ’n’\n\nor \n\nOld ‘o’'
137.8650 	EXP 	text_2: autoDraw = True
138.1484 	EXP 	New trial (rep=0, index=2): {'ImageAnsShow': 'Pictures/F27A.jpg', 'Correct': 'o'}
138.3395 	DATA 	Keypress: o
138.3555 	EXP 	text_2: autoDraw = False
138.3555 	EXP 	image: image = 'Pictures/F27A.jpg'
138.3555 	EXP 	image: autoDraw = True
139.6645 	EXP 	image: autoDraw = False
139.6645 	EXP 	text_2: text = 'New ’n’\n\nor \n\nOld ‘o’'
139.6645 	EXP 	text_2: autoDraw = True
140.0141 	EXP 	New trial (rep=0, index=3): {'ImageAnsShow': 'Pictures/M26A.jpg', 'Correct': 'n'}
140.1647 	DATA 	Keypress: o
140.1787 	EXP 	text_2: autoDraw = False
140.1787 	EXP 	image: image = 'Pictures/M26A.jpg'
140.1787 	EXP 	image: autoDraw = True
141.5309 	EXP 	image: autoDraw = False
141.5309 	EXP 	text_2: text = 'New ’n’\n\nor \n\nOld ‘o’'
141.5309 	EXP 	text_2: autoDraw = True
142.3304 	EXP 	New trial (rep=0, index=4): {'ImageAnsShow': 'Pictures/M26M.jpg', 'Correct': 'o'}
142.4875 	DATA 	Keypress: n
142.5025 	EXP 	text_2: autoDraw = False
142.5025 	EXP 	image: image = 'Pictures/M26M.jpg'
142.5025 	EXP 	image: autoDraw = True
143.8470 	EXP 	image: autoDraw = False
143.8470 	EXP 	text_2: text = 'New ’n’\n\nor \n\nOld ‘o’'
143.8470 	EXP 	text_2: autoDraw = True
165.2637 	EXP 	New trial (rep=0, index=5): {'ImageAnsShow': 'Pictures/F26A.jpg', 'Correct': 'n'}
165.4585 	DATA 	Keypress: o
165.4721 	EXP 	text_2: autoDraw = False
165.4721 	EXP 	image: image = 'Pictures/F26A.jpg'
165.4721 	EXP 	image: autoDraw = True
166.7812 	EXP 	image: autoDraw = False
166.7812 	EXP 	text_2: text = 'New ’n’\n\nor \n\nOld ‘o’'
166.7812 	EXP 	text_2: autoDraw = True
168.9133 	EXP 	New trial (rep=0, index=6): {'ImageAnsShow': 'Pictures/M27A.jpg', 'Correct': 'o'}
169.0611 	DATA 	Keypress: n
169.0747 	EXP 	text_2: autoDraw = False
169.0747 	EXP 	image: image = 'Pictures/M27A.jpg'
169.0747 	EXP 	image: autoDraw = True
170.3846 	DATA 	Keypress: o
170.4304 	EXP 	image: autoDraw = False
170.4304 	EXP 	text_2: text = 'New ’n’\n\nor \n\nOld ‘o’'
170.4304 	EXP 	text_2: autoDraw = True
176.2798 	EXP 	New trial (rep=0, index=7): {'ImageAnsShow': 'Pictures/M25A.jpg', 'Correct': 'o'}
176.4298 	DATA 	Keypress: o
176.4437 	EXP 	text_2: autoDraw = False
176.4437 	EXP 	image: image = 'Pictures/M25A.jpg'
176.4437 	EXP 	image: autoDraw = True
177.7963 	EXP 	image: autoDraw = False
177.7963 	EXP 	text_2: text = 'New ’n’\n\nor \n\nOld ‘o’'
177.7963 	EXP 	text_2: autoDraw = True
178.1296 	EXP 	New trial (rep=0, index=8): {'ImageAnsShow': 'Pictures/M27M.jpg', 'Correct': 'n'}
178.2755 	DATA 	Keypress: o
178.2892 	EXP 	text_2: autoDraw = False
178.2892 	EXP 	image: image = 'Pictures/M27M.jpg'
178.2892 	EXP 	image: autoDraw = True
179.6460 	EXP 	image: autoDraw = False
179.6460 	EXP 	text_2: text = 'New ’n’\n\nor \n\nOld ‘o’'
179.6460 	EXP 	text_2: autoDraw = True
180.1803 	EXP 	New trial (rep=0, index=9): {'ImageAnsShow': 'Pictures/F27M.jpg', 'Correct': 'n'}
180.3242 	DATA 	Keypress: n
180.3381 	EXP 	text_2: autoDraw = False
180.3381 	EXP 	image: image = 'Pictures/F27M.jpg'
180.3381 	EXP 	image: autoDraw = True
181.7127 	EXP 	image: autoDraw = False
181.7127 	EXP 	text_2: text = 'New ’n’\n\nor \n\nOld ‘o’'
181.7127 	EXP 	text_2: autoDraw = True
182.0471 	EXP 	New trial (rep=0, index=10): {'ImageAnsShow': 'Pictures/F26M.jpg', 'Correct': 'o'}
182.2003 	DATA 	Keypress: n
182.2135 	EXP 	text_2: autoDraw = False
182.2135 	EXP 	image: image = 'Pictures/F26M.jpg'
182.2135 	EXP 	image: autoDraw = True
183.5790 	EXP 	image: autoDraw = False
183.5790 	EXP 	text_2: text = 'New ’n’\n\nor \n\nOld ‘o’'
183.5790 	EXP 	text_2: autoDraw = True
183.8475 	EXP 	New trial (rep=0, index=11): {'ImageAnsShow': 'Pictures/M25M.jpg', 'Correct': 'n'}
184.0347 	DATA 	Keypress: o
184.0500 	EXP 	text_2: autoDraw = False
184.0500 	EXP 	image: image = 'Pictures/M25M.jpg'
184.0500 	EXP 	image: autoDraw = True
185.3792 	EXP 	image: autoDraw = False
185.3792 	EXP 	text_2: text = 'New ’n’\n\nor \n\nOld ‘o’'
185.3792 	EXP 	text_2: autoDraw = True
186.2797 	EXP 	New trial (rep=0, index=3): {'PicSet': 'ImageShowSet2.xlsx', 'AnsSet': 'ImageAnsSet2.xlsx'}
186.2835 	DATA 	Keypress: n
186.2961 	EXP 	text_2: autoDraw = False
186.2961 	EXP 	count3: text = '3'
186.2961 	EXP 	count2: text = '2'
186.2961 	EXP 	Count1: text = '1'
186.2961 	EXP 	CountGo: text = 'Go'
186.2961 	EXP 	count3: autoDraw = True
187.2789 	EXP 	count2: autoDraw = True
187.2946 	EXP 	count3: autoDraw = False
188.2785 	EXP 	Count1: autoDraw = True
188.2947 	EXP 	count2: autoDraw = False
189.2779 	EXP 	Count1: autoDraw = False
189.2779 	EXP 	CountGo: autoDraw = True
190.2780 	EXP 	Imported ImageShowSet2.xlsx as conditions, 6 conditions, 1 params
190.2787 	EXP 	Created sequence: random, trialTypes=6, nReps=1, seed=None
190.2791 	EXP 	New trial (rep=0, index=0): {'ImageSetShow': 'Pictures/F9A.jpg'}
190.4520 	EXP 	CountGo: autoDraw = False
190.4520 	EXP 	count3: autoDraw = False
190.4520 	EXP 	count2: autoDraw = False
190.4520 	EXP 	Count1: autoDraw = False
190.4520 	EXP 	CountGo: autoDraw = False
190.4520 	EXP 	image_2: image = 'Pictures/F9A.jpg'
190.4520 	EXP 	image_2: autoDraw = True
191.7815 	EXP 	New trial (rep=0, index=1): {'ImageSetShow': 'Pictures/M9A.jpg'}
191.9344 	EXP 	image_2: autoDraw = False
191.9344 	EXP 	image_2: image = 'Pictures/M9A.jpg'
191.9344 	EXP 	image_2: autoDraw = True
193.2807 	EXP 	New trial (rep=0, index=2): {'ImageSetShow': 'Pictures/M11A.jpg'}
193.4479 	EXP 	image_2: autoDraw = False
193.4479 	EXP 	image_2: image = 'Pictures/M11A.jpg'
193.4479 	EXP 	image_2: autoDraw = True
194.7810 	EXP 	New trial (rep=0, index=3): {'ImageSetShow': 'Pictures/F10M.jpg'}
194.9337 	EXP 	image_2: autoDraw = False
194.9337 	EXP 	image_2: image = 'Pictures/F10M.jpg'
194.9337 	EXP 	image_2: autoDraw = True
196.2973 	EXP 	New trial (rep=0, index=4): {'ImageSetShow': 'Pictures/M10M.jpg'}
196.4485 	EXP 	image_2: autoDraw = False
196.4485 	EXP 	image_2: image = 'Pictures/M10M.jpg'
196.4485 	EXP 	image_2: autoDraw = True
197.7806 	EXP 	New trial (rep=0, index=5): {'ImageSetShow': 'Pictures/F11A.jpg'}
197.9566 	EXP 	image_2: autoDraw = False
197.9566 	EXP 	image_2: image = 'Pictures/F11A.jpg'
197.9566 	EXP 	image_2: autoDraw = True
199.3136 	EXP 	image_2: autoDraw = False
199.3136 	EXP 	text_3: text = 'Press ’o’ when seeing the same person with the same expression\n\nPress ’n’ when seeing the same person with different expression\n\nPress ‘space’ when ready'
199.3136 	EXP 	text_3: autoDraw = True
200.7138 	EXP 	Imported ImageAnsSet2.xlsx as conditions, 12 conditions, 2 params
200.7148 	EXP 	Created sequence: random, trialTypes=12, nReps=1, seed=None
200.7154 	EXP 	New trial (rep=0, index=0): {'ImageAnsShow': 'Pictures/F11M.jpg', 'Correct': 'n'}
200.9141 	DATA 	Keypress: space
200.9296 	EXP 	text_3: autoDraw = False
200.9296 	EXP 	image: image = 'Pictures/F11M.jpg'
200.9296 	EXP 	image: autoDraw = True
202.2144 	EXP 	image: autoDraw = False
202.2144 	EXP 	text_2: text = 'New ’n’\n\nor \n\nOld ‘o’'
202.2144 	EXP 	text_2: autoDraw = True
202.4302 	EXP 	New trial (rep=0, index=1): {'ImageAnsShow': 'Pictures/M11M.jpg', 'Correct': 'n'}
202.6031 	DATA 	Keypress: n
202.6170 	EXP 	text_2: autoDraw = False
202.6170 	EXP 	image: image = 'Pictures/M11M.jpg'
202.6170 	EXP 	image: autoDraw = True
203.9504 	EXP 	image: autoDraw = False
203.9504 	EXP 	text_2: text = 'New ’n’\n\nor \n\nOld ‘o’'
203.9504 	EXP 	text_2: autoDraw = True
204.2138 	EXP 	New trial (rep=0, index=2): {'ImageAnsShow': 'Pictures/F11A.jpg', 'Correct': 'o'}
204.3747 	DATA 	Keypress: n
204.3991 	EXP 	text_2: autoDraw = False
204.3991 	EXP 	image: image = 'Pictures/F11A.jpg'
204.3991 	EXP 	image: autoDraw = True
205.7472 	EXP 	image: autoDraw = False
205.7472 	EXP 	text_2: text = 'New ’n’\n\nor \n\nOld ‘o’'
205.7472 	EXP 	text_2: autoDraw = True
206.2132 	EXP 	New trial (rep=0, index=3): {'ImageAnsShow': 'Pictures/M9M.jpg', 'Correct': 'n'}
206.3574 	DATA 	Keypress: o
206.3709 	EXP 	text_2: autoDraw = False
206.3709 	EXP 	image: image = 'Pictures/M9M.jpg'
206.3709 	EXP 	image: autoDraw = True
207.7291 	EXP 	image: autoDraw = False
207.7291 	EXP 	text_2: text = 'New ’n’\n\nor \n\nOld ‘o’'
207.7291 	EXP 	text_2: autoDraw = True
208.8130 	EXP 	New trial (rep=0, index=4): {'ImageAnsShow': 'Pictures/F9A.jpg', 'Correct': 'o'}
208.9627 	DATA 	Keypress: n
208.9765 	EXP 	text_2: autoDraw = False
208.9765 	EXP 	image: image = 'Pictures/F9A.jpg'
208.9765 	EXP 	image: autoDraw = True
210.3458 	EXP 	image: autoDraw = False
210.3458 	EXP 	text_2: text = 'New ’n’\n\nor \n\nOld ‘o’'
210.3458 	EXP 	text_2: autoDraw = True
210.8466 	EXP 	New trial (rep=0, index=5): {'ImageAnsShow': 'Pictures/M11A.jpg', 'Correct': 'o'}
210.9940 	DATA 	Keypress: o
211.0076 	EXP 	text_2: autoDraw = False
211.0076 	EXP 	image: image = 'Pictures/M11A.jpg'
211.0076 	EXP 	image: autoDraw = True
212.3788 	EXP 	image: autoDraw = False
212.3788 	EXP 	text_2: text = 'New ’n’\n\nor \n\nOld ‘o’'
212.3788 	EXP 	text_2: autoDraw = True
212.7635 	EXP 	New trial (rep=0, index=6): {'ImageAnsShow': 'Pictures/F9M.jpg', 'Correct': 'n'}
212.8973 	DATA 	Keypress: o
212.9105 	EXP 	text_2: autoDraw = False
212.9105 	EXP 	image: image = 'Pictures/F9M.jpg'
212.9105 	EXP 	image: autoDraw = True
214.2946 	EXP 	image: autoDraw = False
214.2946 	EXP 	text_2: text = 'New ’n’\n\nor \n\nOld ‘o’'
214.2946 	EXP 	text_2: autoDraw = True
214.6131 	EXP 	New trial (rep=0, index=7): {'ImageAnsShow': 'Pictures/M10M.jpg', 'Correct': 'o'}
214.8041 	DATA 	Keypress: n
214.8179 	EXP 	text_2: autoDraw = False
214.8179 	EXP 	image: image = 'Pictures/M10M.jpg'
214.8179 	EXP 	image: autoDraw = True
216.1327 	EXP 	image: autoDraw = False
216.1327 	EXP 	text_2: text = 'New ’n’\n\nor \n\nOld ‘o’'
216.1327 	EXP 	text_2: autoDraw = True
216.4480 	EXP 	New trial (rep=0, index=8): {'ImageAnsShow': 'Pictures/M10A.jpg', 'Correct': 'n'}
216.6003 	DATA 	Keypress: o
216.6140 	EXP 	text_2: autoDraw = False
216.6140 	EXP 	image: image = 'Pictures/M10A.jpg'
216.6140 	EXP 	image: autoDraw = True
217.9791 	EXP 	image: autoDraw = False
217.9791 	EXP 	text_2: text = 'New ’n’\n\nor \n\nOld ‘o’'
217.9791 	EXP 	text_2: autoDraw = True
218.3128 	EXP 	New trial (rep=0, index=9): {'ImageAnsShow': 'Pictures/F10A.jpg', 'Correct': 'n'}
218.4656 	DATA 	Keypress: n
218.4791 	EXP 	text_2: autoDraw = False
218.4791 	EXP 	image: image = 'Pictures/F10A.jpg'
218.4791 	EXP 	image: autoDraw = True
219.8293 	EXP 	image: autoDraw = False
219.8293 	EXP 	text_2: text = 'New ’n’\n\nor \n\nOld ‘o’'
219.8293 	EXP 	text_2: autoDraw = True
220.1792 	EXP 	New trial (rep=0, index=10): {'ImageAnsShow': 'Pictures/F10M.jpg', 'Correct': 'o'}
220.3100 	DATA 	Keypress: n
220.3238 	EXP 	text_2: autoDraw = False
220.3238 	EXP 	image: image = 'Pictures/F10M.jpg'
220.3238 	EXP 	image: autoDraw = True
221.6958 	EXP 	image: autoDraw = False
221.6958 	EXP 	text_2: text = 'New ’n’\n\nor \n\nOld ‘o’'
221.6958 	EXP 	text_2: autoDraw = True
221.9793 	EXP 	New trial (rep=0, index=11): {'ImageAnsShow': 'Pictures/M9A.jpg', 'Correct': 'o'}
222.1198 	DATA 	Keypress: o
222.1331 	EXP 	text_2: autoDraw = False
222.1331 	EXP 	image: image = 'Pictures/M9A.jpg'
222.1331 	EXP 	image: autoDraw = True
223.5090 	EXP 	image: autoDraw = False
223.5090 	EXP 	text_2: text = 'New ’n’\n\nor \n\nOld ‘o’'
223.5090 	EXP 	text_2: autoDraw = True
223.8634 	EXP 	New trial (rep=0, index=4): {'PicSet': 'ImageShowSet6.xlsx', 'AnsSet': 'ImageAnsSet6.xlsx'}
223.8672 	DATA 	Keypress: o
223.8794 	EXP 	text_2: autoDraw = False
223.8794 	EXP 	count3: text = '3'
223.8794 	EXP 	count2: text = '2'
223.8794 	EXP 	Count1: text = '1'
223.8794 	EXP 	CountGo: text = 'Go'
223.8794 	EXP 	count3: autoDraw = True
224.8609 	EXP 	count2: autoDraw = True
224.9091 	EXP 	count3: autoDraw = False
225.8608 	EXP 	count2: autoDraw = False
225.8608 	EXP 	Count1: autoDraw = True
226.8607 	EXP 	Count1: autoDraw = False
226.8607 	EXP 	CountGo: autoDraw = True
227.8620 	EXP 	Imported ImageShowSet6.xlsx as conditions, 6 conditions, 1 params
227.8627 	EXP 	Created sequence: random, trialTypes=6, nReps=1, seed=None
227.8631 	EXP 	New trial (rep=0, index=0): {'ImageSetShow': 'Pictures/F23A.jpg'}
228.0437 	EXP 	CountGo: autoDraw = False
228.0437 	EXP 	count3: autoDraw = False
228.0437 	EXP 	count2: autoDraw = False
228.0437 	EXP 	Count1: autoDraw = False
228.0437 	EXP 	CountGo: autoDraw = False
228.0437 	EXP 	image_2: image = 'Pictures/F23A.jpg'
228.0437 	EXP 	image_2: autoDraw = True
229.3804 	EXP 	New trial (rep=0, index=1): {'ImageSetShow': 'Pictures/M23A.jpg'}
229.5426 	EXP 	image_2: autoDraw = False
229.5426 	EXP 	image_2: image = 'Pictures/M23A.jpg'
229.5426 	EXP 	image_2: autoDraw = True
230.8658 	EXP 	New trial (rep=0, index=2): {'ImageSetShow': 'Pictures/M22M.jpg'}
231.0307 	EXP 	image_2: autoDraw = False
231.0307 	EXP 	image_2: image = 'Pictures/M22M.jpg'
231.0307 	EXP 	image_2: autoDraw = True
232.3659 	EXP 	New trial (rep=0, index=3): {'ImageSetShow': 'Pictures/F22M.jpg'}
232.5227 	EXP 	image_2: autoDraw = False
232.5227 	EXP 	image_2: image = 'Pictures/F22M.jpg'
232.5227 	EXP 	image_2: autoDraw = True
233.8643 	EXP 	New trial (rep=0, index=4): {'ImageSetShow': 'Pictures/F24M.jpg'}
234.0153 	EXP 	image_2: autoDraw = False
234.0153 	EXP 	image_2: image = 'Pictures/F24M.jpg'
234.0153 	EXP 	image_2: autoDraw = True
235.3737 	EXP 	New trial (rep=0, index=5): {'ImageSetShow': 'Pictures/M24M.jpg'}
235.5455 	EXP 	image_2: autoDraw = False
235.5455 	EXP 	image_2: image = 'Pictures/M24M.jpg'
235.5455 	EXP 	image_2: autoDraw = True
236.8808 	EXP 	image_2: autoDraw = False
236.8808 	EXP 	text_3: text = 'Press ’o’ when seeing the same person with the same expression\n\nPress ’n’ when seeing the same person with different expression\n\nPress ‘space’ when ready'
236.8808 	EXP 	text_3: autoDraw = True
238.1272 	EXP 	Imported ImageAnsSet6.xlsx as conditions, 12 conditions, 2 params
238.1280 	EXP 	Created sequence: random, trialTypes=12, nReps=1, seed=None
238.1284 	EXP 	New trial (rep=0, index=0): {'ImageAnsShow': 'Pictures/M22M.jpg', 'Correct': 'o'}
238.2793 	DATA 	Keypress: space
238.2937 	EXP 	text_3: autoDraw = False
238.2937 	EXP 	image: image = 'Pictures/M22M.jpg'
238.2937 	EXP 	image: autoDraw = True
239.6472 	EXP 	image: autoDraw = False
239.6472 	EXP 	text_2: text = 'New ’n’\n\nor \n\nOld ‘o’'
239.6472 	EXP 	text_2: autoDraw = True
240.6305 	EXP 	New trial (rep=0, index=1): {'ImageAnsShow': 'Pictures/M23M.jpg', 'Correct': 'n'}
240.7655 	DATA 	Keypress: o
240.7792 	EXP 	text_2: autoDraw = False
240.7792 	EXP 	image: image = 'Pictures/M23M.jpg'
240.7792 	EXP 	image: autoDraw = True
242.1620 	EXP 	image: autoDraw = False
242.1620 	EXP 	text_2: text = 'New ’n’\n\nor \n\nOld ‘o’'
242.1620 	EXP 	text_2: autoDraw = True
242.4462 	EXP 	New trial (rep=0, index=2): {'ImageAnsShow': 'Pictures/F22A.jpg', 'Correct': 'n'}
242.6081 	DATA 	Keypress: n
242.6215 	EXP 	text_2: autoDraw = False
242.6215 	EXP 	image: image = 'Pictures/F22A.jpg'
242.6215 	EXP 	image: autoDraw = True
243.9782 	EXP 	image: autoDraw = False
243.9782 	EXP 	text_2: text = 'New ’n’\n\nor \n\nOld ‘o’'
243.9782 	EXP 	text_2: autoDraw = True
244.2957 	EXP 	New trial (rep=0, index=3): {'ImageAnsShow': 'Pictures/F23A.jpg', 'Correct': 'o'}
244.4617 	DATA 	Keypress: n
244.4759 	EXP 	text_2: autoDraw = False
244.4759 	EXP 	image: image = 'Pictures/F23A.jpg'
244.4759 	EXP 	image: autoDraw = True
245.8159 	EXP 	image: autoDraw = False
245.8159 	EXP 	text_2: text = 'New ’n’\n\nor \n\nOld ‘o’'
245.8159 	EXP 	text_2: autoDraw = True
246.6463 	EXP 	New trial (rep=0, index=4): {'ImageAnsShow': 'Pictures/M24M.jpg', 'Correct': 'o'}
246.7874 	DATA 	Keypress: o
246.8009 	EXP 	text_2: autoDraw = False
246.8009 	EXP 	image: image = 'Pictures/M24M.jpg'
246.8009 	EXP 	image: autoDraw = True
248.1789 	EXP 	image: autoDraw = False
248.1789 	EXP 	text_2: text = 'New ’n’\n\nor \n\nOld ‘o’'
248.1789 	EXP 	text_2: autoDraw = True
250.2290 	EXP 	New trial (rep=0, index=5): {'ImageAnsShow': 'Pictures/M23A.jpg', 'Correct': 'o'}
250.3751 	DATA 	Keypress: o
250.3888 	EXP 	text_2: autoDraw = False
250.3888 	EXP 	image: image = 'Pictures/M23A.jpg'
250.3888 	EXP 	image: autoDraw = True
251.7615 	EXP 	image: autoDraw = False
251.7615 	EXP 	text_2: text = 'New ’n’\n\nor \n\nOld ‘o’'
251.7615 	EXP 	text_2: autoDraw = True
252.7128 	EXP 	New trial (rep=0, index=6): {'ImageAnsShow': 'Pictures/F24M.jpg', 'Correct': 'o'}
252.8626 	DATA 	Keypress: o
252.8763 	EXP 	text_2: autoDraw = False
252.8763 	EXP 	image: image = 'Pictures/F24M.jpg'
252.8763 	EXP 	image: autoDraw = True
254.2450 	EXP 	image: autoDraw = False
254.2450 	EXP 	text_2: text = 'New ’n’\n\nor \n\nOld ‘o’'
254.2450 	EXP 	text_2: autoDraw = True
254.5795 	EXP 	New trial (rep=0, index=7): {'ImageAnsShow': 'Pictures/F23M.jpg', 'Correct': 'n'}
254.7180 	DATA 	Keypress: o
254.7316 	EXP 	text_2: autoDraw = False
254.7316 	EXP 	image: image = 'Pictures/F23M.jpg'
254.7316 	EXP 	image: autoDraw = True
256.0979 	EXP 	image: autoDraw = False
256.0979 	EXP 	text_2: text = 'New ’n’\n\nor \n\nOld ‘o’'
256.0979 	EXP 	text_2: autoDraw = True
256.4797 	EXP 	New trial (rep=0, index=8): {'ImageAnsShow': 'Pictures/F22M.jpg', 'Correct': 'o'}
256.6307 	DATA 	Keypress: n
256.6449 	EXP 	text_2: autoDraw = False
256.6449 	EXP 	image: image = 'Pictures/F22M.jpg'
256.6449 	EXP 	image: autoDraw = True
257.9972 	EXP 	image: autoDraw = False
257.9972 	EXP 	text_2: text = 'New ’n’\n\nor \n\nOld ‘o’'
257.9972 	EXP 	text_2: autoDraw = True
259.5292 	EXP 	New trial (rep=0, index=9): {'ImageAnsShow': 'Pictures/F24A.jpg', 'Correct': 'n'}
259.7193 	DATA 	Keypress: o
259.7325 	EXP 	text_2: autoDraw = False
259.7325 	EXP 	image: image = 'Pictures/F24A.jpg'
259.7325 	EXP 	image: autoDraw = True
261.0461 	EXP 	image: autoDraw = False
261.0461 	EXP 	text_2: text = 'New ’n’\n\nor \n\nOld ‘o’'
261.0461 	EXP 	text_2: autoDraw = True
261.3958 	EXP 	New trial (rep=0, index=10): {'ImageAnsShow': 'Pictures/M24A.jpg', 'Correct': 'n'}
261.5359 	DATA 	Keypress: n
261.5498 	EXP 	text_2: autoDraw = False
261.5498 	EXP 	image: image = 'Pictures/M24A.jpg'
261.5498 	EXP 	image: autoDraw = True
262.9281 	EXP 	image: autoDraw = False
262.9281 	EXP 	text_2: text = 'New ’n’\n\nor \n\nOld ‘o’'
262.9281 	EXP 	text_2: autoDraw = True
263.2620 	EXP 	New trial (rep=0, index=11): {'ImageAnsShow': 'Pictures/M22A.jpg', 'Correct': 'n'}
263.4176 	DATA 	Keypress: n
263.4313 	EXP 	text_2: autoDraw = False
263.4313 	EXP 	image: image = 'Pictures/M22A.jpg'
263.4313 	EXP 	image: autoDraw = True
264.7775 	EXP 	image: autoDraw = False
264.7775 	EXP 	text_2: text = 'New ’n’\n\nor \n\nOld ‘o’'
264.7775 	EXP 	text_2: autoDraw = True
266.1306 	EXP 	New trial (rep=0, index=5): {'PicSet': 'ImageShowSet5.xlsx', 'AnsSet': 'ImageAnsSet5.xlsx'}
266.1374 	DATA 	Keypress: n
266.1493 	EXP 	text_2: autoDraw = False
266.1493 	EXP 	count3: text = '3'
266.1493 	EXP 	count2: text = '2'
266.1493 	EXP 	Count1: text = '1'
266.1493 	EXP 	CountGo: text = 'Go'
266.1493 	EXP 	count3: autoDraw = True
267.1273 	EXP 	count2: autoDraw = True
267.1604 	EXP 	count3: autoDraw = False
268.1268 	EXP 	count2: autoDraw = False
268.1268 	EXP 	Count1: autoDraw = True
269.1269 	EXP 	Count1: autoDraw = False
269.1269 	EXP 	CountGo: autoDraw = True
270.1272 	EXP 	Imported ImageShowSet5.xlsx as conditions, 6 conditions, 1 params
270.1278 	EXP 	Created sequence: random, trialTypes=6, nReps=1, seed=None
270.1282 	EXP 	New trial (rep=0, index=0): {'ImageSetShow': 'Pictures/F6M.jpg'}
270.2973 	EXP 	CountGo: autoDraw = False
270.2973 	EXP 	count3: autoDraw = False
270.2973 	EXP 	count2: autoDraw = False
270.2973 	EXP 	Count1: autoDraw = False
270.2973 	EXP 	CountGo: autoDraw = False
270.2973 	EXP 	image_2: image = 'Pictures/F6M.jpg'
270.2973 	EXP 	image_2: autoDraw = True
271.6466 	EXP 	New trial (rep=0, index=1): {'ImageSetShow': 'Pictures/F8M.jpg'}
271.8148 	EXP 	image_2: autoDraw = False
271.8148 	EXP 	image_2: image = 'Pictures/F8M.jpg'
271.8148 	EXP 	image_2: autoDraw = True
273.1464 	EXP 	New trial (rep=0, index=2): {'ImageSetShow': 'Pictures/M6M.jpg'}
273.3150 	EXP 	image_2: autoDraw = False
273.3150 	EXP 	image_2: image = 'Pictures/M6M.jpg'
273.3150 	EXP 	image_2: autoDraw = True
274.6467 	EXP 	New trial (rep=0, index=3): {'ImageSetShow': 'Pictures/F7A.jpg'}
274.8311 	EXP 	image_2: autoDraw = False
274.8311 	EXP 	image_2: image = 'Pictures/F7A.jpg'
274.8311 	EXP 	image_2: autoDraw = True
276.1462 	EXP 	New trial (rep=0, index=4): {'ImageSetShow': 'Pictures/M7A.jpg'}
276.3014 	EXP 	image_2: autoDraw = False
276.3014 	EXP 	image_2: image = 'Pictures/M7A.jpg'
276.3014 	EXP 	image_2: autoDraw = True
277.6363 	EXP 	New trial (rep=0, index=5): {'ImageSetShow': 'Pictures/M8M.jpg'}
277.8041 	EXP 	image_2: autoDraw = False
277.8041 	EXP 	image_2: image = 'Pictures/M8M.jpg'
277.8041 	EXP 	image_2: autoDraw = True
279.1634 	EXP 	image_2: autoDraw = False
279.1634 	EXP 	text_3: text = 'Press ’o’ when seeing the same person with the same expression\n\nPress ’n’ when seeing the same person with different expression\n\nPress ‘space’ when ready'
279.1634 	EXP 	text_3: autoDraw = True
281.0444 	EXP 	Imported ImageAnsSet5.xlsx as conditions, 12 conditions, 2 params
281.0451 	EXP 	Created sequence: random, trialTypes=12, nReps=1, seed=None
281.0456 	EXP 	New trial (rep=0, index=0): {'ImageAnsShow': 'Pictures/F8M.jpg', 'Correct': 'o'}
281.2062 	DATA 	Keypress: space
281.2195 	EXP 	text_3: autoDraw = False
281.2195 	EXP 	image: image = 'Pictures/F8M.jpg'
281.2195 	EXP 	image: autoDraw = True
282.5472 	EXP 	image: autoDraw = False
282.5472 	EXP 	text_2: text = 'New ’n’\n\nor \n\nOld ‘o’'
282.5472 	EXP 	text_2: autoDraw = True
283.0963 	EXP 	New trial (rep=0, index=1): {'ImageAnsShow': 'Pictures/M7A.jpg', 'Correct': 'o'}
283.2362 	DATA 	Keypress: o
283.2496 	EXP 	text_2: autoDraw = False
283.2496 	EXP 	image: image = 'Pictures/M7A.jpg'
283.2496 	EXP 	image: autoDraw = True
284.6282 	EXP 	image: autoDraw = False
284.6282 	EXP 	text_2: text = 'New ’n’\n\nor \n\nOld ‘o’'
284.6282 	EXP 	text_2: autoDraw = True
287.5616 	EXP 	New trial (rep=0, index=2): {'ImageAnsShow': 'Pictures/M6M.jpg', 'Correct': 'o'}
287.7052 	DATA 	Keypress: o
287.7190 	EXP 	text_2: autoDraw = False
287.7190 	EXP 	image: image = 'Pictures/M6M.jpg'
287.7190 	EXP 	image: autoDraw = True
289.0781 	EXP 	image: autoDraw = False
289.0781 	EXP 	text_2: text = 'New ’n’\n\nor \n\nOld ‘o’'
289.0781 	EXP 	text_2: autoDraw = True
289.4117 	EXP 	New trial (rep=0, index=3): {'ImageAnsShow': 'Pictures/F6A.jpg', 'Correct': 'n'}
289.5672 	DATA 	Keypress: o
289.5809 	EXP 	text_2: autoDraw = False
289.5809 	EXP 	image: image = 'Pictures/F6A.jpg'
289.5809 	EXP 	image: autoDraw = True
290.9296 	EXP 	image: autoDraw = False
290.9296 	EXP 	text_2: text = 'New ’n’\n\nor \n\nOld ‘o’'
290.9296 	EXP 	text_2: autoDraw = True
292.2120 	EXP 	New trial (rep=0, index=4): {'ImageAnsShow': 'Pictures/F8A.jpg', 'Correct': 'n'}
292.3907 	DATA 	Keypress: o
292.4056 	EXP 	text_2: autoDraw = False
292.4056 	EXP 	image: image = 'Pictures/F8A.jpg'
292.4056 	EXP 	image: autoDraw = True
293.7291 	EXP 	image: autoDraw = False
293.7291 	EXP 	text_2: text = 'New ’n’\n\nor \n\nOld ‘o’'
293.7291 	EXP 	text_2: autoDraw = True
293.8125 	EXP 	New trial (rep=0, index=5): {'ImageAnsShow': 'Pictures/M8M.jpg', 'Correct': 'o'}
293.9467 	DATA 	Keypress: o
293.9610 	EXP 	text_2: autoDraw = False
293.9610 	EXP 	image: image = 'Pictures/M8M.jpg'
293.9610 	EXP 	image: autoDraw = True
295.3449 	EXP 	image: autoDraw = False
295.3449 	EXP 	text_2: text = 'New ’n’\n\nor \n\nOld ‘o’'
295.3449 	EXP 	text_2: autoDraw = True
295.6454 	EXP 	New trial (rep=0, index=6): {'ImageAnsShow': 'Pictures/F7A.jpg', 'Correct': 'o'}
295.8151 	DATA 	Keypress: o
295.8286 	EXP 	text_2: autoDraw = False
295.8286 	EXP 	image: image = 'Pictures/F7A.jpg'
295.8286 	EXP 	image: autoDraw = True
297.1769 	EXP 	image: autoDraw = False
297.1769 	EXP 	text_2: text = 'New ’n’\n\nor \n\nOld ‘o’'
297.1769 	EXP 	text_2: autoDraw = True
297.4615 	EXP 	New trial (rep=0, index=7): {'ImageAnsShow': 'Pictures/M6A.jpg', 'Correct': 'n'}
297.6025 	DATA 	Keypress: o
297.6158 	EXP 	text_2: autoDraw = False
297.6158 	EXP 	image: image = 'Pictures/M6A.jpg'
297.6158 	EXP 	image: autoDraw = True
298.9781 	EXP 	image: autoDraw = False
298.9781 	EXP 	text_2: text = 'New ’n’\n\nor \n\nOld ‘o’'
298.9781 	EXP 	text_2: autoDraw = True
299.2958 	EXP 	New trial (rep=0, index=8): {'ImageAnsShow': 'Pictures/M7M.jpg', 'Correct': 'n'}
299.4372 	DATA 	Keypress: n
299.4506 	EXP 	text_2: autoDraw = False
299.4506 	EXP 	image: image = 'Pictures/M7M.jpg'
299.4506 	EXP 	image: autoDraw = True
300.8279 	EXP 	image: autoDraw = False
300.8279 	EXP 	text_2: text = 'New ’n’\n\nor \n\nOld ‘o’'
300.8279 	EXP 	text_2: autoDraw = True
301.8449 	EXP 	New trial (rep=0, index=9): {'ImageAnsShow': 'Pictures/M8A.jpg', 'Correct': 'n'}
301.9777 	DATA 	Keypress: n
301.9913 	EXP 	text_2: autoDraw = False
301.9913 	EXP 	image: image = 'Pictures/M8A.jpg'
301.9913 	EXP 	image: autoDraw = True
303.3623 	EXP 	image: autoDraw = False
303.3623 	EXP 	text_2: text = 'New ’n’\n\nor \n\nOld ‘o’'
303.3623 	EXP 	text_2: autoDraw = True
303.9953 	EXP 	New trial (rep=0, index=10): {'ImageAnsShow': 'Pictures/F6M.jpg', 'Correct': 'o'}
304.1288 	DATA 	Keypress: n
304.1426 	EXP 	text_2: autoDraw = False
304.1426 	EXP 	image: image = 'Pictures/F6M.jpg'
304.1426 	EXP 	image: autoDraw = True
305.5136 	EXP 	image: autoDraw = False
305.5136 	EXP 	text_2: text = 'New ’n’\n\nor \n\nOld ‘o’'
305.5136 	EXP 	text_2: autoDraw = True
305.8117 	EXP 	New trial (rep=0, index=11): {'ImageAnsShow': 'Pictures/F7M.jpg', 'Correct': 'n'}
305.9703 	DATA 	Keypress: n
305.9836 	EXP 	text_2: autoDraw = False
305.9836 	EXP 	image: image = 'Pictures/F7M.jpg'
305.9836 	EXP 	image: autoDraw = True
307.3455 	EXP 	image: autoDraw = False
307.3455 	EXP 	text_2: text = 'New ’n’\n\nor \n\nOld ‘o’'
307.3455 	EXP 	text_2: autoDraw = True
308.3152 	DATA 	Keypress: n
308.3275 	EXP 	text_2: autoDraw = False
308.3275 	EXP 	text_5: autoDraw = True
309.9297 	DATA 	Keypress: space
310.3430 	EXP 	text_5: autoDraw = False
310.9165 	EXP 	window1: mouseVisible = True
