1.0580 	WARNING 	We strongly recommend you activate the PTB sound engine in PsychoPy prefs as the preferred audio engine. Its timing is vastly superior. Your prefs are currently set to use ['sounddevice', 'PTB', 'pyo', 'pygame'] (in that order).
79.8026 	EXP 	Created window1 = Window(allowGUI=False, allowStencil=False, autoLog=True, backendConf=UNKNOWN, bitsMode=UNKNOWN, blendMode='avg', bpc=(8, 8, 8), color=array([0, 0, 0]), colorSpace='rgb', depthBits=8, fullscr=<method-wrapper '__getattribute__' of attributeSetter object at 0x7fd59b8eeb00>, gamma=None, gammaErrorPolicy='raise', lms=UNKNOWN, monitor=<psychopy.monitors.calibTools.Monitor object at 0x7fd5b94ec3c8>, multiSample=False, name='window1', numSamples=2, pos=[360.0, 225.0], screen=0, size=array([2880, 1800]), stencilBits=0, stereo=False, units='height', useFBO=True, useRetina=True, viewOri=0.0, viewPos=None, viewScale=None, waitBlanking=True, winType='pyglet')
79.8030 	EXP 	window1: mouseVisible = True
79.8031 	EXP 	window1: recordFrameIntervals = False
79.9670 	EXP 	window1: recordFrameIntervals = True
80.1505 	EXP 	window1: recordFrameIntervals = False
81.3872 	EXP 	Created intro = TextStim(__class__=<class 'psychopy.visual.text.TextStim'>, alignHoriz=method-wrapper(...), alignText='center', alignVert=method-wrapper(...), anchorHoriz='center', anchorVert='center', antialias=True, autoLog=True, bold=False, color=array([1., 1., 1.]), colorSpace='rgb', contrast=1.0, depth=0.0, flipHoriz=False, flipVert=False, font='Open Sans', fontFiles=[], height=0.05, italic=False, languageStyle='LTR', name='intro', opacity=1, ori=0.0, pos=array([0., 0.]), rgb=UNKNOWN, text=str(...), units='height', win=Window(...), wrapWidth=1)
81.5783 	EXP 	Created count3 = TextStim(__class__=<class 'psychopy.visual.text.TextStim'>, alignHoriz=method-wrapper(...), alignText='center', alignVert=method-wrapper(...), anchorHoriz='center', anchorVert='center', antialias=True, autoLog=True, bold=False, color=array([1., 1., 1.]), colorSpace='rgb', contrast=1.0, depth=0.0, flipHoriz=False, flipVert=False, font='Open Sans', fontFiles=[], height=0.1, italic=False, languageStyle='LTR', name='count3', opacity=1, ori=0.0, pos=array([0., 0.]), rgb=UNKNOWN, text='', units='height', win=Window(...), wrapWidth=1)
81.5796 	EXP 	Created count2 = TextStim(__class__=<class 'psychopy.visual.text.TextStim'>, alignHoriz=method-wrapper(...), alignText='center', alignVert=method-wrapper(...), anchorHoriz='center', anchorVert='center', antialias=True, autoLog=True, bold=False, color=array([1., 1., 1.]), colorSpace='rgb', contrast=1.0, depth=-1.0, flipHoriz=False, flipVert=False, font='Open Sans', fontFiles=[], height=0.1, italic=False, languageStyle='LTR', name='count2', opacity=1, ori=0.0, pos=array([0., 0.]), rgb=UNKNOWN, text='', units='height', win=Window(...), wrapWidth=1)
81.5810 	EXP 	Created Count1 = TextStim(__class__=<class 'psychopy.visual.text.TextStim'>, alignHoriz=method-wrapper(...), alignText='center', alignVert=method-wrapper(...), anchorHoriz='center', anchorVert='center', antialias=True, autoLog=True, bold=False, color=array([1., 1., 1.]), colorSpace='rgb', contrast=1.0, depth=-2.0, flipHoriz=False, flipVert=False, font='Open Sans', fontFiles=[], height=0.1, italic=False, languageStyle='LTR', name='Count1', opacity=1, ori=0.0, pos=array([0., 0.]), rgb=UNKNOWN, text='', units='height', win=Window(...), wrapWidth=1)
81.5824 	EXP 	Created CountGo = TextStim(__class__=<class 'psychopy.visual.text.TextStim'>, alignHoriz=method-wrapper(...), alignText='center', alignVert=method-wrapper(...), anchorHoriz='center', anchorVert='center', antialias=True, autoLog=True, bold=False, color=array([1., 1., 1.]), colorSpace='rgb', contrast=1.0, depth=-3.0, flipHoriz=False, flipVert=False, font='Open Sans', fontFiles=[], height=0.1, italic=False, languageStyle='LTR', name='CountGo', opacity=1, ori=0.0, pos=array([0., 0.]), rgb=UNKNOWN, text='', units='height', win=Window(...), wrapWidth=1)
81.5875 	EXP 	Created image_2 = ImageStim(__class__=<class 'psychopy.visual.image.ImageStim'>, autoLog=True, color=array([1., 1., 1.]), colorSpace='rgb', contrast=1.0, depth=0.0, flipHoriz=False, flipVert=False, image='sin', interpolate=True, mask=None, maskParams=None, name='image_2', opacity=1, ori=0.0, pos=array([0., 0.]), size=array([1.  , 0.75]), texRes=128.0, units='height', win=Window(...))
81.5889 	EXP 	Created text_3 = TextStim(__class__=<class 'psychopy.visual.text.TextStim'>, alignHoriz=method-wrapper(...), alignText='center', alignVert=method-wrapper(...), anchorHoriz='center', anchorVert='center', antialias=True, autoLog=True, bold=False, color=array([1., 1., 1.]), colorSpace='rgb', contrast=1.0, depth=0.0, flipHoriz=False, flipVert=False, font='Open Sans', fontFiles=[], height=0.05, italic=False, languageStyle='LTR', name='text_3', opacity=1, ori=0.0, pos=array([0., 0.]), rgb=UNKNOWN, text='', units='height', win=Window(...), wrapWidth=1)
81.7858 	EXP 	Created image = ImageStim(__class__=<class 'psychopy.visual.image.ImageStim'>, autoLog=True, color=array([1., 1., 1.]), colorSpace='rgb', contrast=1.0, depth=0.0, flipHoriz=False, flipVert=False, image='sin', interpolate=True, mask=None, maskParams=None, name='image', opacity=1, ori=0.0, pos=array([0., 0.]), size=array([1.  , 0.75]), texRes=128.0, units='height', win=Window(...))
81.7872 	EXP 	Created text_2 = TextStim(__class__=<class 'psychopy.visual.text.TextStim'>, alignHoriz=method-wrapper(...), alignText='center', alignVert=method-wrapper(...), anchorHoriz='center', anchorVert='center', antialias=True, autoLog=True, bold=False, color=array([1., 1., 1.]), colorSpace='rgb', contrast=1.0, depth=0.0, flipHoriz=False, flipVert=False, font='Open Sans', fontFiles=[], height=0.1, italic=False, languageStyle='LTR', name='text_2', opacity=1, ori=0.0, pos=array([0., 0.]), rgb=UNKNOWN, text='', units='height', win=Window(...), wrapWidth=1)
81.9919 	EXP 	Created text_5 = TextStim(__class__=<class 'psychopy.visual.text.TextStim'>, alignHoriz=method-wrapper(...), alignText='center', alignVert=method-wrapper(...), anchorHoriz='center', anchorVert='center', antialias=True, autoLog=True, bold=False, color=array([1., 1., 1.]), colorSpace='rgb', contrast=1.0, depth=0.0, flipHoriz=False, flipVert=False, font='Open Sans', fontFiles=[], height=0.1, italic=False, languageStyle='LTR', name='text_5', opacity=1, ori=0.0, pos=array([0., 0.]), rgb=UNKNOWN, text='Thank you!', units='height', win=Window(...), wrapWidth=1)
82.0085 	EXP 	intro: autoDraw = True
82.3343 	EXP 	Imported ImageList.xlsx as conditions, 6 conditions, 2 params
82.3354 	EXP 	Created sequence: random, trialTypes=6, nReps=1, seed=None
82.3358 	EXP 	New trial (rep=0, index=0): {'PicSet': 'ImageShowSet2.xlsx', 'AnsSet': 'ImageAnsSet2.xlsx'}
82.3532 	DATA 	Keypress: space
82.3634 	EXP 	intro: autoDraw = False
82.3634 	EXP 	count3: text = '3'
82.3634 	EXP 	count2: text = '2'
82.3634 	EXP 	Count1: text = '1'
82.3634 	EXP 	CountGo: text = 'Go'
82.3634 	EXP 	count3: autoDraw = True
83.3506 	EXP 	count2: autoDraw = True
83.3665 	EXP 	count3: autoDraw = False
84.3513 	EXP 	count2: autoDraw = False
84.3513 	EXP 	Count1: autoDraw = True
85.3504 	EXP 	CountGo: autoDraw = True
85.3664 	EXP 	Count1: autoDraw = False
86.3524 	EXP 	Imported ImageShowSet2.xlsx as conditions, 6 conditions, 1 params
86.3531 	EXP 	Created sequence: random, trialTypes=6, nReps=1, seed=None
86.3535 	EXP 	New trial (rep=0, index=0): {'ImageSetShow': 'Pictures/M11A.jpg'}
86.5899 	EXP 	count3: autoDraw = False
86.5899 	EXP 	count2: autoDraw = False
86.5899 	EXP 	Count1: autoDraw = False
86.5899 	EXP 	CountGo: autoDraw = False
86.5899 	EXP 	image_2: image = 'Pictures/M11A.jpg'
86.5899 	EXP 	image_2: autoDraw = True
87.8346 	EXP 	New trial (rep=0, index=1): {'ImageSetShow': 'Pictures/M10M.jpg'}
87.9771 	EXP 	image_2: autoDraw = False
87.9771 	EXP 	image_2: image = 'Pictures/M10M.jpg'
87.9771 	EXP 	image_2: autoDraw = True
89.3342 	EXP 	New trial (rep=0, index=2): {'ImageSetShow': 'Pictures/M9A.jpg'}
89.4777 	EXP 	image_2: autoDraw = False
89.4777 	EXP 	image_2: image = 'Pictures/M9A.jpg'
89.4777 	EXP 	image_2: autoDraw = True
90.8342 	EXP 	New trial (rep=0, index=3): {'ImageSetShow': 'Pictures/F10M.jpg'}
90.9715 	EXP 	image_2: autoDraw = False
90.9715 	EXP 	image_2: image = 'Pictures/F10M.jpg'
90.9715 	EXP 	image_2: autoDraw = True
92.3342 	EXP 	New trial (rep=0, index=4): {'ImageSetShow': 'Pictures/F9A.jpg'}
92.4832 	EXP 	image_2: autoDraw = False
92.4832 	EXP 	image_2: image = 'Pictures/F9A.jpg'
92.4832 	EXP 	image_2: autoDraw = True
93.8309 	EXP 	New trial (rep=0, index=5): {'ImageSetShow': 'Pictures/F11A.jpg'}
93.9767 	EXP 	image_2: autoDraw = False
93.9767 	EXP 	image_2: image = 'Pictures/F11A.jpg'
93.9767 	EXP 	image_2: autoDraw = True
95.3666 	EXP 	image_2: autoDraw = False
95.3666 	EXP 	text_3: text = 'Press ’o’ when seeing the same person with the same expression\n\nPress ’n’ when seeing the same person with different expression\n\nPress ‘space’ when ready'
95.3666 	EXP 	text_3: autoDraw = True
97.4875 	EXP 	Imported ImageAnsSet2.xlsx as conditions, 12 conditions, 2 params
97.4885 	EXP 	Created sequence: random, trialTypes=12, nReps=1, seed=None
97.4892 	EXP 	New trial (rep=0, index=0): {'ImageAnsShow': 'Pictures/M9M.jpg', 'Correct': 'n'}
97.6413 	DATA 	Keypress: space
97.6747 	EXP 	text_3: autoDraw = False
97.6747 	EXP 	image: image = 'Pictures/M9M.jpg'
97.6747 	EXP 	image: autoDraw = True
99.0134 	EXP 	image: autoDraw = False
99.0134 	EXP 	text_2: text = 'New ’n’\n\nor \n\nOld ‘o’'
99.0134 	EXP 	text_2: autoDraw = True
99.2532 	EXP 	New trial (rep=0, index=1): {'ImageAnsShow': 'Pictures/F10M.jpg', 'Correct': 'o'}
99.3897 	DATA 	Keypress: n
99.4072 	EXP 	text_2: autoDraw = False
99.4072 	EXP 	image: image = 'Pictures/F10M.jpg'
99.4072 	EXP 	image: autoDraw = True
100.7830 	EXP 	image: autoDraw = False
100.7830 	EXP 	text_2: text = 'New ’n’\n\nor \n\nOld ‘o’'
100.7830 	EXP 	text_2: autoDraw = True
101.1016 	EXP 	New trial (rep=0, index=2): {'ImageAnsShow': 'Pictures/F9A.jpg', 'Correct': 'o'}
101.2556 	DATA 	Keypress: o
101.2730 	EXP 	text_2: autoDraw = False
101.2730 	EXP 	image: image = 'Pictures/F9A.jpg'
101.2730 	EXP 	image: autoDraw = True
102.6329 	EXP 	image: autoDraw = False
102.6329 	EXP 	text_2: text = 'New ’n’\n\nor \n\nOld ‘o’'
102.6329 	EXP 	text_2: autoDraw = True
102.7346 	EXP 	New trial (rep=0, index=3): {'ImageAnsShow': 'Pictures/M11A.jpg', 'Correct': 'o'}
102.8791 	DATA 	Keypress: o
102.8967 	EXP 	text_2: autoDraw = False
102.8967 	EXP 	image: image = 'Pictures/M11A.jpg'
102.8967 	EXP 	image: autoDraw = True
104.2663 	EXP 	image: autoDraw = False
104.2663 	EXP 	text_2: text = 'New ’n’\n\nor \n\nOld ‘o’'
104.2663 	EXP 	text_2: autoDraw = True
104.3513 	EXP 	New trial (rep=0, index=4): {'ImageAnsShow': 'Pictures/F10A.jpg', 'Correct': 'n'}
104.5136 	DATA 	Keypress: o
104.5309 	EXP 	text_2: autoDraw = False
104.5309 	EXP 	image: image = 'Pictures/F10A.jpg'
104.5309 	EXP 	image: autoDraw = True
105.8718 	DATA 	Keypress: n
105.8843 	EXP 	image: autoDraw = False
105.8843 	EXP 	text_2: text = 'New ’n’\n\nor \n\nOld ‘o’'
105.8843 	EXP 	text_2: autoDraw = True
106.2846 	EXP 	New trial (rep=0, index=5): {'ImageAnsShow': 'Pictures/F11M.jpg', 'Correct': 'n'}
106.4298 	DATA 	Keypress: n
106.4473 	EXP 	text_2: autoDraw = False
106.4473 	EXP 	image: image = 'Pictures/F11M.jpg'
106.4473 	EXP 	image: autoDraw = True
107.8065 	DATA 	Keypress: n
107.8193 	EXP 	image: autoDraw = False
107.8193 	EXP 	text_2: text = 'New ’n’\n\nor \n\nOld ‘o’'
107.8193 	EXP 	text_2: autoDraw = True
108.2178 	EXP 	New trial (rep=0, index=6): {'ImageAnsShow': 'Pictures/M10M.jpg', 'Correct': 'o'}
108.3675 	DATA 	Keypress: n
108.3820 	EXP 	text_2: autoDraw = False
108.3820 	EXP 	image: image = 'Pictures/M10M.jpg'
108.3820 	EXP 	image: autoDraw = True
109.7496 	EXP 	image: autoDraw = False
109.7496 	EXP 	text_2: text = 'New ’n’\n\nor \n\nOld ‘o’'
109.7496 	EXP 	text_2: autoDraw = True
109.9844 	EXP 	New trial (rep=0, index=7): {'ImageAnsShow': 'Pictures/M11M.jpg', 'Correct': 'n'}
110.1416 	DATA 	Keypress: o
110.1573 	EXP 	text_2: autoDraw = False
110.1573 	EXP 	image: image = 'Pictures/M11M.jpg'
110.1573 	EXP 	image: autoDraw = True
111.5164 	EXP 	image: autoDraw = False
111.5164 	EXP 	text_2: text = 'New ’n’\n\nor \n\nOld ‘o’'
111.5164 	EXP 	text_2: autoDraw = True
111.6185 	EXP 	New trial (rep=0, index=8): {'ImageAnsShow': 'Pictures/F9M.jpg', 'Correct': 'n'}
111.7685 	DATA 	Keypress: n
111.7835 	EXP 	text_2: autoDraw = False
111.7835 	EXP 	image: image = 'Pictures/F9M.jpg'
111.7835 	EXP 	image: autoDraw = True
113.1495 	EXP 	image: autoDraw = False
113.1495 	EXP 	text_2: text = 'New ’n’\n\nor \n\nOld ‘o’'
113.1495 	EXP 	text_2: autoDraw = True
113.3016 	EXP 	New trial (rep=0, index=9): {'ImageAnsShow': 'Pictures/M9A.jpg', 'Correct': 'o'}
113.4594 	DATA 	Keypress: n
113.4753 	EXP 	text_2: autoDraw = False
113.4753 	EXP 	image: image = 'Pictures/M9A.jpg'
113.4753 	EXP 	image: autoDraw = True
114.8329 	EXP 	image: autoDraw = False
114.8329 	EXP 	text_2: text = 'New ’n’\n\nor \n\nOld ‘o’'
114.8329 	EXP 	text_2: autoDraw = True
114.9342 	EXP 	New trial (rep=0, index=10): {'ImageAnsShow': 'Pictures/M10A.jpg', 'Correct': 'n'}
115.1297 	DATA 	Keypress: o
115.1492 	EXP 	text_2: autoDraw = False
115.1492 	EXP 	image: image = 'Pictures/M10A.jpg'
115.1492 	EXP 	image: autoDraw = True
116.4662 	EXP 	image: autoDraw = False
116.4662 	EXP 	text_2: text = 'New ’n’\n\nor \n\nOld ‘o’'
116.4662 	EXP 	text_2: autoDraw = True
116.7022 	EXP 	New trial (rep=0, index=11): {'ImageAnsShow': 'Pictures/F11A.jpg', 'Correct': 'o'}
116.8763 	DATA 	Keypress: n
116.8924 	EXP 	text_2: autoDraw = False
116.8924 	EXP 	image: image = 'Pictures/F11A.jpg'
116.8924 	EXP 	image: autoDraw = True
118.2331 	EXP 	image: autoDraw = False
118.2331 	EXP 	text_2: text = 'New ’n’\n\nor \n\nOld ‘o’'
118.2331 	EXP 	text_2: autoDraw = True
118.4516 	EXP 	New trial (rep=0, index=1): {'PicSet': 'ImageShowSet3.xlsx', 'AnsSet': 'ImageAnsSet3.xlsx'}
118.4550 	DATA 	Keypress: o
118.4677 	EXP 	text_2: autoDraw = False
118.4677 	EXP 	count3: text = '3'
118.4677 	EXP 	count2: text = '2'
118.4677 	EXP 	Count1: text = '1'
118.4677 	EXP 	CountGo: text = 'Go'
118.4677 	EXP 	count3: autoDraw = True
119.4495 	EXP 	count2: autoDraw = True
119.4829 	EXP 	count3: autoDraw = False
120.4493 	EXP 	count2: autoDraw = False
120.4493 	EXP 	Count1: autoDraw = True
121.4494 	EXP 	Count1: autoDraw = False
121.4494 	EXP 	CountGo: autoDraw = True
122.4467 	EXP 	Imported ImageShowSet3.xlsx as conditions, 6 conditions, 1 params
122.4477 	EXP 	Created sequence: random, trialTypes=6, nReps=1, seed=None
122.4481 	EXP 	New trial (rep=0, index=0): {'ImageSetShow': 'Pictures/F17A.jpg'}
122.6532 	EXP 	CountGo: autoDraw = False
122.6532 	EXP 	count3: autoDraw = False
122.6532 	EXP 	count2: autoDraw = False
122.6532 	EXP 	Count1: autoDraw = False
122.6532 	EXP 	CountGo: autoDraw = False
122.6532 	EXP 	image_2: image = 'Pictures/F17A.jpg'
122.6532 	EXP 	image_2: autoDraw = True
123.9682 	EXP 	New trial (rep=0, index=1): {'ImageSetShow': 'Pictures/M18M.jpg'}
124.1464 	EXP 	image_2: autoDraw = False
124.1464 	EXP 	image_2: image = 'Pictures/M18M.jpg'
124.1464 	EXP 	image_2: autoDraw = True
125.4688 	EXP 	New trial (rep=0, index=2): {'ImageSetShow': 'Pictures/M17A.jpg'}
125.6702 	EXP 	image_2: autoDraw = False
125.6702 	EXP 	image_2: image = 'Pictures/M17A.jpg'
125.6702 	EXP 	image_2: autoDraw = True
126.9605 	EXP 	New trial (rep=0, index=3): {'ImageSetShow': 'Pictures/F18M.jpg'}
127.1621 	EXP 	image_2: autoDraw = False
127.1621 	EXP 	image_2: image = 'Pictures/F18M.jpg'
127.1621 	EXP 	image_2: autoDraw = True
128.4570 	EXP 	New trial (rep=0, index=4): {'ImageSetShow': 'Pictures/F19A.jpg'}
128.6738 	EXP 	image_2: autoDraw = False
128.6738 	EXP 	image_2: image = 'Pictures/F19A.jpg'
128.6738 	EXP 	image_2: autoDraw = True
129.9583 	EXP 	New trial (rep=0, index=5): {'ImageSetShow': 'Pictures/M19A.jpg'}
130.1468 	EXP 	image_2: autoDraw = False
130.1468 	EXP 	image_2: image = 'Pictures/M19A.jpg'
130.1468 	EXP 	image_2: autoDraw = True
131.4831 	EXP 	image_2: autoDraw = False
131.4831 	EXP 	text_3: text = 'Press ’o’ when seeing the same person with the same expression\n\nPress ’n’ when seeing the same person with different expression\n\nPress ‘space’ when ready'
131.4831 	EXP 	text_3: autoDraw = True
132.3497 	EXP 	Imported ImageAnsSet3.xlsx as conditions, 12 conditions, 2 params
132.3504 	EXP 	Created sequence: random, trialTypes=12, nReps=1, seed=None
132.3508 	EXP 	New trial (rep=0, index=0): {'ImageAnsShow': 'Pictures/F17M.jpg', 'Correct': 'n'}
132.4918 	DATA 	Keypress: space
132.5049 	EXP 	text_3: autoDraw = False
132.5049 	EXP 	image: image = 'Pictures/F17M.jpg'
132.5049 	EXP 	image: autoDraw = True
133.8670 	EXP 	image: autoDraw = False
133.8670 	EXP 	text_2: text = 'New ’n’\n\nor \n\nOld ‘o’'
133.8670 	EXP 	text_2: autoDraw = True
134.5186 	EXP 	New trial (rep=0, index=1): {'ImageAnsShow': 'Pictures/M17M.jpg', 'Correct': 'n'}
134.6714 	DATA 	Keypress: n
134.6874 	EXP 	text_2: autoDraw = False
134.6874 	EXP 	image: image = 'Pictures/M17M.jpg'
134.6874 	EXP 	image: autoDraw = True
136.0367 	EXP 	image: autoDraw = False
136.0367 	EXP 	text_2: text = 'New ’n’\n\nor \n\nOld ‘o’'
136.0367 	EXP 	text_2: autoDraw = True
136.2685 	EXP 	New trial (rep=0, index=2): {'ImageAnsShow': 'Pictures/M17A.jpg', 'Correct': 'o'}
136.4023 	DATA 	Keypress: n
136.4160 	EXP 	text_2: autoDraw = False
136.4160 	EXP 	image: image = 'Pictures/M17A.jpg'
136.4160 	EXP 	image: autoDraw = True
137.8007 	EXP 	image: autoDraw = False
137.8007 	EXP 	text_2: text = 'New ’n’\n\nor \n\nOld ‘o’'
137.8007 	EXP 	text_2: autoDraw = True
137.8849 	EXP 	New trial (rep=0, index=3): {'ImageAnsShow': 'Pictures/M19M.jpg', 'Correct': 'n'}
138.0270 	DATA 	Keypress: o
138.0412 	EXP 	text_2: autoDraw = False
138.0412 	EXP 	image: image = 'Pictures/M19M.jpg'
138.0412 	EXP 	image: autoDraw = True
139.4012 	EXP 	image: autoDraw = False
139.4012 	EXP 	text_2: text = 'New ’n’\n\nor \n\nOld ‘o’'
139.4012 	EXP 	text_2: autoDraw = True
139.9184 	EXP 	New trial (rep=0, index=4): {'ImageAnsShow': 'Pictures/F18A.jpg', 'Correct': 'n'}
140.0940 	DATA 	Keypress: n
140.1091 	EXP 	text_2: autoDraw = False
140.1091 	EXP 	image: image = 'Pictures/F18A.jpg'
140.1091 	EXP 	image: autoDraw = True
141.4506 	EXP 	image: autoDraw = False
141.4506 	EXP 	text_2: text = 'New ’n’\n\nor \n\nOld ‘o’'
141.4506 	EXP 	text_2: autoDraw = True
141.6843 	EXP 	New trial (rep=0, index=5): {'ImageAnsShow': 'Pictures/F18M.jpg', 'Correct': 'o'}
141.8268 	DATA 	Keypress: n
141.8417 	EXP 	text_2: autoDraw = False
141.8417 	EXP 	image: image = 'Pictures/F18M.jpg'
141.8417 	EXP 	image: autoDraw = True
143.2167 	EXP 	image: autoDraw = False
143.2167 	EXP 	text_2: text = 'New ’n’\n\nor \n\nOld ‘o’'
143.2167 	EXP 	text_2: autoDraw = True
143.5347 	EXP 	New trial (rep=0, index=6): {'ImageAnsShow': 'Pictures/M18M.jpg', 'Correct': 'o'}
143.6724 	DATA 	Keypress: o
143.6889 	EXP 	text_2: autoDraw = False
143.6889 	EXP 	image: image = 'Pictures/M18M.jpg'
143.6889 	EXP 	image: autoDraw = True
145.0661 	EXP 	image: autoDraw = False
145.0661 	EXP 	text_2: text = 'New ’n’\n\nor \n\nOld ‘o’'
145.0661 	EXP 	text_2: autoDraw = True
145.6847 	EXP 	New trial (rep=0, index=7): {'ImageAnsShow': 'Pictures/F17A.jpg', 'Correct': 'o'}
145.8574 	DATA 	Keypress: o
145.8743 	EXP 	text_2: autoDraw = False
145.8743 	EXP 	image: image = 'Pictures/F17A.jpg'
145.8743 	EXP 	image: autoDraw = True
147.2162 	EXP 	image: autoDraw = False
147.2162 	EXP 	text_2: text = 'New ’n’\n\nor \n\nOld ‘o’'
147.2162 	EXP 	text_2: autoDraw = True
147.4508 	EXP 	New trial (rep=0, index=8): {'ImageAnsShow': 'Pictures/M19A.jpg', 'Correct': 'o'}
147.6054 	DATA 	Keypress: o
147.6218 	EXP 	text_2: autoDraw = False
147.6218 	EXP 	image: image = 'Pictures/M19A.jpg'
147.6218 	EXP 	image: autoDraw = True
148.9827 	EXP 	image: autoDraw = False
148.9827 	EXP 	text_2: text = 'New ’n’\n\nor \n\nOld ‘o’'
148.9827 	EXP 	text_2: autoDraw = True
149.1179 	EXP 	New trial (rep=0, index=9): {'ImageAnsShow': 'Pictures/F19A.jpg', 'Correct': 'o'}
149.3059 	DATA 	Keypress: o
149.3218 	EXP 	text_2: autoDraw = False
149.3218 	EXP 	image: image = 'Pictures/F19A.jpg'
149.3218 	EXP 	image: autoDraw = True
150.6496 	EXP 	image: autoDraw = False
150.6496 	EXP 	text_2: text = 'New ’n’\n\nor \n\nOld ‘o’'
150.6496 	EXP 	text_2: autoDraw = True
150.8678 	EXP 	New trial (rep=0, index=10): {'ImageAnsShow': 'Pictures/F19M.jpg', 'Correct': 'n'}
151.0159 	DATA 	Keypress: o
151.0319 	EXP 	text_2: autoDraw = False
151.0319 	EXP 	image: image = 'Pictures/F19M.jpg'
151.0319 	EXP 	image: autoDraw = True
152.3994 	EXP 	image: autoDraw = False
152.3994 	EXP 	text_2: text = 'New ’n’\n\nor \n\nOld ‘o’'
152.3994 	EXP 	text_2: autoDraw = True
152.5007 	EXP 	New trial (rep=0, index=11): {'ImageAnsShow': 'Pictures/M18A.jpg', 'Correct': 'n'}
152.6430 	DATA 	Keypress: n
152.6581 	EXP 	text_2: autoDraw = False
152.6581 	EXP 	image: image = 'Pictures/M18A.jpg'
152.6581 	EXP 	image: autoDraw = True
154.0325 	EXP 	image: autoDraw = False
154.0325 	EXP 	text_2: text = 'New ’n’\n\nor \n\nOld ‘o’'
154.0325 	EXP 	text_2: autoDraw = True
154.1007 	EXP 	New trial (rep=0, index=2): {'PicSet': 'ImageShowSet6.xlsx', 'AnsSet': 'ImageAnsSet6.xlsx'}
154.1042 	DATA 	Keypress: n
154.1163 	EXP 	text_2: autoDraw = False
154.1163 	EXP 	count3: text = '3'
154.1163 	EXP 	count2: text = '2'
154.1163 	EXP 	Count1: text = '1'
154.1163 	EXP 	CountGo: text = 'Go'
154.1163 	EXP 	count3: autoDraw = True
155.0996 	EXP 	count2: autoDraw = True
155.1158 	EXP 	count3: autoDraw = False
156.0989 	EXP 	count2: autoDraw = False
156.0989 	EXP 	Count1: autoDraw = True
157.0990 	EXP 	Count1: autoDraw = False
157.0990 	EXP 	CountGo: autoDraw = True
158.1000 	EXP 	Imported ImageShowSet6.xlsx as conditions, 6 conditions, 1 params
158.1007 	EXP 	Created sequence: random, trialTypes=6, nReps=1, seed=None
158.1011 	EXP 	New trial (rep=0, index=0): {'ImageSetShow': 'Pictures/M24M.jpg'}
158.2644 	EXP 	CountGo: autoDraw = False
158.2644 	EXP 	count3: autoDraw = False
158.2644 	EXP 	count2: autoDraw = False
158.2644 	EXP 	Count1: autoDraw = False
158.2644 	EXP 	CountGo: autoDraw = False
158.2644 	EXP 	image_2: image = 'Pictures/M24M.jpg'
158.2644 	EXP 	image_2: autoDraw = True
159.6018 	EXP 	New trial (rep=0, index=1): {'ImageSetShow': 'Pictures/M23A.jpg'}
159.7539 	EXP 	image_2: autoDraw = False
159.7539 	EXP 	image_2: image = 'Pictures/M23A.jpg'
159.7539 	EXP 	image_2: autoDraw = True
161.1177 	EXP 	New trial (rep=0, index=2): {'ImageSetShow': 'Pictures/M22M.jpg'}
161.2819 	EXP 	image_2: autoDraw = False
161.2819 	EXP 	image_2: image = 'Pictures/M22M.jpg'
161.2819 	EXP 	image_2: autoDraw = True
162.6176 	EXP 	New trial (rep=0, index=3): {'ImageSetShow': 'Pictures/F23A.jpg'}
162.7974 	EXP 	image_2: autoDraw = False
162.7974 	EXP 	image_2: image = 'Pictures/F23A.jpg'
162.7974 	EXP 	image_2: autoDraw = True
164.1173 	EXP 	New trial (rep=0, index=4): {'ImageSetShow': 'Pictures/F24M.jpg'}
164.2743 	EXP 	image_2: autoDraw = False
164.2743 	EXP 	image_2: image = 'Pictures/F24M.jpg'
164.2743 	EXP 	image_2: autoDraw = True
165.6017 	EXP 	New trial (rep=0, index=5): {'ImageSetShow': 'Pictures/F22M.jpg'}
165.7639 	EXP 	image_2: autoDraw = False
165.7639 	EXP 	image_2: image = 'Pictures/F22M.jpg'
165.7639 	EXP 	image_2: autoDraw = True
167.1328 	EXP 	image_2: autoDraw = False
167.1328 	EXP 	text_3: text = 'Press ’o’ when seeing the same person with the same expression\n\nPress ’n’ when seeing the same person with different expression\n\nPress ‘space’ when ready'
167.1328 	EXP 	text_3: autoDraw = True
168.2651 	EXP 	Imported ImageAnsSet6.xlsx as conditions, 12 conditions, 2 params
168.2659 	EXP 	Created sequence: random, trialTypes=12, nReps=1, seed=None
168.2663 	EXP 	New trial (rep=0, index=0): {'ImageAnsShow': 'Pictures/M24A.jpg', 'Correct': 'n'}
168.4077 	DATA 	Keypress: space
168.4209 	EXP 	text_3: autoDraw = False
168.4209 	EXP 	image: image = 'Pictures/M24A.jpg'
168.4209 	EXP 	image: autoDraw = True
169.7828 	EXP 	image: autoDraw = False
169.7828 	EXP 	text_2: text = 'New ’n’\n\nor \n\nOld ‘o’'
169.7828 	EXP 	text_2: autoDraw = True
170.0515 	EXP 	New trial (rep=0, index=1): {'ImageAnsShow': 'Pictures/F23A.jpg', 'Correct': 'o'}
170.2128 	DATA 	Keypress: n
170.2294 	EXP 	text_2: autoDraw = False
170.2294 	EXP 	image: image = 'Pictures/F23A.jpg'
170.2294 	EXP 	image: autoDraw = True
171.5827 	EXP 	image: autoDraw = False
171.5827 	EXP 	text_2: text = 'New ’n’\n\nor \n\nOld ‘o’'
171.5827 	EXP 	text_2: autoDraw = True
171.7174 	EXP 	New trial (rep=0, index=2): {'ImageAnsShow': 'Pictures/F24A.jpg', 'Correct': 'n'}
171.8926 	DATA 	Keypress: o
171.9072 	EXP 	text_2: autoDraw = False
171.9072 	EXP 	image: image = 'Pictures/F24A.jpg'
171.9072 	EXP 	image: autoDraw = True
173.2491 	EXP 	image: autoDraw = False
173.2491 	EXP 	text_2: text = 'New ’n’\n\nor \n\nOld ‘o’'
173.2491 	EXP 	text_2: autoDraw = True
173.6669 	EXP 	New trial (rep=0, index=3): {'ImageAnsShow': 'Pictures/F22M.jpg', 'Correct': 'o'}
173.8166 	DATA 	Keypress: n
173.8301 	EXP 	text_2: autoDraw = False
173.8301 	EXP 	image: image = 'Pictures/F22M.jpg'
173.8301 	EXP 	image: autoDraw = True
175.1991 	EXP 	image: autoDraw = False
175.1991 	EXP 	text_2: text = 'New ’n’\n\nor \n\nOld ‘o’'
175.1991 	EXP 	text_2: autoDraw = True
175.3845 	EXP 	New trial (rep=0, index=4): {'ImageAnsShow': 'Pictures/M23A.jpg', 'Correct': 'o'}
175.5383 	DATA 	Keypress: o
175.5548 	EXP 	text_2: autoDraw = False
175.5548 	EXP 	image: image = 'Pictures/M23A.jpg'
175.5548 	EXP 	image: autoDraw = True
176.9080 	EXP 	image: autoDraw = False
176.9080 	EXP 	text_2: text = 'New ’n’\n\nor \n\nOld ‘o’'
176.9080 	EXP 	text_2: autoDraw = True
176.9283 	EXP 	New trial (rep=0, index=5): {'ImageAnsShow': 'Pictures/M23M.jpg', 'Correct': 'n'}
177.0898 	DATA 	Keypress: o
177.1032 	EXP 	text_2: autoDraw = False
177.1032 	EXP 	image: image = 'Pictures/M23M.jpg'
177.1032 	EXP 	image: autoDraw = True
178.4501 	EXP 	image: autoDraw = False
178.4501 	EXP 	text_2: text = 'New ’n’\n\nor \n\nOld ‘o’'
178.4501 	EXP 	text_2: autoDraw = True
178.4538 	DATA 	Keypress: n
178.8342 	EXP 	New trial (rep=0, index=6): {'ImageAnsShow': 'Pictures/F24M.jpg', 'Correct': 'o'}
178.9848 	DATA 	Keypress: n
178.9987 	EXP 	text_2: autoDraw = False
178.9987 	EXP 	image: image = 'Pictures/F24M.jpg'
178.9987 	EXP 	image: autoDraw = True
180.3659 	EXP 	image: autoDraw = False
180.3659 	EXP 	text_2: text = 'New ’n’\n\nor \n\nOld ‘o’'
180.3659 	EXP 	text_2: autoDraw = True
180.8001 	EXP 	New trial (rep=0, index=7): {'ImageAnsShow': 'Pictures/M22M.jpg', 'Correct': 'o'}
180.9417 	DATA 	Keypress: o
180.9557 	EXP 	text_2: autoDraw = False
180.9557 	EXP 	image: image = 'Pictures/M22M.jpg'
180.9557 	EXP 	image: autoDraw = True
182.3326 	EXP 	image: autoDraw = False
182.3326 	EXP 	text_2: text = 'New ’n’\n\nor \n\nOld ‘o’'
182.3326 	EXP 	text_2: autoDraw = True
182.4676 	EXP 	New trial (rep=0, index=8): {'ImageAnsShow': 'Pictures/M22A.jpg', 'Correct': 'n'}
182.6218 	DATA 	Keypress: o
182.6385 	EXP 	text_2: autoDraw = False
182.6385 	EXP 	image: image = 'Pictures/M22A.jpg'
182.6385 	EXP 	image: autoDraw = True
183.9993 	EXP 	image: autoDraw = False
183.9993 	EXP 	text_2: text = 'New ’n’\n\nor \n\nOld ‘o’'
183.9993 	EXP 	text_2: autoDraw = True
184.1339 	EXP 	New trial (rep=0, index=9): {'ImageAnsShow': 'Pictures/F22A.jpg', 'Correct': 'n'}
184.2984 	DATA 	Keypress: n
184.3153 	EXP 	text_2: autoDraw = False
184.3153 	EXP 	image: image = 'Pictures/F22A.jpg'
184.3153 	EXP 	image: autoDraw = True
185.6657 	EXP 	image: autoDraw = False
185.6657 	EXP 	text_2: text = 'New ’n’\n\nor \n\nOld ‘o’'
185.6657 	EXP 	text_2: autoDraw = True
185.7337 	EXP 	New trial (rep=0, index=10): {'ImageAnsShow': 'Pictures/M24M.jpg', 'Correct': 'o'}
185.8781 	DATA 	Keypress: n
185.8923 	EXP 	text_2: autoDraw = False
185.8923 	EXP 	image: image = 'Pictures/M24M.jpg'
185.8923 	EXP 	image: autoDraw = True
187.2487 	DATA 	Keypress: o
187.2580 	EXP 	image: autoDraw = False
187.2580 	EXP 	text_2: text = 'New ’n’\n\nor \n\nOld ‘o’'
187.2580 	EXP 	text_2: autoDraw = True
187.7008 	EXP 	New trial (rep=0, index=11): {'ImageAnsShow': 'Pictures/F23M.jpg', 'Correct': 'n'}
187.8480 	DATA 	Keypress: o
187.8643 	EXP 	text_2: autoDraw = False
187.8643 	EXP 	image: image = 'Pictures/F23M.jpg'
187.8643 	EXP 	image: autoDraw = True
189.2324 	EXP 	image: autoDraw = False
189.2324 	EXP 	text_2: text = 'New ’n’\n\nor \n\nOld ‘o’'
189.2324 	EXP 	text_2: autoDraw = True
189.3174 	EXP 	New trial (rep=0, index=3): {'PicSet': 'ImageShowSet1.xlsx', 'AnsSet': 'ImageAnsSet1.xlsx'}
189.3208 	DATA 	Keypress: n
189.3328 	EXP 	text_2: autoDraw = False
189.3328 	EXP 	count3: text = '3'
189.3328 	EXP 	count2: text = '2'
189.3328 	EXP 	Count1: text = '1'
189.3328 	EXP 	CountGo: text = 'Go'
189.3328 	EXP 	count3: autoDraw = True
190.3158 	EXP 	count2: autoDraw = True
190.3319 	EXP 	count3: autoDraw = False
191.3152 	EXP 	count2: autoDraw = False
191.3152 	EXP 	Count1: autoDraw = True
192.3150 	EXP 	Count1: autoDraw = False
192.3150 	EXP 	CountGo: autoDraw = True
193.3162 	EXP 	Imported ImageShowSet1.xlsx as conditions, 6 conditions, 1 params
193.3169 	EXP 	Created sequence: random, trialTypes=6, nReps=1, seed=None
193.3173 	EXP 	New trial (rep=0, index=0): {'ImageSetShow': 'Pictures/F3A.jpg'}
193.5071 	EXP 	CountGo: autoDraw = False
193.5071 	EXP 	count3: autoDraw = False
193.5071 	EXP 	count2: autoDraw = False
193.5071 	EXP 	Count1: autoDraw = False
193.5071 	EXP 	CountGo: autoDraw = False
193.5071 	EXP 	image_2: image = 'Pictures/F3A.jpg'
193.5071 	EXP 	image_2: autoDraw = True
194.8341 	EXP 	New trial (rep=0, index=1): {'ImageSetShow': 'Pictures/F2M.jpg'}
195.0042 	EXP 	image_2: autoDraw = False
195.0042 	EXP 	image_2: image = 'Pictures/F2M.jpg'
195.0042 	EXP 	image_2: autoDraw = True
196.3339 	EXP 	New trial (rep=0, index=2): {'ImageSetShow': 'Pictures/M2M.jpg'}
196.5040 	EXP 	image_2: autoDraw = False
196.5040 	EXP 	image_2: image = 'Pictures/M2M.jpg'
196.5040 	EXP 	image_2: autoDraw = True
197.8203 	EXP 	New trial (rep=0, index=3): {'ImageSetShow': 'Pictures/M1A.jpg'}
197.9960 	EXP 	image_2: autoDraw = False
197.9960 	EXP 	image_2: image = 'Pictures/M1A.jpg'
197.9960 	EXP 	image_2: autoDraw = True
199.3339 	EXP 	New trial (rep=0, index=4): {'ImageSetShow': 'Pictures/F1A.jpg'}
199.5300 	EXP 	image_2: autoDraw = False
199.5300 	EXP 	image_2: image = 'Pictures/F1A.jpg'
199.5300 	EXP 	image_2: autoDraw = True
200.8342 	EXP 	New trial (rep=0, index=5): {'ImageSetShow': 'Pictures/M3A.jpg'}
200.9921 	EXP 	image_2: autoDraw = False
200.9921 	EXP 	image_2: image = 'Pictures/M3A.jpg'
200.9921 	EXP 	image_2: autoDraw = True
202.3500 	EXP 	image_2: autoDraw = False
202.3500 	EXP 	text_3: text = 'Press ’o’ when seeing the same person with the same expression\n\nPress ’n’ when seeing the same person with different expression\n\nPress ‘space’ when ready'
202.3500 	EXP 	text_3: autoDraw = True
203.0815 	EXP 	Imported ImageAnsSet1.xlsx as conditions, 12 conditions, 2 params
203.0822 	EXP 	Created sequence: random, trialTypes=12, nReps=1, seed=None
203.0826 	EXP 	New trial (rep=0, index=0): {'ImageAnsShow': 'Pictures/M2A.jpg', 'Correct': 'n'}
203.2300 	DATA 	Keypress: space
203.2439 	EXP 	text_3: autoDraw = False
203.2439 	EXP 	image: image = 'Pictures/M2A.jpg'
203.2439 	EXP 	image: autoDraw = True
204.5999 	EXP 	image: autoDraw = False
204.5999 	EXP 	text_2: text = 'New ’n’\n\nor \n\nOld ‘o’'
204.5999 	EXP 	text_2: autoDraw = True
205.0006 	EXP 	New trial (rep=0, index=1): {'ImageAnsShow': 'Pictures/M2M.jpg', 'Correct': 'o'}
205.1410 	DATA 	Keypress: o
205.1560 	EXP 	text_2: autoDraw = False
205.1560 	EXP 	image: image = 'Pictures/M2M.jpg'
205.1560 	EXP 	image: autoDraw = True
206.5331 	EXP 	image: autoDraw = False
206.5331 	EXP 	text_2: text = 'New ’n’\n\nor \n\nOld ‘o’'
206.5331 	EXP 	text_2: autoDraw = True
207.1005 	EXP 	New trial (rep=0, index=2): {'ImageAnsShow': 'Pictures/F3A.jpg', 'Correct': 'o'}
207.2733 	DATA 	Keypress: o
207.2883 	EXP 	text_2: autoDraw = False
207.2883 	EXP 	image: image = 'Pictures/F3A.jpg'
207.2883 	EXP 	image: autoDraw = True
208.6163 	EXP 	image: autoDraw = False
208.6163 	EXP 	text_2: text = 'New ’n’\n\nor \n\nOld ‘o’'
208.6163 	EXP 	text_2: autoDraw = True
209.4169 	EXP 	New trial (rep=0, index=3): {'ImageAnsShow': 'Pictures/M1A.jpg', 'Correct': 'o'}
209.5659 	DATA 	Keypress: o
209.5796 	EXP 	text_2: autoDraw = False
209.5796 	EXP 	image: image = 'Pictures/M1A.jpg'
209.5796 	EXP 	image: autoDraw = True
210.9248 	DATA 	Keypress: o
210.9359 	EXP 	image: autoDraw = False
210.9359 	EXP 	text_2: text = 'New ’n’\n\nor \n\nOld ‘o’'
210.9359 	EXP 	text_2: autoDraw = True
211.3834 	EXP 	New trial (rep=0, index=4): {'ImageAnsShow': 'Pictures/F2A.jpg', 'Correct': 'n'}
211.5649 	DATA 	Keypress: o
211.5811 	EXP 	text_2: autoDraw = False
211.5811 	EXP 	image: image = 'Pictures/F2A.jpg'
211.5811 	EXP 	image: autoDraw = True
212.9157 	EXP 	image: autoDraw = False
212.9157 	EXP 	text_2: text = 'New ’n’\n\nor \n\nOld ‘o’'
212.9157 	EXP 	text_2: autoDraw = True
214.3663 	EXP 	New trial (rep=0, index=5): {'ImageAnsShow': 'Pictures/F1A.jpg', 'Correct': 'o'}
214.5341 	DATA 	Keypress: n
214.5483 	EXP 	text_2: autoDraw = False
214.5483 	EXP 	image: image = 'Pictures/F1A.jpg'
214.5483 	EXP 	image: autoDraw = True
215.8823 	EXP 	image: autoDraw = False
215.8823 	EXP 	text_2: text = 'New ’n’\n\nor \n\nOld ‘o’'
215.8823 	EXP 	text_2: autoDraw = True
216.1167 	EXP 	New trial (rep=0, index=6): {'ImageAnsShow': 'Pictures/M3M.jpg', 'Correct': 'n'}
216.2725 	DATA 	Keypress: o
216.2875 	EXP 	text_2: autoDraw = False
216.2875 	EXP 	image: image = 'Pictures/M3M.jpg'
216.2875 	EXP 	image: autoDraw = True
217.6024 	DATA 	Keypress: n
217.6334 	EXP 	image: autoDraw = False
217.6334 	EXP 	text_2: text = 'New ’n’\n\nor \n\nOld ‘o’'
217.6334 	EXP 	text_2: autoDraw = True
217.9848 	EXP 	New trial (rep=0, index=7): {'ImageAnsShow': 'Pictures/F1M.jpg', 'Correct': 'n'}
218.1590 	DATA 	Keypress: n
218.1738 	EXP 	text_2: autoDraw = False
218.1738 	EXP 	image: image = 'Pictures/F1M.jpg'
218.1738 	EXP 	image: autoDraw = True
219.5160 	EXP 	image: autoDraw = False
219.5160 	EXP 	text_2: text = 'New ’n’\n\nor \n\nOld ‘o’'
219.5160 	EXP 	text_2: autoDraw = True
219.7497 	EXP 	New trial (rep=0, index=8): {'ImageAnsShow': 'Pictures/M3A.jpg', 'Correct': 'o'}
219.9013 	DATA 	Keypress: n
219.9152 	EXP 	text_2: autoDraw = False
219.9152 	EXP 	image: image = 'Pictures/M3A.jpg'
219.9152 	EXP 	image: autoDraw = True
221.2691 	EXP 	image: autoDraw = False
221.2691 	EXP 	text_2: text = 'New ’n’\n\nor \n\nOld ‘o’'
221.2691 	EXP 	text_2: autoDraw = True
221.5332 	EXP 	New trial (rep=0, index=9): {'ImageAnsShow': 'Pictures/F3M.jpg', 'Correct': 'n'}
221.6784 	DATA 	Keypress: o
221.6953 	EXP 	text_2: autoDraw = False
221.6953 	EXP 	image: image = 'Pictures/F3M.jpg'
221.6953 	EXP 	image: autoDraw = True
223.0659 	EXP 	image: autoDraw = False
223.0659 	EXP 	text_2: text = 'New ’n’\n\nor \n\nOld ‘o’'
223.0659 	EXP 	text_2: autoDraw = True
223.0696 	DATA 	Keypress: n
223.4665 	EXP 	New trial (rep=0, index=10): {'ImageAnsShow': 'Pictures/F2M.jpg', 'Correct': 'o'}
223.6222 	DATA 	Keypress: n
223.6389 	EXP 	text_2: autoDraw = False
223.6389 	EXP 	image: image = 'Pictures/F2M.jpg'
223.6389 	EXP 	image: autoDraw = True
224.9829 	EXP 	image: autoDraw = False
224.9829 	EXP 	text_2: text = 'New ’n’\n\nor \n\nOld ‘o’'
224.9829 	EXP 	text_2: autoDraw = True
224.9876 	DATA 	Keypress: o
225.4505 	EXP 	New trial (rep=0, index=11): {'ImageAnsShow': 'Pictures/M1M.jpg', 'Correct': 'n'}
225.6038 	DATA 	Keypress: o
225.6204 	EXP 	text_2: autoDraw = False
225.6204 	EXP 	image: image = 'Pictures/M1M.jpg'
225.6204 	EXP 	image: autoDraw = True
226.9822 	EXP 	image: autoDraw = False
226.9822 	EXP 	text_2: text = 'New ’n’\n\nor \n\nOld ‘o’'
226.9822 	EXP 	text_2: autoDraw = True
227.2669 	EXP 	New trial (rep=0, index=4): {'PicSet': 'ImageShowSet4.xlsx', 'AnsSet': 'ImageAnsSet4.xlsx'}
227.2704 	DATA 	Keypress: n
227.2838 	EXP 	text_2: autoDraw = False
227.2838 	EXP 	count3: text = '3'
227.2838 	EXP 	count2: text = '2'
227.2838 	EXP 	Count1: text = '1'
227.2838 	EXP 	CountGo: text = 'Go'
227.2838 	EXP 	count3: autoDraw = True
228.2528 	EXP 	count2: autoDraw = True
228.2876 	EXP 	count3: autoDraw = False
229.2647 	EXP 	count2: autoDraw = False
229.2647 	EXP 	Count1: autoDraw = True
230.2647 	EXP 	Count1: autoDraw = False
230.2647 	EXP 	CountGo: autoDraw = True
231.2665 	EXP 	Imported ImageShowSet4.xlsx as conditions, 6 conditions, 1 params
231.2671 	EXP 	Created sequence: random, trialTypes=6, nReps=1, seed=None
231.2675 	EXP 	New trial (rep=0, index=0): {'ImageSetShow': 'Pictures/M27A.jpg'}
231.4283 	EXP 	CountGo: autoDraw = False
231.4283 	EXP 	count3: autoDraw = False
231.4283 	EXP 	count2: autoDraw = False
231.4283 	EXP 	Count1: autoDraw = False
231.4283 	EXP 	CountGo: autoDraw = False
231.4283 	EXP 	image_2: image = 'Pictures/M27A.jpg'
231.4283 	EXP 	image_2: autoDraw = True
232.7838 	EXP 	New trial (rep=0, index=1): {'ImageSetShow': 'Pictures/M25A.jpg'}
232.9495 	EXP 	image_2: autoDraw = False
232.9495 	EXP 	image_2: image = 'Pictures/M25A.jpg'
232.9495 	EXP 	image_2: autoDraw = True
234.2838 	EXP 	New trial (rep=0, index=2): {'ImageSetShow': 'Pictures/F26M.jpg'}
234.4485 	EXP 	image_2: autoDraw = False
234.4485 	EXP 	image_2: image = 'Pictures/F26M.jpg'
234.4485 	EXP 	image_2: autoDraw = True
235.7835 	EXP 	New trial (rep=0, index=3): {'ImageSetShow': 'Pictures/F25A.jpg'}
235.9782 	EXP 	image_2: autoDraw = False
235.9782 	EXP 	image_2: image = 'Pictures/F25A.jpg'
235.9782 	EXP 	image_2: autoDraw = True
237.2838 	EXP 	New trial (rep=0, index=4): {'ImageSetShow': 'Pictures/M26M.jpg'}
237.4321 	EXP 	image_2: autoDraw = False
237.4321 	EXP 	image_2: image = 'Pictures/M26M.jpg'
237.4321 	EXP 	image_2: autoDraw = True
238.7693 	EXP 	New trial (rep=0, index=5): {'ImageSetShow': 'Pictures/F27A.jpg'}
238.9563 	EXP 	image_2: autoDraw = False
238.9563 	EXP 	image_2: image = 'Pictures/F27A.jpg'
238.9563 	EXP 	image_2: autoDraw = True
240.2988 	EXP 	image_2: autoDraw = False
240.2988 	EXP 	text_3: text = 'Press ’o’ when seeing the same person with the same expression\n\nPress ’n’ when seeing the same person with different expression\n\nPress ‘space’ when ready'
240.2988 	EXP 	text_3: autoDraw = True
240.8476 	EXP 	Imported ImageAnsSet4.xlsx as conditions, 12 conditions, 2 params
240.8483 	EXP 	Created sequence: random, trialTypes=12, nReps=1, seed=None
240.8487 	EXP 	New trial (rep=0, index=0): {'ImageAnsShow': 'Pictures/M27A.jpg', 'Correct': 'o'}
240.9985 	DATA 	Keypress: space
241.0120 	EXP 	text_3: autoDraw = False
241.0120 	EXP 	image: image = 'Pictures/M27A.jpg'
241.0120 	EXP 	image: autoDraw = True
242.3658 	EXP 	image: autoDraw = False
242.3658 	EXP 	text_2: text = 'New ’n’\n\nor \n\nOld ‘o’'
242.3658 	EXP 	text_2: autoDraw = True
243.1835 	EXP 	New trial (rep=0, index=1): {'ImageAnsShow': 'Pictures/M27M.jpg', 'Correct': 'n'}
243.3340 	DATA 	Keypress: o
243.3477 	EXP 	text_2: autoDraw = False
243.3477 	EXP 	image: image = 'Pictures/M27M.jpg'
243.3477 	EXP 	image: autoDraw = True
244.7156 	EXP 	image: autoDraw = False
244.7156 	EXP 	text_2: text = 'New ’n’\n\nor \n\nOld ‘o’'
244.7156 	EXP 	text_2: autoDraw = True
244.9829 	EXP 	New trial (rep=0, index=2): {'ImageAnsShow': 'Pictures/F26M.jpg', 'Correct': 'o'}
245.1356 	DATA 	Keypress: n
245.1494 	EXP 	text_2: autoDraw = False
245.1494 	EXP 	image: image = 'Pictures/F26M.jpg'
245.1494 	EXP 	image: autoDraw = True
246.4992 	EXP 	image: autoDraw = False
246.4992 	EXP 	text_2: text = 'New ’n’\n\nor \n\nOld ‘o’'
246.4992 	EXP 	text_2: autoDraw = True
248.8837 	EXP 	New trial (rep=0, index=3): {'ImageAnsShow': 'Pictures/M25A.jpg', 'Correct': 'o'}
249.0478 	DATA 	Keypress: o
249.0646 	EXP 	text_2: autoDraw = False
249.0646 	EXP 	image: image = 'Pictures/M25A.jpg'
249.0646 	EXP 	image: autoDraw = True
250.4150 	EXP 	image: autoDraw = False
250.4150 	EXP 	text_2: text = 'New ’n’\n\nor \n\nOld ‘o’'
250.4150 	EXP 	text_2: autoDraw = True
250.6000 	EXP 	New trial (rep=0, index=4): {'ImageAnsShow': 'Pictures/M26A.jpg', 'Correct': 'n'}
250.7543 	DATA 	Keypress: o
250.7709 	EXP 	text_2: autoDraw = False
250.7709 	EXP 	image: image = 'Pictures/M26A.jpg'
250.7709 	EXP 	image: autoDraw = True
252.1326 	EXP 	image: autoDraw = False
252.1326 	EXP 	text_2: text = 'New ’n’\n\nor \n\nOld ‘o’'
252.1326 	EXP 	text_2: autoDraw = True
252.3504 	EXP 	New trial (rep=0, index=5): {'ImageAnsShow': 'Pictures/F27A.jpg', 'Correct': 'o'}
252.5173 	DATA 	Keypress: n
252.5315 	EXP 	text_2: autoDraw = False
252.5315 	EXP 	image: image = 'Pictures/F27A.jpg'
252.5315 	EXP 	image: autoDraw = True
253.8827 	EXP 	image: autoDraw = False
253.8827 	EXP 	text_2: text = 'New ’n’\n\nor \n\nOld ‘o’'
253.8827 	EXP 	text_2: autoDraw = True
254.1336 	EXP 	New trial (rep=0, index=6): {'ImageAnsShow': 'Pictures/M25M.jpg', 'Correct': 'n'}
254.2873 	DATA 	Keypress: o
254.3040 	EXP 	text_2: autoDraw = False
254.3040 	EXP 	image: image = 'Pictures/M25M.jpg'
254.3040 	EXP 	image: autoDraw = True
255.6663 	EXP 	image: autoDraw = False
255.6663 	EXP 	text_2: text = 'New ’n’\n\nor \n\nOld ‘o’'
255.6663 	EXP 	text_2: autoDraw = True
255.9498 	EXP 	New trial (rep=0, index=7): {'ImageAnsShow': 'Pictures/F25M.jpg', 'Correct': 'n'}
256.0950 	DATA 	Keypress: n
256.1117 	EXP 	text_2: autoDraw = False
256.1117 	EXP 	image: image = 'Pictures/F25M.jpg'
256.1117 	EXP 	image: autoDraw = True
257.4824 	EXP 	image: autoDraw = False
257.4824 	EXP 	text_2: text = 'New ’n’\n\nor \n\nOld ‘o’'
257.4824 	EXP 	text_2: autoDraw = True
257.7509 	EXP 	New trial (rep=0, index=8): {'ImageAnsShow': 'Pictures/M26M.jpg', 'Correct': 'o'}
257.8951 	DATA 	Keypress: n
257.9117 	EXP 	text_2: autoDraw = False
257.9117 	EXP 	image: image = 'Pictures/M26M.jpg'
257.9117 	EXP 	image: autoDraw = True
259.2139 	DATA 	Keypress: o
259.2747 	EXP 	image: autoDraw = False
259.2747 	EXP 	text_2: text = 'New ’n’\n\nor \n\nOld ‘o’'
259.2747 	EXP 	text_2: autoDraw = True
259.6326 	EXP 	New trial (rep=0, index=9): {'ImageAnsShow': 'Pictures/F25A.jpg', 'Correct': 'o'}
259.8060 	DATA 	Keypress: o
259.8206 	EXP 	text_2: autoDraw = False
259.8206 	EXP 	image: image = 'Pictures/F25A.jpg'
259.8206 	EXP 	image: autoDraw = True
261.1490 	EXP 	image: autoDraw = False
261.1490 	EXP 	text_2: text = 'New ’n’\n\nor \n\nOld ‘o’'
261.1490 	EXP 	text_2: autoDraw = True
261.3824 	EXP 	New trial (rep=0, index=10): {'ImageAnsShow': 'Pictures/F26A.jpg', 'Correct': 'n'}
261.5581 	DATA 	Keypress: n
261.5731 	EXP 	text_2: autoDraw = False
261.5731 	EXP 	image: image = 'Pictures/F26A.jpg'
261.5731 	EXP 	image: autoDraw = True
262.8998 	EXP 	image: autoDraw = False
262.8998 	EXP 	text_2: text = 'New ’n’\n\nor \n\nOld ‘o’'
262.8998 	EXP 	text_2: autoDraw = True
263.6661 	EXP 	New trial (rep=0, index=11): {'ImageAnsShow': 'Pictures/F27M.jpg', 'Correct': 'n'}
263.8162 	DATA 	Keypress: n
263.8300 	EXP 	text_2: autoDraw = False
263.8300 	EXP 	image: image = 'Pictures/F27M.jpg'
263.8300 	EXP 	image: autoDraw = True
265.1991 	EXP 	image: autoDraw = False
265.1991 	EXP 	text_2: text = 'New ’n’\n\nor \n\nOld ‘o’'
265.1991 	EXP 	text_2: autoDraw = True
265.4183 	EXP 	New trial (rep=0, index=5): {'PicSet': 'ImageShowSet5.xlsx', 'AnsSet': 'ImageAnsSet5.xlsx'}
265.4218 	DATA 	Keypress: n
265.4458 	EXP 	text_2: autoDraw = False
265.4458 	EXP 	count3: text = '3'
265.4458 	EXP 	count2: text = '2'
265.4458 	EXP 	Count1: text = '1'
265.4458 	EXP 	CountGo: text = 'Go'
265.4458 	EXP 	count3: autoDraw = True
266.4163 	EXP 	count2: autoDraw = True
266.4487 	EXP 	count3: autoDraw = False
267.4149 	EXP 	Count1: autoDraw = True
267.4310 	EXP 	count2: autoDraw = False
268.4142 	EXP 	Count1: autoDraw = False
268.4142 	EXP 	CountGo: autoDraw = True
269.4135 	EXP 	Imported ImageShowSet5.xlsx as conditions, 6 conditions, 1 params
269.4143 	EXP 	Created sequence: random, trialTypes=6, nReps=1, seed=None
269.4147 	EXP 	New trial (rep=0, index=0): {'ImageSetShow': 'Pictures/F6M.jpg'}
269.5956 	EXP 	CountGo: autoDraw = False
269.5956 	EXP 	count3: autoDraw = False
269.5956 	EXP 	count2: autoDraw = False
269.5956 	EXP 	Count1: autoDraw = False
269.5956 	EXP 	CountGo: autoDraw = False
269.5956 	EXP 	image_2: image = 'Pictures/F6M.jpg'
269.5956 	EXP 	image_2: autoDraw = True
270.9332 	EXP 	New trial (rep=0, index=1): {'ImageSetShow': 'Pictures/F8M.jpg'}
271.0987 	EXP 	image_2: autoDraw = False
271.0987 	EXP 	image_2: image = 'Pictures/F8M.jpg'
271.0987 	EXP 	image_2: autoDraw = True
272.4344 	EXP 	New trial (rep=0, index=2): {'ImageSetShow': 'Pictures/M8M.jpg'}
272.5975 	EXP 	image_2: autoDraw = False
272.5975 	EXP 	image_2: image = 'Pictures/M8M.jpg'
272.5975 	EXP 	image_2: autoDraw = True
273.9344 	EXP 	New trial (rep=0, index=3): {'ImageSetShow': 'Pictures/M6M.jpg'}
274.0975 	EXP 	image_2: autoDraw = False
274.0975 	EXP 	image_2: image = 'Pictures/M6M.jpg'
274.0975 	EXP 	image_2: autoDraw = True
275.4341 	EXP 	New trial (rep=0, index=4): {'ImageSetShow': 'Pictures/M7A.jpg'}
275.5949 	EXP 	image_2: autoDraw = False
275.5949 	EXP 	image_2: image = 'Pictures/M7A.jpg'
275.5949 	EXP 	image_2: autoDraw = True
276.9341 	EXP 	New trial (rep=0, index=5): {'ImageSetShow': 'Pictures/F7A.jpg'}
277.1295 	EXP 	image_2: autoDraw = False
277.1295 	EXP 	image_2: image = 'Pictures/F7A.jpg'
277.1295 	EXP 	image_2: autoDraw = True
278.4489 	EXP 	image_2: autoDraw = False
278.4489 	EXP 	text_3: text = 'Press ’o’ when seeing the same person with the same expression\n\nPress ’n’ when seeing the same person with different expression\n\nPress ‘space’ when ready'
278.4489 	EXP 	text_3: autoDraw = True
279.2151 	EXP 	Imported ImageAnsSet5.xlsx as conditions, 12 conditions, 2 params
279.2158 	EXP 	Created sequence: random, trialTypes=12, nReps=1, seed=None
279.2162 	EXP 	New trial (rep=0, index=0): {'ImageAnsShow': 'Pictures/F7A.jpg', 'Correct': 'o'}
279.3915 	DATA 	Keypress: space
279.4047 	EXP 	text_3: autoDraw = False
279.4047 	EXP 	image: image = 'Pictures/F7A.jpg'
279.4047 	EXP 	image: autoDraw = True
280.7161 	EXP 	image: autoDraw = False
280.7161 	EXP 	text_2: text = 'New ’n’\n\nor \n\nOld ‘o’'
280.7161 	EXP 	text_2: autoDraw = True
281.0003 	EXP 	New trial (rep=0, index=1): {'ImageAnsShow': 'Pictures/F7M.jpg', 'Correct': 'n'}
281.1654 	DATA 	Keypress: o
281.1790 	EXP 	text_2: autoDraw = False
281.1790 	EXP 	image: image = 'Pictures/F7M.jpg'
281.1790 	EXP 	image: autoDraw = True
282.5322 	EXP 	image: autoDraw = False
282.5322 	EXP 	text_2: text = 'New ’n’\n\nor \n\nOld ‘o’'
282.5322 	EXP 	text_2: autoDraw = True
282.7491 	EXP 	New trial (rep=0, index=2): {'ImageAnsShow': 'Pictures/F6A.jpg', 'Correct': 'n'}
282.9155 	DATA 	Keypress: n
282.9289 	EXP 	text_2: autoDraw = False
282.9289 	EXP 	image: image = 'Pictures/F6A.jpg'
282.9289 	EXP 	image: autoDraw = True
284.2812 	EXP 	image: autoDraw = False
284.2812 	EXP 	text_2: text = 'New ’n’\n\nor \n\nOld ‘o’'
284.2812 	EXP 	text_2: autoDraw = True
284.7997 	EXP 	New trial (rep=0, index=3): {'ImageAnsShow': 'Pictures/F8M.jpg', 'Correct': 'o'}
284.9483 	DATA 	Keypress: o
284.9647 	EXP 	text_2: autoDraw = False
284.9647 	EXP 	image: image = 'Pictures/F8M.jpg'
284.9647 	EXP 	image: autoDraw = True
286.3146 	EXP 	image: autoDraw = False
286.3146 	EXP 	text_2: text = 'New ’n’\n\nor \n\nOld ‘o’'
286.3146 	EXP 	text_2: autoDraw = True
286.5823 	EXP 	New trial (rep=0, index=4): {'ImageAnsShow': 'Pictures/M7M.jpg', 'Correct': 'n'}
286.7353 	DATA 	Keypress: o
286.7488 	EXP 	text_2: autoDraw = False
286.7488 	EXP 	image: image = 'Pictures/M7M.jpg'
286.7488 	EXP 	image: autoDraw = True
288.1146 	EXP 	image: autoDraw = False
288.1146 	EXP 	text_2: text = 'New ’n’\n\nor \n\nOld ‘o’'
288.1146 	EXP 	text_2: autoDraw = True
288.4987 	EXP 	New trial (rep=0, index=5): {'ImageAnsShow': 'Pictures/M8M.jpg', 'Correct': 'o'}
288.6492 	DATA 	Keypress: o
288.6629 	EXP 	text_2: autoDraw = False
288.6629 	EXP 	image: image = 'Pictures/M8M.jpg'
288.6629 	EXP 	image: autoDraw = True
290.0314 	EXP 	image: autoDraw = False
290.0314 	EXP 	text_2: text = 'New ’n’\n\nor \n\nOld ‘o’'
290.0314 	EXP 	text_2: autoDraw = True
290.2993 	EXP 	New trial (rep=0, index=6): {'ImageAnsShow': 'Pictures/M8A.jpg', 'Correct': 'n'}
290.4561 	DATA 	Keypress: o
290.4709 	EXP 	text_2: autoDraw = False
290.4709 	EXP 	image: image = 'Pictures/M8A.jpg'
290.4709 	EXP 	image: autoDraw = True
291.8311 	EXP 	image: autoDraw = False
291.8311 	EXP 	text_2: text = 'New ’n’\n\nor \n\nOld ‘o’'
291.8311 	EXP 	text_2: autoDraw = True
292.0820 	EXP 	New trial (rep=0, index=7): {'ImageAnsShow': 'Pictures/F8A.jpg', 'Correct': 'n'}
292.2634 	DATA 	Keypress: n
292.2801 	EXP 	text_2: autoDraw = False
292.2801 	EXP 	image: image = 'Pictures/F8A.jpg'
292.2801 	EXP 	image: autoDraw = True
293.6143 	EXP 	image: autoDraw = False
293.6143 	EXP 	text_2: text = 'New ’n’\n\nor \n\nOld ‘o’'
293.6143 	EXP 	text_2: autoDraw = True
293.8995 	EXP 	New trial (rep=0, index=8): {'ImageAnsShow': 'Pictures/M6M.jpg', 'Correct': 'o'}
294.0478 	DATA 	Keypress: n
294.0629 	EXP 	text_2: autoDraw = False
294.0629 	EXP 	image: image = 'Pictures/M6M.jpg'
294.0629 	EXP 	image: autoDraw = True
295.4311 	EXP 	image: autoDraw = False
295.4311 	EXP 	text_2: text = 'New ’n’\n\nor \n\nOld ‘o’'
295.4311 	EXP 	text_2: autoDraw = True
295.9161 	EXP 	New trial (rep=0, index=9): {'ImageAnsShow': 'Pictures/F6M.jpg', 'Correct': 'o'}
296.0684 	DATA 	Keypress: o
296.0821 	EXP 	text_2: autoDraw = False
296.0821 	EXP 	image: image = 'Pictures/F6M.jpg'
296.0821 	EXP 	image: autoDraw = True
297.4478 	EXP 	image: autoDraw = False
297.4478 	EXP 	text_2: text = 'New ’n’\n\nor \n\nOld ‘o’'
297.4478 	EXP 	text_2: autoDraw = True
297.6995 	EXP 	New trial (rep=0, index=10): {'ImageAnsShow': 'Pictures/M7A.jpg', 'Correct': 'o'}
297.8487 	DATA 	Keypress: o
297.8625 	EXP 	text_2: autoDraw = False
297.8625 	EXP 	image: image = 'Pictures/M7A.jpg'
297.8625 	EXP 	image: autoDraw = True
299.2155 	EXP 	image: autoDraw = False
299.2155 	EXP 	text_2: text = 'New ’n’\n\nor \n\nOld ‘o’'
299.2155 	EXP 	text_2: autoDraw = True
299.4817 	EXP 	New trial (rep=0, index=11): {'ImageAnsShow': 'Pictures/M6A.jpg', 'Correct': 'n'}
299.6312 	DATA 	Keypress: o
299.6480 	EXP 	text_2: autoDraw = False
299.6480 	EXP 	image: image = 'Pictures/M6A.jpg'
299.6480 	EXP 	image: autoDraw = True
300.9993 	EXP 	image: autoDraw = False
300.9993 	EXP 	text_2: text = 'New ’n’\n\nor \n\nOld ‘o’'
300.9993 	EXP 	text_2: autoDraw = True
301.2365 	DATA 	Keypress: n
301.2487 	EXP 	text_2: autoDraw = False
301.2487 	EXP 	text_5: autoDraw = True
303.2636 	EXP 	text_5: autoDraw = False
303.8459 	EXP 	window1: mouseVisible = True
