0.8719 	WARNING 	We strongly recommend you activate the PTB sound engine in PsychoPy prefs as the preferred audio engine. Its timing is vastly superior. Your prefs are currently set to use ['sounddevice', 'PTB', 'pyo', 'pygame'] (in that order).
65.7472 	EXP 	Created window1 = Window(allowGUI=False, allowStencil=False, autoLog=True, backendConf=UNKNOWN, bitsMode=UNKNOWN, blendMode='avg', bpc=(8, 8, 8), color=array([0, 0, 0]), colorSpace='rgb', depthBits=8, fullscr=<method-wrapper '__getattribute__' of attributeSetter object at 0x7fbf36b239e8>, gamma=None, gammaErrorPolicy='raise', lms=UNKNOWN, monitor=<psychopy.monitors.calibTools.Monitor object at 0x7fbf3657f128>, multiSample=False, name='window1', numSamples=2, pos=[360.0, 225.0], screen=0, size=array([2880, 1800]), stencilBits=0, stereo=False, units='height', useFBO=True, useRetina=True, viewOri=0.0, viewPos=None, viewScale=None, waitBlanking=True, winType='pyglet')
65.7478 	EXP 	window1: mouseVisible = True
65.7479 	EXP 	window1: recordFrameIntervals = False
65.9122 	EXP 	window1: recordFrameIntervals = True
66.0959 	EXP 	window1: recordFrameIntervals = False
67.0503 	EXP 	Created intro = TextStim(__class__=<class 'psychopy.visual.text.TextStim'>, alignHoriz=method-wrapper(...), alignText='center', alignVert=method-wrapper(...), anchorHoriz='center', anchorVert='center', antialias=True, autoLog=True, bold=False, color=array([1., 1., 1.]), colorSpace='rgb', contrast=1.0, depth=0.0, flipHoriz=False, flipVert=False, font='Open Sans', fontFiles=[], height=0.05, italic=False, languageStyle='LTR', name='intro', opacity=1, ori=0.0, pos=array([0., 0.]), rgb=UNKNOWN, text=str(...), units='height', win=Window(...), wrapWidth=1)
67.2382 	EXP 	Created count3 = TextStim(__class__=<class 'psychopy.visual.text.TextStim'>, alignHoriz=method-wrapper(...), alignText='center', alignVert=method-wrapper(...), anchorHoriz='center', anchorVert='center', antialias=True, autoLog=True, bold=False, color=array([1., 1., 1.]), colorSpace='rgb', contrast=1.0, depth=0.0, flipHoriz=False, flipVert=False, font='Open Sans', fontFiles=[], height=0.1, italic=False, languageStyle='LTR', name='count3', opacity=1, ori=0.0, pos=array([0., 0.]), rgb=UNKNOWN, text='', units='height', win=Window(...), wrapWidth=1)
67.2395 	EXP 	Created count2 = TextStim(__class__=<class 'psychopy.visual.text.TextStim'>, alignHoriz=method-wrapper(...), alignText='center', alignVert=method-wrapper(...), anchorHoriz='center', anchorVert='center', antialias=True, autoLog=True, bold=False, color=array([1., 1., 1.]), colorSpace='rgb', contrast=1.0, depth=-1.0, flipHoriz=False, flipVert=False, font='Open Sans', fontFiles=[], height=0.1, italic=False, languageStyle='LTR', name='count2', opacity=1, ori=0.0, pos=array([0., 0.]), rgb=UNKNOWN, text='', units='height', win=Window(...), wrapWidth=1)
67.2408 	EXP 	Created Count1 = TextStim(__class__=<class 'psychopy.visual.text.TextStim'>, alignHoriz=method-wrapper(...), alignText='center', alignVert=method-wrapper(...), anchorHoriz='center', anchorVert='center', antialias=True, autoLog=True, bold=False, color=array([1., 1., 1.]), colorSpace='rgb', contrast=1.0, depth=-2.0, flipHoriz=False, flipVert=False, font='Open Sans', fontFiles=[], height=0.1, italic=False, languageStyle='LTR', name='Count1', opacity=1, ori=0.0, pos=array([0., 0.]), rgb=UNKNOWN, text='', units='height', win=Window(...), wrapWidth=1)
67.2421 	EXP 	Created CountGo = TextStim(__class__=<class 'psychopy.visual.text.TextStim'>, alignHoriz=method-wrapper(...), alignText='center', alignVert=method-wrapper(...), anchorHoriz='center', anchorVert='center', antialias=True, autoLog=True, bold=False, color=array([1., 1., 1.]), colorSpace='rgb', contrast=1.0, depth=-3.0, flipHoriz=False, flipVert=False, font='Open Sans', fontFiles=[], height=0.1, italic=False, languageStyle='LTR', name='CountGo', opacity=1, ori=0.0, pos=array([0., 0.]), rgb=UNKNOWN, text='', units='height', win=Window(...), wrapWidth=1)
67.2493 	EXP 	Created image_2 = ImageStim(__class__=<class 'psychopy.visual.image.ImageStim'>, autoLog=True, color=array([1., 1., 1.]), colorSpace='rgb', contrast=1.0, depth=0.0, flipHoriz=False, flipVert=False, image='sin', interpolate=True, mask=None, maskParams=None, name='image_2', opacity=1, ori=0.0, pos=array([0., 0.]), size=array([1.  , 0.75]), texRes=128.0, units='height', win=Window(...))
67.2508 	EXP 	Created text_3 = TextStim(__class__=<class 'psychopy.visual.text.TextStim'>, alignHoriz=method-wrapper(...), alignText='center', alignVert=method-wrapper(...), anchorHoriz='center', anchorVert='center', antialias=True, autoLog=True, bold=False, color=array([1., 1., 1.]), colorSpace='rgb', contrast=1.0, depth=0.0, flipHoriz=False, flipVert=False, font='Open Sans', fontFiles=[], height=0.05, italic=False, languageStyle='LTR', name='text_3', opacity=1, ori=0.0, pos=array([0., 0.]), rgb=UNKNOWN, text='', units='height', win=Window(...), wrapWidth=1)
67.4370 	EXP 	Created image = ImageStim(__class__=<class 'psychopy.visual.image.ImageStim'>, autoLog=True, color=array([1., 1., 1.]), colorSpace='rgb', contrast=1.0, depth=0.0, flipHoriz=False, flipVert=False, image='sin', interpolate=True, mask=None, maskParams=None, name='image', opacity=1, ori=0.0, pos=array([0., 0.]), size=array([1.  , 0.75]), texRes=128.0, units='height', win=Window(...))
67.4384 	EXP 	Created text_2 = TextStim(__class__=<class 'psychopy.visual.text.TextStim'>, alignHoriz=method-wrapper(...), alignText='center', alignVert=method-wrapper(...), anchorHoriz='center', anchorVert='center', antialias=True, autoLog=True, bold=False, color=array([1., 1., 1.]), colorSpace='rgb', contrast=1.0, depth=0.0, flipHoriz=False, flipVert=False, font='Open Sans', fontFiles=[], height=0.1, italic=False, languageStyle='LTR', name='text_2', opacity=1, ori=0.0, pos=array([0., 0.]), rgb=UNKNOWN, text='', units='height', win=Window(...), wrapWidth=1)
67.6295 	EXP 	Created text_5 = TextStim(__class__=<class 'psychopy.visual.text.TextStim'>, alignHoriz=method-wrapper(...), alignText='center', alignVert=method-wrapper(...), anchorHoriz='center', anchorVert='center', antialias=True, autoLog=True, bold=False, color=array([1., 1., 1.]), colorSpace='rgb', contrast=1.0, depth=0.0, flipHoriz=False, flipVert=False, font='Open Sans', fontFiles=[], height=0.1, italic=False, languageStyle='LTR', name='text_5', opacity=1, ori=0.0, pos=array([0., 0.]), rgb=UNKNOWN, text='Thank you!', units='height', win=Window(...), wrapWidth=1)
67.6367 	DATA 	Mouse: Left button down, pos=(435,535)
67.6374 	DATA 	Mouse:  Left button up, pos=(435,535)
67.6554 	EXP 	intro: autoDraw = True
86.3676 	EXP 	Imported ImageList.xlsx as conditions, 6 conditions, 2 params
86.3686 	EXP 	Created sequence: random, trialTypes=6, nReps=1, seed=None
86.3691 	EXP 	New trial (rep=0, index=0): {'PicSet': 'ImageShowSet1.xlsx', 'AnsSet': 'ImageAnsSet1.xlsx'}
86.3882 	DATA 	Keypress: space
86.4002 	EXP 	intro: autoDraw = False
86.4002 	EXP 	count3: text = '3'
86.4002 	EXP 	count2: text = '2'
86.4002 	EXP 	Count1: text = '1'
86.4002 	EXP 	CountGo: text = 'Go'
86.4002 	EXP 	count3: autoDraw = True
87.3792 	EXP 	count2: autoDraw = True
87.4118 	EXP 	count3: autoDraw = False
88.3790 	EXP 	Count1: autoDraw = True
88.3949 	EXP 	count2: autoDraw = False
89.3791 	EXP 	CountGo: autoDraw = True
89.3951 	EXP 	Count1: autoDraw = False
90.3785 	EXP 	Imported ImageShowSet1.xlsx as conditions, 6 conditions, 1 params
90.3792 	EXP 	Created sequence: random, trialTypes=6, nReps=1, seed=None
90.3796 	EXP 	New trial (rep=0, index=0): {'ImageSetShow': 'Pictures/M2M.jpg'}
90.5720 	EXP 	count3: autoDraw = False
90.5720 	EXP 	count2: autoDraw = False
90.5720 	EXP 	Count1: autoDraw = False
90.5720 	EXP 	CountGo: autoDraw = False
90.5720 	EXP 	image_2: image = 'Pictures/M2M.jpg'
90.5720 	EXP 	image_2: autoDraw = True
91.8631 	EXP 	New trial (rep=0, index=1): {'ImageSetShow': 'Pictures/M1A.jpg'}
91.9967 	EXP 	image_2: autoDraw = False
91.9967 	EXP 	image_2: image = 'Pictures/M1A.jpg'
91.9967 	EXP 	image_2: autoDraw = True
93.3627 	EXP 	New trial (rep=0, index=2): {'ImageSetShow': 'Pictures/M3A.jpg'}
93.4952 	EXP 	image_2: autoDraw = False
93.4952 	EXP 	image_2: image = 'Pictures/M3A.jpg'
93.4952 	EXP 	image_2: autoDraw = True
94.8627 	EXP 	New trial (rep=0, index=3): {'ImageSetShow': 'Pictures/F1A.jpg'}
95.0094 	EXP 	image_2: autoDraw = False
95.0094 	EXP 	image_2: image = 'Pictures/F1A.jpg'
95.0094 	EXP 	image_2: autoDraw = True
96.3630 	EXP 	New trial (rep=0, index=4): {'ImageSetShow': 'Pictures/F3A.jpg'}
96.5071 	EXP 	image_2: autoDraw = False
96.5071 	EXP 	image_2: image = 'Pictures/F3A.jpg'
96.5071 	EXP 	image_2: autoDraw = True
97.8627 	EXP 	New trial (rep=0, index=5): {'ImageSetShow': 'Pictures/F2M.jpg'}
97.9961 	EXP 	image_2: autoDraw = False
97.9961 	EXP 	image_2: image = 'Pictures/F2M.jpg'
97.9961 	EXP 	image_2: autoDraw = True
99.3963 	EXP 	image_2: autoDraw = False
99.3963 	EXP 	text_3: text = 'Press ’o’ when seeing the same person with the same expression\n\nPress ’n’ when seeing the same person with different expression\n\nPress ‘space’ when ready'
99.3963 	EXP 	text_3: autoDraw = True
102.3289 	EXP 	Imported ImageAnsSet1.xlsx as conditions, 12 conditions, 2 params
102.3296 	EXP 	Created sequence: random, trialTypes=12, nReps=1, seed=None
102.3301 	EXP 	New trial (rep=0, index=0): {'ImageAnsShow': 'Pictures/M2A.jpg', 'Correct': 'n'}
102.4581 	DATA 	Keypress: space
102.4798 	EXP 	text_3: autoDraw = False
102.4798 	EXP 	image: image = 'Pictures/M2A.jpg'
102.4798 	EXP 	image: autoDraw = True
103.8623 	EXP 	image: autoDraw = False
103.8623 	EXP 	text_2: text = 'New ’n’\n\nor \n\nOld ‘o’'
103.8623 	EXP 	text_2: autoDraw = True
106.8636 	EXP 	New trial (rep=0, index=1): {'ImageAnsShow': 'Pictures/M3M.jpg', 'Correct': 'n'}
106.9867 	DATA 	Keypress: o
107.0001 	EXP 	text_2: autoDraw = False
107.0001 	EXP 	image: image = 'Pictures/M3M.jpg'
107.0001 	EXP 	image: autoDraw = True
108.3949 	EXP 	image: autoDraw = False
108.3949 	EXP 	text_2: text = 'New ’n’\n\nor \n\nOld ‘o’'
108.3949 	EXP 	text_2: autoDraw = True
108.7804 	EXP 	New trial (rep=0, index=2): {'ImageAnsShow': 'Pictures/M1M.jpg', 'Correct': 'n'}
108.9019 	DATA 	Keypress: n
108.9158 	EXP 	text_2: autoDraw = False
108.9158 	EXP 	image: image = 'Pictures/M1M.jpg'
108.9158 	EXP 	image: autoDraw = True
110.3119 	EXP 	image: autoDraw = False
110.3119 	EXP 	text_2: text = 'New ’n’\n\nor \n\nOld ‘o’'
110.3119 	EXP 	text_2: autoDraw = True
110.6142 	EXP 	New trial (rep=0, index=3): {'ImageAnsShow': 'Pictures/M1A.jpg', 'Correct': 'o'}
110.7467 	DATA 	Keypress: n
110.7606 	EXP 	text_2: autoDraw = False
110.7606 	EXP 	image: image = 'Pictures/M1A.jpg'
110.7606 	EXP 	image: autoDraw = True
112.1447 	EXP 	image: autoDraw = False
112.1447 	EXP 	text_2: text = 'New ’n’\n\nor \n\nOld ‘o’'
112.1447 	EXP 	text_2: autoDraw = True
116.7501 	EXP 	New trial (rep=0, index=4): {'ImageAnsShow': 'Pictures/F1M.jpg', 'Correct': 'n'}
116.8693 	DATA 	Keypress: o
116.8824 	EXP 	text_2: autoDraw = False
116.8824 	EXP 	image: image = 'Pictures/F1M.jpg'
116.8824 	EXP 	image: autoDraw = True
118.2782 	EXP 	image: autoDraw = False
118.2782 	EXP 	text_2: text = 'New ’n’\n\nor \n\nOld ‘o’'
118.2782 	EXP 	text_2: autoDraw = True
119.0467 	EXP 	New trial (rep=0, index=5): {'ImageAnsShow': 'Pictures/F3A.jpg', 'Correct': 'o'}
119.1808 	DATA 	Keypress: o
119.1945 	EXP 	text_2: autoDraw = False
119.1945 	EXP 	image: image = 'Pictures/F3A.jpg'
119.1945 	EXP 	image: autoDraw = True
120.5779 	EXP 	image: autoDraw = False
120.5779 	EXP 	text_2: text = 'New ’n’\n\nor \n\nOld ‘o’'
120.5779 	EXP 	text_2: autoDraw = True
121.2801 	EXP 	New trial (rep=0, index=6): {'ImageAnsShow': 'Pictures/F3M.jpg', 'Correct': 'n'}
121.3953 	DATA 	Keypress: o
121.4088 	EXP 	text_2: autoDraw = False
121.4088 	EXP 	image: image = 'Pictures/F3M.jpg'
121.4088 	EXP 	image: autoDraw = True
122.8172 	EXP 	image: autoDraw = False
122.8172 	EXP 	text_2: text = 'New ’n’\n\nor \n\nOld ‘o’'
122.8172 	EXP 	text_2: autoDraw = True
122.9644 	EXP 	New trial (rep=0, index=7): {'ImageAnsShow': 'Pictures/M2M.jpg', 'Correct': 'o'}
123.0928 	DATA 	Keypress: n
123.1054 	EXP 	text_2: autoDraw = False
123.1054 	EXP 	image: image = 'Pictures/M2M.jpg'
123.1054 	EXP 	image: autoDraw = True
124.4949 	EXP 	image: autoDraw = False
124.4949 	EXP 	text_2: text = 'New ’n’\n\nor \n\nOld ‘o’'
124.4949 	EXP 	text_2: autoDraw = True
125.3301 	EXP 	New trial (rep=0, index=8): {'ImageAnsShow': 'Pictures/F2M.jpg', 'Correct': 'o'}
125.4540 	DATA 	Keypress: o
125.4671 	EXP 	text_2: autoDraw = False
125.4671 	EXP 	image: image = 'Pictures/F2M.jpg'
125.4671 	EXP 	image: autoDraw = True
126.8613 	EXP 	image: autoDraw = False
126.8613 	EXP 	text_2: text = 'New ’n’\n\nor \n\nOld ‘o’'
126.8613 	EXP 	text_2: autoDraw = True
127.4632 	EXP 	New trial (rep=0, index=9): {'ImageAnsShow': 'Pictures/M3A.jpg', 'Correct': 'o'}
127.5865 	DATA 	Keypress: o
127.6001 	EXP 	text_2: autoDraw = False
127.6001 	EXP 	image: image = 'Pictures/M3A.jpg'
127.6001 	EXP 	image: autoDraw = True
128.9940 	EXP 	image: autoDraw = False
128.9940 	EXP 	text_2: text = 'New ’n’\n\nor \n\nOld ‘o’'
128.9940 	EXP 	text_2: autoDraw = True
130.3469 	EXP 	New trial (rep=0, index=10): {'ImageAnsShow': 'Pictures/F1A.jpg', 'Correct': 'o'}
130.4880 	DATA 	Keypress: o
130.5011 	EXP 	text_2: autoDraw = False
130.5011 	EXP 	image: image = 'Pictures/F1A.jpg'
130.5011 	EXP 	image: autoDraw = True
131.8785 	EXP 	image: autoDraw = False
131.8785 	EXP 	text_2: text = 'New ’n’\n\nor \n\nOld ‘o’'
131.8785 	EXP 	text_2: autoDraw = True
132.1796 	EXP 	New trial (rep=0, index=11): {'ImageAnsShow': 'Pictures/F2A.jpg', 'Correct': 'n'}
132.3291 	DATA 	Keypress: o
132.3427 	EXP 	text_2: autoDraw = False
132.3427 	EXP 	image: image = 'Pictures/F2A.jpg'
132.3427 	EXP 	image: autoDraw = True
133.7110 	EXP 	image: autoDraw = False
133.7110 	EXP 	text_2: text = 'New ’n’\n\nor \n\nOld ‘o’'
133.7110 	EXP 	text_2: autoDraw = True
134.0467 	EXP 	New trial (rep=0, index=1): {'PicSet': 'ImageShowSet2.xlsx', 'AnsSet': 'ImageAnsSet2.xlsx'}
134.0504 	DATA 	Keypress: n
134.0622 	EXP 	text_2: autoDraw = False
134.0622 	EXP 	count3: text = '3'
134.0622 	EXP 	count2: text = '2'
134.0622 	EXP 	Count1: text = '1'
134.0622 	EXP 	CountGo: text = 'Go'
134.0622 	EXP 	count3: autoDraw = True
135.0453 	EXP 	count2: autoDraw = True
135.0612 	EXP 	count3: autoDraw = False
136.0450 	EXP 	Count1: autoDraw = True
136.0609 	EXP 	count2: autoDraw = False
137.0446 	EXP 	CountGo: autoDraw = True
137.0610 	EXP 	Count1: autoDraw = False
138.0426 	EXP 	Imported ImageShowSet2.xlsx as conditions, 6 conditions, 1 params
138.0433 	EXP 	Created sequence: random, trialTypes=6, nReps=1, seed=None
138.0437 	EXP 	New trial (rep=0, index=0): {'ImageSetShow': 'Pictures/M11A.jpg'}
138.1775 	EXP 	CountGo: autoDraw = False
138.1775 	EXP 	count3: autoDraw = False
138.1775 	EXP 	count2: autoDraw = False
138.1775 	EXP 	Count1: autoDraw = False
138.1775 	EXP 	CountGo: autoDraw = False
138.1775 	EXP 	image_2: image = 'Pictures/M11A.jpg'
138.1775 	EXP 	image_2: autoDraw = True
139.5625 	EXP 	New trial (rep=0, index=1): {'ImageSetShow': 'Pictures/M9A.jpg'}
139.7015 	EXP 	image_2: autoDraw = False
139.7015 	EXP 	image_2: image = 'Pictures/M9A.jpg'
139.7015 	EXP 	image_2: autoDraw = True
141.0623 	EXP 	New trial (rep=0, index=2): {'ImageSetShow': 'Pictures/F11A.jpg'}
141.2064 	EXP 	image_2: autoDraw = False
141.2064 	EXP 	image_2: image = 'Pictures/F11A.jpg'
141.2064 	EXP 	image_2: autoDraw = True
142.5623 	EXP 	New trial (rep=0, index=3): {'ImageSetShow': 'Pictures/M10M.jpg'}
142.7080 	EXP 	image_2: autoDraw = False
142.7080 	EXP 	image_2: image = 'Pictures/M10M.jpg'
142.7080 	EXP 	image_2: autoDraw = True
144.0622 	EXP 	New trial (rep=0, index=4): {'ImageSetShow': 'Pictures/F9A.jpg'}
144.2125 	EXP 	image_2: autoDraw = False
144.2125 	EXP 	image_2: image = 'Pictures/F9A.jpg'
144.2125 	EXP 	image_2: autoDraw = True
145.5631 	EXP 	New trial (rep=0, index=5): {'ImageSetShow': 'Pictures/F10M.jpg'}
145.7028 	EXP 	image_2: autoDraw = False
145.7028 	EXP 	image_2: image = 'Pictures/F10M.jpg'
145.7028 	EXP 	image_2: autoDraw = True
147.0796 	EXP 	image_2: autoDraw = False
147.0796 	EXP 	text_3: text = 'Press ’o’ when seeing the same person with the same expression\n\nPress ’n’ when seeing the same person with different expression\n\nPress ‘space’ when ready'
147.0796 	EXP 	text_3: autoDraw = True
148.1313 	DATA 	Keypress: n
149.2574 	EXP 	Imported ImageAnsSet2.xlsx as conditions, 12 conditions, 2 params
149.2582 	EXP 	Created sequence: random, trialTypes=12, nReps=1, seed=None
149.2586 	EXP 	New trial (rep=0, index=0): {'ImageAnsShow': 'Pictures/F10M.jpg', 'Correct': 'o'}
149.3912 	DATA 	Keypress: space
149.4045 	EXP 	text_3: autoDraw = False
149.4045 	EXP 	image: image = 'Pictures/F10M.jpg'
149.4045 	EXP 	image: autoDraw = True
150.7794 	EXP 	image: autoDraw = False
150.7794 	EXP 	text_2: text = 'New ’n’\n\nor \n\nOld ‘o’'
150.7794 	EXP 	text_2: autoDraw = True
151.6643 	EXP 	New trial (rep=0, index=1): {'ImageAnsShow': 'Pictures/F9M.jpg', 'Correct': 'n'}
151.8204 	DATA 	Keypress: o
151.8341 	EXP 	text_2: autoDraw = False
151.8341 	EXP 	image: image = 'Pictures/F9M.jpg'
151.8341 	EXP 	image: autoDraw = True
153.1942 	EXP 	image: autoDraw = False
153.1942 	EXP 	text_2: text = 'New ’n’\n\nor \n\nOld ‘o’'
153.1942 	EXP 	text_2: autoDraw = True
153.6964 	EXP 	New trial (rep=0, index=2): {'ImageAnsShow': 'Pictures/F11A.jpg', 'Correct': 'o'}
153.8433 	DATA 	Keypress: n
153.8570 	EXP 	text_2: autoDraw = False
153.8570 	EXP 	image: image = 'Pictures/F11A.jpg'
153.8570 	EXP 	image: autoDraw = True
155.2277 	EXP 	image: autoDraw = False
155.2277 	EXP 	text_2: text = 'New ’n’\n\nor \n\nOld ‘o’'
155.2277 	EXP 	text_2: autoDraw = True
155.3626 	EXP 	New trial (rep=0, index=3): {'ImageAnsShow': 'Pictures/M9A.jpg', 'Correct': 'o'}
155.4905 	DATA 	Keypress: o
155.5032 	EXP 	text_2: autoDraw = False
155.5032 	EXP 	image: image = 'Pictures/M9A.jpg'
155.5032 	EXP 	image: autoDraw = True
156.8943 	EXP 	image: autoDraw = False
156.8943 	EXP 	text_2: text = 'New ’n’\n\nor \n\nOld ‘o’'
156.8943 	EXP 	text_2: autoDraw = True
157.1964 	EXP 	New trial (rep=0, index=4): {'ImageAnsShow': 'Pictures/M11M.jpg', 'Correct': 'n'}
157.3315 	DATA 	Keypress: o
157.3451 	EXP 	text_2: autoDraw = False
157.3451 	EXP 	image: image = 'Pictures/M11M.jpg'
157.3451 	EXP 	image: autoDraw = True
158.7278 	EXP 	image: autoDraw = False
158.7278 	EXP 	text_2: text = 'New ’n’\n\nor \n\nOld ‘o’'
158.7278 	EXP 	text_2: autoDraw = True
159.2296 	EXP 	New trial (rep=0, index=5): {'ImageAnsShow': 'Pictures/M10A.jpg', 'Correct': 'n'}
159.3657 	DATA 	Keypress: n
159.3793 	EXP 	text_2: autoDraw = False
159.3793 	EXP 	image: image = 'Pictures/M10A.jpg'
159.3793 	EXP 	image: autoDraw = True
160.7607 	EXP 	image: autoDraw = False
160.7607 	EXP 	text_2: text = 'New ’n’\n\nor \n\nOld ‘o’'
160.7607 	EXP 	text_2: autoDraw = True
163.1296 	EXP 	New trial (rep=0, index=6): {'ImageAnsShow': 'Pictures/M10M.jpg', 'Correct': 'o'}
163.2700 	DATA 	Keypress: o
163.2835 	EXP 	text_2: autoDraw = False
163.2835 	EXP 	image: image = 'Pictures/M10M.jpg'
163.2835 	EXP 	image: autoDraw = True
164.6628 	EXP 	image: autoDraw = False
164.6628 	EXP 	text_2: text = 'New ’n’\n\nor \n\nOld ‘o’'
164.6628 	EXP 	text_2: autoDraw = True
172.9123 	EXP 	New trial (rep=0, index=7): {'ImageAnsShow': 'Pictures/F11M.jpg', 'Correct': 'n'}
173.0500 	DATA 	Keypress: o
173.0636 	EXP 	text_2: autoDraw = False
173.0636 	EXP 	image: image = 'Pictures/F11M.jpg'
173.0636 	EXP 	image: autoDraw = True
174.4443 	EXP 	image: autoDraw = False
174.4443 	EXP 	text_2: text = 'New ’n’\n\nor \n\nOld ‘o’'
174.4443 	EXP 	text_2: autoDraw = True
181.8457 	EXP 	New trial (rep=0, index=8): {'ImageAnsShow': 'Pictures/M11A.jpg', 'Correct': 'o'}
181.9903 	DATA 	Keypress: n
182.0036 	EXP 	text_2: autoDraw = False
182.0036 	EXP 	image: image = 'Pictures/M11A.jpg'
182.0036 	EXP 	image: autoDraw = True
183.3782 	EXP 	image: autoDraw = False
183.3782 	EXP 	text_2: text = 'New ’n’\n\nor \n\nOld ‘o’'
183.3782 	EXP 	text_2: autoDraw = True
185.6628 	EXP 	New trial (rep=0, index=9): {'ImageAnsShow': 'Pictures/F10A.jpg', 'Correct': 'n'}
185.8228 	DATA 	Keypress: n
185.8360 	EXP 	text_2: autoDraw = False
185.8360 	EXP 	image: image = 'Pictures/F10A.jpg'
185.8360 	EXP 	image: autoDraw = True
187.1947 	EXP 	image: autoDraw = False
187.1947 	EXP 	text_2: text = 'New ’n’\n\nor \n\nOld ‘o’'
187.1947 	EXP 	text_2: autoDraw = True
187.5287 	EXP 	New trial (rep=0, index=10): {'ImageAnsShow': 'Pictures/M9M.jpg', 'Correct': 'n'}
187.6660 	DATA 	Keypress: o
187.6799 	EXP 	text_2: autoDraw = False
187.6799 	EXP 	image: image = 'Pictures/M9M.jpg'
187.6799 	EXP 	image: autoDraw = True
189.0453 	EXP 	image: autoDraw = False
189.0453 	EXP 	text_2: text = 'New ’n’\n\nor \n\nOld ‘o’'
189.0453 	EXP 	text_2: autoDraw = True
189.3288 	EXP 	New trial (rep=0, index=11): {'ImageAnsShow': 'Pictures/F9A.jpg', 'Correct': 'o'}
189.4879 	DATA 	Keypress: n
189.5013 	EXP 	text_2: autoDraw = False
189.5013 	EXP 	image: image = 'Pictures/F9A.jpg'
189.5013 	EXP 	image: autoDraw = True
190.8612 	EXP 	image: autoDraw = False
190.8612 	EXP 	text_2: text = 'New ’n’\n\nor \n\nOld ‘o’'
190.8612 	EXP 	text_2: autoDraw = True
192.0293 	EXP 	New trial (rep=0, index=2): {'PicSet': 'ImageShowSet4.xlsx', 'AnsSet': 'ImageAnsSet4.xlsx'}
192.0330 	DATA 	Keypress: o
192.0449 	EXP 	text_2: autoDraw = False
192.0449 	EXP 	count3: text = '3'
192.0449 	EXP 	count2: text = '2'
192.0449 	EXP 	Count1: text = '1'
192.0449 	EXP 	CountGo: text = 'Go'
192.0449 	EXP 	count3: autoDraw = True
193.0277 	EXP 	count2: autoDraw = True
193.0441 	EXP 	count3: autoDraw = False
194.0275 	EXP 	Count1: autoDraw = True
194.0438 	EXP 	count2: autoDraw = False
195.0270 	EXP 	Count1: autoDraw = False
195.0270 	EXP 	CountGo: autoDraw = True
196.0249 	EXP 	Imported ImageShowSet4.xlsx as conditions, 6 conditions, 1 params
196.0256 	EXP 	Created sequence: random, trialTypes=6, nReps=1, seed=None
196.0260 	EXP 	New trial (rep=0, index=0): {'ImageSetShow': 'Pictures/M27A.jpg'}
196.1680 	EXP 	CountGo: autoDraw = False
196.1680 	EXP 	count3: autoDraw = False
196.1680 	EXP 	count2: autoDraw = False
196.1680 	EXP 	Count1: autoDraw = False
196.1680 	EXP 	CountGo: autoDraw = False
196.1680 	EXP 	image_2: image = 'Pictures/M27A.jpg'
196.1680 	EXP 	image_2: autoDraw = True
197.5464 	EXP 	New trial (rep=0, index=1): {'ImageSetShow': 'Pictures/M26M.jpg'}
197.6895 	EXP 	image_2: autoDraw = False
197.6895 	EXP 	image_2: image = 'Pictures/M26M.jpg'
197.6895 	EXP 	image_2: autoDraw = True
199.0461 	EXP 	New trial (rep=0, index=2): {'ImageSetShow': 'Pictures/M25A.jpg'}
199.1936 	EXP 	image_2: autoDraw = False
199.1936 	EXP 	image_2: image = 'Pictures/M25A.jpg'
199.1936 	EXP 	image_2: autoDraw = True
200.5458 	EXP 	New trial (rep=0, index=3): {'ImageSetShow': 'Pictures/F25A.jpg'}
200.7252 	EXP 	image_2: autoDraw = False
200.7252 	EXP 	image_2: image = 'Pictures/F25A.jpg'
200.7252 	EXP 	image_2: autoDraw = True
202.0454 	EXP 	New trial (rep=0, index=4): {'ImageSetShow': 'Pictures/F27A.jpg'}
202.2236 	EXP 	image_2: autoDraw = False
202.2236 	EXP 	image_2: image = 'Pictures/F27A.jpg'
202.2236 	EXP 	image_2: autoDraw = True
203.5318 	EXP 	New trial (rep=0, index=5): {'ImageSetShow': 'Pictures/F26M.jpg'}
203.6961 	EXP 	image_2: autoDraw = False
203.6961 	EXP 	image_2: image = 'Pictures/F26M.jpg'
203.6961 	EXP 	image_2: autoDraw = True
205.0616 	EXP 	image_2: autoDraw = False
205.0616 	EXP 	text_3: text = 'Press ’o’ when seeing the same person with the same expression\n\nPress ’n’ when seeing the same person with different expression\n\nPress ‘space’ when ready'
205.0616 	EXP 	text_3: autoDraw = True
209.3273 	EXP 	Imported ImageAnsSet4.xlsx as conditions, 12 conditions, 2 params
209.3280 	EXP 	Created sequence: random, trialTypes=12, nReps=1, seed=None
209.3284 	EXP 	New trial (rep=0, index=0): {'ImageAnsShow': 'Pictures/F25M.jpg', 'Correct': 'n'}
209.4705 	DATA 	Keypress: space
209.4837 	EXP 	text_3: autoDraw = False
209.4837 	EXP 	image: image = 'Pictures/F25M.jpg'
209.4837 	EXP 	image: autoDraw = True
210.8414 	EXP 	image: autoDraw = False
210.8414 	EXP 	text_2: text = 'New ’n’\n\nor \n\nOld ‘o’'
210.8414 	EXP 	text_2: autoDraw = True
211.1124 	EXP 	New trial (rep=0, index=1): {'ImageAnsShow': 'Pictures/F27M.jpg', 'Correct': 'n'}
211.2552 	DATA 	Keypress: n
211.2691 	EXP 	text_2: autoDraw = False
211.2691 	EXP 	image: image = 'Pictures/F27M.jpg'
211.2691 	EXP 	image: autoDraw = True
212.6447 	EXP 	image: autoDraw = False
212.6447 	EXP 	text_2: text = 'New ’n’\n\nor \n\nOld ‘o’'
212.6447 	EXP 	text_2: autoDraw = True
212.9618 	EXP 	New trial (rep=0, index=2): {'ImageAnsShow': 'Pictures/F26A.jpg', 'Correct': 'n'}
213.1317 	DATA 	Keypress: n
213.1455 	EXP 	text_2: autoDraw = False
213.1455 	EXP 	image: image = 'Pictures/F26A.jpg'
213.1455 	EXP 	image: autoDraw = True
214.4809 	EXP 	image: autoDraw = False
214.4809 	EXP 	text_2: text = 'New ’n’\n\nor \n\nOld ‘o’'
214.4809 	EXP 	text_2: autoDraw = True
214.8155 	EXP 	New trial (rep=0, index=3): {'ImageAnsShow': 'Pictures/M26M.jpg', 'Correct': 'o'}
214.9637 	DATA 	Keypress: n
214.9785 	EXP 	text_2: autoDraw = False
214.9785 	EXP 	image: image = 'Pictures/M26M.jpg'
214.9785 	EXP 	image: autoDraw = True
216.3461 	EXP 	image: autoDraw = False
216.3461 	EXP 	text_2: text = 'New ’n’\n\nor \n\nOld ‘o’'
216.3461 	EXP 	text_2: autoDraw = True
216.4795 	EXP 	New trial (rep=0, index=4): {'ImageAnsShow': 'Pictures/M25M.jpg', 'Correct': 'n'}
216.6399 	DATA 	Keypress: o
216.6538 	EXP 	text_2: autoDraw = False
216.6538 	EXP 	image: image = 'Pictures/M25M.jpg'
216.6538 	EXP 	image: autoDraw = True
218.0114 	EXP 	image: autoDraw = False
218.0114 	EXP 	text_2: text = 'New ’n’\n\nor \n\nOld ‘o’'
218.0114 	EXP 	text_2: autoDraw = True
218.5291 	EXP 	New trial (rep=0, index=5): {'ImageAnsShow': 'Pictures/M26A.jpg', 'Correct': 'n'}
218.6622 	DATA 	Keypress: n
218.6755 	EXP 	text_2: autoDraw = False
218.6755 	EXP 	image: image = 'Pictures/M26A.jpg'
218.6755 	EXP 	image: autoDraw = True
220.0613 	EXP 	image: autoDraw = False
220.0613 	EXP 	text_2: text = 'New ’n’\n\nor \n\nOld ‘o’'
220.0613 	EXP 	text_2: autoDraw = True
220.5958 	EXP 	New trial (rep=0, index=6): {'ImageAnsShow': 'Pictures/F25A.jpg', 'Correct': 'o'}
220.7604 	DATA 	Keypress: n
220.7746 	EXP 	text_2: autoDraw = False
220.7746 	EXP 	image: image = 'Pictures/F25A.jpg'
220.7746 	EXP 	image: autoDraw = True
222.1282 	EXP 	image: autoDraw = False
222.1282 	EXP 	text_2: text = 'New ’n’\n\nor \n\nOld ‘o’'
222.1282 	EXP 	text_2: autoDraw = True
222.8457 	EXP 	New trial (rep=0, index=7): {'ImageAnsShow': 'Pictures/F27A.jpg', 'Correct': 'o'}
223.0123 	DATA 	Keypress: o
223.0254 	EXP 	text_2: autoDraw = False
223.0254 	EXP 	image: image = 'Pictures/F27A.jpg'
223.0254 	EXP 	image: autoDraw = True
224.3634 	EXP 	image: autoDraw = False
224.3634 	EXP 	text_2: text = 'New ’n’\n\nor \n\nOld ‘o’'
224.3634 	EXP 	text_2: autoDraw = True
224.4456 	EXP 	New trial (rep=0, index=8): {'ImageAnsShow': 'Pictures/F26M.jpg', 'Correct': 'o'}
224.6089 	DATA 	Keypress: o
224.6231 	EXP 	text_2: autoDraw = False
224.6231 	EXP 	image: image = 'Pictures/F26M.jpg'
224.6231 	EXP 	image: autoDraw = True
225.9777 	EXP 	image: autoDraw = False
225.9777 	EXP 	text_2: text = 'New ’n’\n\nor \n\nOld ‘o’'
225.9777 	EXP 	text_2: autoDraw = True
226.2621 	EXP 	New trial (rep=0, index=9): {'ImageAnsShow': 'Pictures/M27M.jpg', 'Correct': 'n'}
226.3974 	DATA 	Keypress: o
226.4106 	EXP 	text_2: autoDraw = False
226.4106 	EXP 	image: image = 'Pictures/M27M.jpg'
226.4106 	EXP 	image: autoDraw = True
227.7942 	EXP 	image: autoDraw = False
227.7942 	EXP 	text_2: text = 'New ’n’\n\nor \n\nOld ‘o’'
227.7942 	EXP 	text_2: autoDraw = True
228.0623 	EXP 	New trial (rep=0, index=10): {'ImageAnsShow': 'Pictures/M25A.jpg', 'Correct': 'o'}
228.2060 	DATA 	Keypress: n
228.2186 	EXP 	text_2: autoDraw = False
228.2186 	EXP 	image: image = 'Pictures/M25A.jpg'
228.2186 	EXP 	image: autoDraw = True
229.5941 	EXP 	image: autoDraw = False
229.5941 	EXP 	text_2: text = 'New ’n’\n\nor \n\nOld ‘o’'
229.5941 	EXP 	text_2: autoDraw = True
231.6787 	EXP 	New trial (rep=0, index=11): {'ImageAnsShow': 'Pictures/M27A.jpg', 'Correct': 'o'}
231.8194 	DATA 	Keypress: o
231.8334 	EXP 	text_2: autoDraw = False
231.8334 	EXP 	image: image = 'Pictures/M27A.jpg'
231.8334 	EXP 	image: autoDraw = True
233.2106 	EXP 	image: autoDraw = False
233.2106 	EXP 	text_2: text = 'New ’n’\n\nor \n\nOld ‘o’'
233.2106 	EXP 	text_2: autoDraw = True
236.3122 	EXP 	New trial (rep=0, index=3): {'PicSet': 'ImageShowSet6.xlsx', 'AnsSet': 'ImageAnsSet6.xlsx'}
236.3166 	DATA 	Keypress: n
236.3290 	EXP 	text_2: autoDraw = False
236.3290 	EXP 	count3: text = '3'
236.3290 	EXP 	count2: text = '2'
236.3290 	EXP 	Count1: text = '1'
236.3290 	EXP 	CountGo: text = 'Go'
236.3290 	EXP 	count3: autoDraw = True
237.3112 	EXP 	count2: autoDraw = True
237.3436 	EXP 	count3: autoDraw = False
238.3109 	EXP 	Count1: autoDraw = True
238.3268 	EXP 	count2: autoDraw = False
239.3105 	EXP 	CountGo: autoDraw = True
239.3265 	EXP 	Count1: autoDraw = False
240.3249 	EXP 	Imported ImageShowSet6.xlsx as conditions, 6 conditions, 1 params
240.3256 	EXP 	Created sequence: random, trialTypes=6, nReps=1, seed=None
240.3260 	EXP 	New trial (rep=0, index=0): {'ImageSetShow': 'Pictures/F23A.jpg'}
240.4952 	EXP 	CountGo: autoDraw = False
240.4952 	EXP 	count3: autoDraw = False
240.4952 	EXP 	count2: autoDraw = False
240.4952 	EXP 	Count1: autoDraw = False
240.4952 	EXP 	CountGo: autoDraw = False
240.4952 	EXP 	image_2: image = 'Pictures/F23A.jpg'
240.4952 	EXP 	image_2: autoDraw = True
241.8291 	EXP 	New trial (rep=0, index=1): {'ImageSetShow': 'Pictures/F22M.jpg'}
241.9831 	EXP 	image_2: autoDraw = False
241.9831 	EXP 	image_2: image = 'Pictures/F22M.jpg'
241.9831 	EXP 	image_2: autoDraw = True
243.3131 	EXP 	New trial (rep=0, index=2): {'ImageSetShow': 'Pictures/M24M.jpg'}
243.4613 	EXP 	image_2: autoDraw = False
243.4613 	EXP 	image_2: image = 'Pictures/M24M.jpg'
243.4613 	EXP 	image_2: autoDraw = True
244.8145 	EXP 	New trial (rep=0, index=3): {'ImageSetShow': 'Pictures/F24M.jpg'}
244.9788 	EXP 	image_2: autoDraw = False
244.9788 	EXP 	image_2: image = 'Pictures/F24M.jpg'
244.9788 	EXP 	image_2: autoDraw = True
246.3286 	EXP 	New trial (rep=0, index=4): {'ImageSetShow': 'Pictures/M23A.jpg'}
246.4852 	EXP 	image_2: autoDraw = False
246.4852 	EXP 	image_2: image = 'Pictures/M23A.jpg'
246.4852 	EXP 	image_2: autoDraw = True
247.8289 	EXP 	New trial (rep=0, index=5): {'ImageSetShow': 'Pictures/M22M.jpg'}
247.9781 	EXP 	image_2: autoDraw = False
247.9781 	EXP 	image_2: image = 'Pictures/M22M.jpg'
247.9781 	EXP 	image_2: autoDraw = True
249.3448 	EXP 	image_2: autoDraw = False
249.3448 	EXP 	text_3: text = 'Press ’o’ when seeing the same person with the same expression\n\nPress ’n’ when seeing the same person with different expression\n\nPress ‘space’ when ready'
249.3448 	EXP 	text_3: autoDraw = True
282.3749 	EXP 	Imported ImageAnsSet6.xlsx as conditions, 12 conditions, 2 params
282.3756 	EXP 	Created sequence: random, trialTypes=12, nReps=1, seed=None
282.3760 	EXP 	New trial (rep=0, index=0): {'ImageAnsShow': 'Pictures/M24A.jpg', 'Correct': 'n'}
282.5298 	DATA 	Keypress: space
282.5435 	EXP 	text_3: autoDraw = False
282.5435 	EXP 	image: image = 'Pictures/M24A.jpg'
282.5435 	EXP 	image: autoDraw = True
283.8955 	EXP 	image: autoDraw = False
283.8955 	EXP 	text_2: text = 'New ’n’\n\nor \n\nOld ‘o’'
283.8955 	EXP 	text_2: autoDraw = True
296.0623 	EXP 	New trial (rep=0, index=1): {'ImageAnsShow': 'Pictures/F22M.jpg', 'Correct': 'o'}
296.2096 	DATA 	Keypress: o
296.2233 	EXP 	text_2: autoDraw = False
296.2233 	EXP 	image: image = 'Pictures/F22M.jpg'
296.2233 	EXP 	image: autoDraw = True
297.5933 	EXP 	image: autoDraw = False
297.5933 	EXP 	text_2: text = 'New ’n’\n\nor \n\nOld ‘o’'
297.5933 	EXP 	text_2: autoDraw = True
298.4114 	EXP 	New trial (rep=0, index=2): {'ImageAnsShow': 'Pictures/F24M.jpg', 'Correct': 'o'}
298.5577 	DATA 	Keypress: o
298.5715 	EXP 	text_2: autoDraw = False
298.5715 	EXP 	image: image = 'Pictures/F24M.jpg'
298.5715 	EXP 	image: autoDraw = True
299.9434 	EXP 	image: autoDraw = False
299.9434 	EXP 	text_2: text = 'New ’n’\n\nor \n\nOld ‘o’'
299.9434 	EXP 	text_2: autoDraw = True
306.2946 	EXP 	New trial (rep=0, index=3): {'ImageAnsShow': 'Pictures/M23M.jpg', 'Correct': 'n'}
306.4499 	DATA 	Keypress: o
306.4636 	EXP 	text_2: autoDraw = False
306.4636 	EXP 	image: image = 'Pictures/M23M.jpg'
306.4636 	EXP 	image: autoDraw = True
307.8270 	EXP 	image: autoDraw = False
307.8270 	EXP 	text_2: text = 'New ’n’\n\nor \n\nOld ‘o’'
307.8270 	EXP 	text_2: autoDraw = True
311.9274 	EXP 	New trial (rep=0, index=4): {'ImageAnsShow': 'Pictures/M24M.jpg', 'Correct': 'o'}
312.0796 	DATA 	Keypress: o
312.0935 	EXP 	text_2: autoDraw = False
312.0935 	EXP 	image: image = 'Pictures/M24M.jpg'
312.0935 	EXP 	image: autoDraw = True
313.4441 	EXP 	image: autoDraw = False
313.4441 	EXP 	text_2: text = 'New ’n’\n\nor \n\nOld ‘o’'
313.4441 	EXP 	text_2: autoDraw = True
314.4615 	EXP 	New trial (rep=0, index=5): {'ImageAnsShow': 'Pictures/F23M.jpg', 'Correct': 'n'}
314.6061 	DATA 	Keypress: n
314.6208 	EXP 	text_2: autoDraw = False
314.6208 	EXP 	image: image = 'Pictures/F23M.jpg'
314.6208 	EXP 	image: autoDraw = True
315.9930 	EXP 	image: autoDraw = False
315.9930 	EXP 	text_2: text = 'New ’n’\n\nor \n\nOld ‘o’'
315.9930 	EXP 	text_2: autoDraw = True
316.9609 	EXP 	New trial (rep=0, index=6): {'ImageAnsShow': 'Pictures/F24A.jpg', 'Correct': 'n'}
317.1257 	DATA 	Keypress: o
317.1397 	EXP 	text_2: autoDraw = False
317.1397 	EXP 	image: image = 'Pictures/F24A.jpg'
317.1397 	EXP 	image: autoDraw = True
318.4931 	EXP 	image: autoDraw = False
318.4931 	EXP 	text_2: text = 'New ’n’\n\nor \n\nOld ‘o’'
318.4931 	EXP 	text_2: autoDraw = True
319.1106 	EXP 	New trial (rep=0, index=7): {'ImageAnsShow': 'Pictures/F23A.jpg', 'Correct': 'o'}
319.2777 	DATA 	Keypress: o
319.2914 	EXP 	text_2: autoDraw = False
319.2914 	EXP 	image: image = 'Pictures/F23A.jpg'
319.2914 	EXP 	image: autoDraw = True
320.6430 	EXP 	image: autoDraw = False
320.6430 	EXP 	text_2: text = 'New ’n’\n\nor \n\nOld ‘o’'
320.6430 	EXP 	text_2: autoDraw = True
320.9603 	EXP 	New trial (rep=0, index=8): {'ImageAnsShow': 'Pictures/M22A.jpg', 'Correct': 'n'}
321.1024 	DATA 	Keypress: o
321.1158 	EXP 	text_2: autoDraw = False
321.1158 	EXP 	image: image = 'Pictures/M22A.jpg'
321.1158 	EXP 	image: autoDraw = True
322.4765 	EXP 	image: autoDraw = False
322.4765 	EXP 	text_2: text = 'New ’n’\n\nor \n\nOld ‘o’'
322.4765 	EXP 	text_2: autoDraw = True
323.7941 	EXP 	New trial (rep=0, index=9): {'ImageAnsShow': 'Pictures/M22M.jpg', 'Correct': 'o'}
323.9340 	DATA 	Keypress: n
323.9473 	EXP 	text_2: autoDraw = False
323.9473 	EXP 	image: image = 'Pictures/M22M.jpg'
323.9473 	EXP 	image: autoDraw = True
325.3119 	EXP 	image: autoDraw = False
325.3119 	EXP 	text_2: text = 'New ’n’\n\nor \n\nOld ‘o’'
325.3119 	EXP 	text_2: autoDraw = True
326.4954 	EXP 	New trial (rep=0, index=10): {'ImageAnsShow': 'Pictures/M23A.jpg', 'Correct': 'o'}
326.6849 	DATA 	Keypress: n
326.6982 	EXP 	text_2: autoDraw = False
326.6982 	EXP 	image: image = 'Pictures/M23A.jpg'
326.6982 	EXP 	image: autoDraw = True
328.0265 	EXP 	image: autoDraw = False
328.0265 	EXP 	text_2: text = 'New ’n’\n\nor \n\nOld ‘o’'
328.0265 	EXP 	text_2: autoDraw = True
338.2273 	EXP 	New trial (rep=0, index=11): {'ImageAnsShow': 'Pictures/F22A.jpg', 'Correct': 'n'}
338.4067 	DATA 	Keypress: o
338.4206 	EXP 	text_2: autoDraw = False
338.4206 	EXP 	image: image = 'Pictures/F22A.jpg'
338.4206 	EXP 	image: autoDraw = True
339.7594 	EXP 	image: autoDraw = False
339.7594 	EXP 	text_2: text = 'New ’n’\n\nor \n\nOld ‘o’'
339.7594 	EXP 	text_2: autoDraw = True
340.0610 	EXP 	New trial (rep=0, index=4): {'PicSet': 'ImageShowSet5.xlsx', 'AnsSet': 'ImageAnsSet5.xlsx'}
340.0650 	DATA 	Keypress: o
340.0768 	EXP 	text_2: autoDraw = False
340.0768 	EXP 	count3: text = '3'
340.0768 	EXP 	count2: text = '2'
340.0768 	EXP 	Count1: text = '1'
340.0768 	EXP 	CountGo: text = 'Go'
340.0768 	EXP 	count3: autoDraw = True
341.0596 	EXP 	count2: autoDraw = True
341.0760 	EXP 	count3: autoDraw = False
342.0593 	EXP 	Count1: autoDraw = True
342.0755 	EXP 	count2: autoDraw = False
343.0596 	EXP 	CountGo: autoDraw = True
343.0756 	EXP 	Count1: autoDraw = False
344.0771 	EXP 	Imported ImageShowSet5.xlsx as conditions, 6 conditions, 1 params
344.0778 	EXP 	Created sequence: random, trialTypes=6, nReps=1, seed=None
344.0782 	EXP 	New trial (rep=0, index=0): {'ImageSetShow': 'Pictures/F6M.jpg'}
344.2431 	EXP 	CountGo: autoDraw = False
344.2431 	EXP 	count3: autoDraw = False
344.2431 	EXP 	count2: autoDraw = False
344.2431 	EXP 	Count1: autoDraw = False
344.2431 	EXP 	CountGo: autoDraw = False
344.2431 	EXP 	image_2: image = 'Pictures/F6M.jpg'
344.2431 	EXP 	image_2: autoDraw = True
345.5788 	EXP 	New trial (rep=0, index=1): {'ImageSetShow': 'Pictures/M7A.jpg'}
345.7270 	EXP 	image_2: autoDraw = False
345.7270 	EXP 	image_2: image = 'Pictures/M7A.jpg'
345.7270 	EXP 	image_2: autoDraw = True
347.0651 	EXP 	New trial (rep=0, index=2): {'ImageSetShow': 'Pictures/F8M.jpg'}
347.2552 	EXP 	image_2: autoDraw = False
347.2552 	EXP 	image_2: image = 'Pictures/F8M.jpg'
347.2552 	EXP 	image_2: autoDraw = True
348.5622 	EXP 	New trial (rep=0, index=3): {'ImageSetShow': 'Pictures/F7A.jpg'}
348.7593 	EXP 	image_2: autoDraw = False
348.7593 	EXP 	image_2: image = 'Pictures/F7A.jpg'
348.7593 	EXP 	image_2: autoDraw = True
350.0616 	EXP 	New trial (rep=0, index=4): {'ImageSetShow': 'Pictures/M8M.jpg'}
350.2202 	EXP 	image_2: autoDraw = False
350.2202 	EXP 	image_2: image = 'Pictures/M8M.jpg'
350.2202 	EXP 	image_2: autoDraw = True
351.5628 	EXP 	New trial (rep=0, index=5): {'ImageSetShow': 'Pictures/M6M.jpg'}
351.7197 	EXP 	image_2: autoDraw = False
351.7197 	EXP 	image_2: image = 'Pictures/M6M.jpg'
351.7197 	EXP 	image_2: autoDraw = True
353.0943 	EXP 	image_2: autoDraw = False
353.0943 	EXP 	text_3: text = 'Press ’o’ when seeing the same person with the same expression\n\nPress ’n’ when seeing the same person with different expression\n\nPress ‘space’ when ready'
353.0943 	EXP 	text_3: autoDraw = True
356.4130 	DATA 	Keypress: o
357.4633 	DATA 	Keypress: n
358.0580 	EXP 	Imported ImageAnsSet5.xlsx as conditions, 12 conditions, 2 params
358.0586 	EXP 	Created sequence: random, trialTypes=12, nReps=1, seed=None
358.0592 	EXP 	New trial (rep=0, index=0): {'ImageAnsShow': 'Pictures/M8M.jpg', 'Correct': 'o'}
358.2142 	DATA 	Keypress: space
358.2282 	EXP 	text_3: autoDraw = False
358.2282 	EXP 	image: image = 'Pictures/M8M.jpg'
358.2282 	EXP 	image: autoDraw = True
359.5645 	EXP 	image: autoDraw = False
359.5645 	EXP 	text_2: text = 'New ’n’\n\nor \n\nOld ‘o’'
359.5645 	EXP 	text_2: autoDraw = True
359.7439 	EXP 	New trial (rep=0, index=1): {'ImageAnsShow': 'Pictures/M6M.jpg', 'Correct': 'o'}
359.9005 	DATA 	Keypress: n
359.9141 	EXP 	text_2: autoDraw = False
359.9141 	EXP 	image: image = 'Pictures/M6M.jpg'
359.9141 	EXP 	image: autoDraw = True
361.2767 	EXP 	image: autoDraw = False
361.2767 	EXP 	text_2: text = 'New ’n’\n\nor \n\nOld ‘o’'
361.2767 	EXP 	text_2: autoDraw = True
361.5612 	EXP 	New trial (rep=0, index=2): {'ImageAnsShow': 'Pictures/F6M.jpg', 'Correct': 'o'}
361.7260 	DATA 	Keypress: o
361.7399 	EXP 	text_2: autoDraw = False
361.7399 	EXP 	image: image = 'Pictures/F6M.jpg'
361.7399 	EXP 	image: autoDraw = True
363.0813 	EXP 	image: autoDraw = False
363.0813 	EXP 	text_2: text = 'New ’n’\n\nor \n\nOld ‘o’'
363.0813 	EXP 	text_2: autoDraw = True
364.4110 	EXP 	New trial (rep=0, index=3): {'ImageAnsShow': 'Pictures/F6A.jpg', 'Correct': 'n'}
364.5760 	DATA 	Keypress: o
364.5900 	EXP 	text_2: autoDraw = False
364.5900 	EXP 	image: image = 'Pictures/F6A.jpg'
364.5900 	EXP 	image: autoDraw = True
365.9435 	EXP 	image: autoDraw = False
365.9435 	EXP 	text_2: text = 'New ’n’\n\nor \n\nOld ‘o’'
365.9435 	EXP 	text_2: autoDraw = True
366.5773 	EXP 	New trial (rep=0, index=4): {'ImageAnsShow': 'Pictures/M8A.jpg', 'Correct': 'n'}
366.7285 	DATA 	Keypress: n
366.7429 	EXP 	text_2: autoDraw = False
366.7429 	EXP 	image: image = 'Pictures/M8A.jpg'
366.7429 	EXP 	image: autoDraw = True
368.1099 	EXP 	image: autoDraw = False
368.1099 	EXP 	text_2: text = 'New ’n’\n\nor \n\nOld ‘o’'
368.1099 	EXP 	text_2: autoDraw = True
368.9438 	EXP 	New trial (rep=0, index=5): {'ImageAnsShow': 'Pictures/F7A.jpg', 'Correct': 'o'}
369.1407 	DATA 	Keypress: o
369.1546 	EXP 	text_2: autoDraw = False
369.1546 	EXP 	image: image = 'Pictures/F7A.jpg'
369.1546 	EXP 	image: autoDraw = True
370.4762 	EXP 	image: autoDraw = False
370.4762 	EXP 	text_2: text = 'New ’n’\n\nor \n\nOld ‘o’'
370.4762 	EXP 	text_2: autoDraw = True
372.1944 	EXP 	New trial (rep=0, index=6): {'ImageAnsShow': 'Pictures/F8A.jpg', 'Correct': 'n'}
372.3772 	DATA 	Keypress: n
372.3915 	EXP 	text_2: autoDraw = False
372.3915 	EXP 	image: image = 'Pictures/F8A.jpg'
372.3915 	EXP 	image: autoDraw = True
373.7261 	EXP 	image: autoDraw = False
373.7261 	EXP 	text_2: text = 'New ’n’\n\nor \n\nOld ‘o’'
373.7261 	EXP 	text_2: autoDraw = True
374.2774 	EXP 	New trial (rep=0, index=7): {'ImageAnsShow': 'Pictures/F8M.jpg', 'Correct': 'o'}
374.4383 	DATA 	Keypress: o
374.4518 	EXP 	text_2: autoDraw = False
374.4518 	EXP 	image: image = 'Pictures/F8M.jpg'
374.4518 	EXP 	image: autoDraw = True
375.8097 	EXP 	image: autoDraw = False
375.8097 	EXP 	text_2: text = 'New ’n’\n\nor \n\nOld ‘o’'
375.8097 	EXP 	text_2: autoDraw = True
376.2603 	EXP 	New trial (rep=0, index=8): {'ImageAnsShow': 'Pictures/M7A.jpg', 'Correct': 'o'}
376.4018 	DATA 	Keypress: n
376.4157 	EXP 	text_2: autoDraw = False
376.4157 	EXP 	image: image = 'Pictures/M7A.jpg'
376.4157 	EXP 	image: autoDraw = True
377.7793 	EXP 	image: autoDraw = False
377.7793 	EXP 	text_2: text = 'New ’n’\n\nor \n\nOld ‘o’'
377.7793 	EXP 	text_2: autoDraw = True
395.7622 	DATA 	Keypress: space
398.8599 	EXP 	New trial (rep=0, index=9): {'ImageAnsShow': 'Pictures/M7M.jpg', 'Correct': 'n'}
398.9982 	DATA 	Keypress: o
399.0123 	EXP 	text_2: autoDraw = False
399.0123 	EXP 	image: image = 'Pictures/M7M.jpg'
399.0123 	EXP 	image: autoDraw = True
400.3916 	EXP 	image: autoDraw = False
400.3916 	EXP 	text_2: text = 'New ’n’\n\nor \n\nOld ‘o’'
400.3916 	EXP 	text_2: autoDraw = True
402.4267 	EXP 	New trial (rep=0, index=10): {'ImageAnsShow': 'Pictures/M6A.jpg', 'Correct': 'n'}
402.5802 	DATA 	Keypress: o
402.5938 	EXP 	text_2: autoDraw = False
402.5938 	EXP 	image: image = 'Pictures/M6A.jpg'
402.5938 	EXP 	image: autoDraw = True
403.9586 	EXP 	image: autoDraw = False
403.9586 	EXP 	text_2: text = 'New ’n’\n\nor \n\nOld ‘o’'
403.9586 	EXP 	text_2: autoDraw = True
404.5939 	EXP 	New trial (rep=0, index=11): {'ImageAnsShow': 'Pictures/F7M.jpg', 'Correct': 'n'}
404.7617 	DATA 	Keypress: n
404.7767 	EXP 	text_2: autoDraw = False
404.7767 	EXP 	image: image = 'Pictures/F7M.jpg'
404.7767 	EXP 	image: autoDraw = True
406.1260 	EXP 	image: autoDraw = False
406.1260 	EXP 	text_2: text = 'New ’n’\n\nor \n\nOld ‘o’'
406.1260 	EXP 	text_2: autoDraw = True
408.3432 	EXP 	New trial (rep=0, index=5): {'PicSet': 'ImageShowSet3.xlsx', 'AnsSet': 'ImageAnsSet3.xlsx'}
408.3483 	DATA 	Keypress: o
408.3603 	EXP 	text_2: autoDraw = False
408.3603 	EXP 	count3: text = '3'
408.3603 	EXP 	count2: text = '2'
408.3603 	EXP 	Count1: text = '1'
408.3603 	EXP 	CountGo: text = 'Go'
408.3603 	EXP 	count3: autoDraw = True
409.3418 	EXP 	count2: autoDraw = True
409.3743 	EXP 	count3: autoDraw = False
410.3411 	EXP 	count2: autoDraw = False
410.3411 	EXP 	Count1: autoDraw = True
411.3409 	EXP 	Count1: autoDraw = False
411.3409 	EXP 	CountGo: autoDraw = True
412.3414 	EXP 	Imported ImageShowSet3.xlsx as conditions, 6 conditions, 1 params
412.3421 	EXP 	Created sequence: random, trialTypes=6, nReps=1, seed=None
412.3425 	EXP 	New trial (rep=0, index=0): {'ImageSetShow': 'Pictures/F19A.jpg'}
412.5440 	EXP 	CountGo: autoDraw = False
412.5440 	EXP 	count3: autoDraw = False
412.5440 	EXP 	count2: autoDraw = False
412.5440 	EXP 	Count1: autoDraw = False
412.5440 	EXP 	CountGo: autoDraw = False
412.5440 	EXP 	image_2: image = 'Pictures/F19A.jpg'
412.5440 	EXP 	image_2: autoDraw = True
413.8604 	EXP 	New trial (rep=0, index=1): {'ImageSetShow': 'Pictures/M18M.jpg'}
414.0163 	EXP 	image_2: autoDraw = False
414.0163 	EXP 	image_2: image = 'Pictures/M18M.jpg'
414.0163 	EXP 	image_2: autoDraw = True
415.3455 	EXP 	New trial (rep=0, index=2): {'ImageSetShow': 'Pictures/M17A.jpg'}
415.5160 	EXP 	image_2: autoDraw = False
415.5160 	EXP 	image_2: image = 'Pictures/M17A.jpg'
415.5160 	EXP 	image_2: autoDraw = True
416.8452 	EXP 	New trial (rep=0, index=3): {'ImageSetShow': 'Pictures/F17A.jpg'}
417.0352 	EXP 	image_2: autoDraw = False
417.0352 	EXP 	image_2: image = 'Pictures/F17A.jpg'
417.0352 	EXP 	image_2: autoDraw = True
418.3601 	EXP 	New trial (rep=0, index=4): {'ImageSetShow': 'Pictures/M19A.jpg'}
418.5259 	EXP 	image_2: autoDraw = False
418.5259 	EXP 	image_2: image = 'Pictures/M19A.jpg'
418.5259 	EXP 	image_2: autoDraw = True
419.8445 	EXP 	New trial (rep=0, index=5): {'ImageSetShow': 'Pictures/F18M.jpg'}
420.0142 	EXP 	image_2: autoDraw = False
420.0142 	EXP 	image_2: image = 'Pictures/F18M.jpg'
420.0142 	EXP 	image_2: autoDraw = True
421.3761 	EXP 	image_2: autoDraw = False
421.3761 	EXP 	text_3: text = 'Press ’o’ when seeing the same person with the same expression\n\nPress ’n’ when seeing the same person with different expression\n\nPress ‘space’ when ready'
421.3761 	EXP 	text_3: autoDraw = True
426.3577 	EXP 	Imported ImageAnsSet3.xlsx as conditions, 12 conditions, 2 params
426.3584 	EXP 	Created sequence: random, trialTypes=12, nReps=1, seed=None
426.3588 	EXP 	New trial (rep=0, index=0): {'ImageAnsShow': 'Pictures/F18M.jpg', 'Correct': 'o'}
426.5282 	DATA 	Keypress: space
426.5418 	EXP 	text_3: autoDraw = False
426.5418 	EXP 	image: image = 'Pictures/F18M.jpg'
426.5418 	EXP 	image: autoDraw = True
427.8622 	EXP 	image: autoDraw = False
427.8622 	EXP 	text_2: text = 'New ’n’\n\nor \n\nOld ‘o’'
427.8622 	EXP 	text_2: autoDraw = True
429.0432 	EXP 	New trial (rep=0, index=1): {'ImageAnsShow': 'Pictures/F19M.jpg', 'Correct': 'n'}
429.2254 	DATA 	Keypress: o
429.2398 	EXP 	text_2: autoDraw = False
429.2398 	EXP 	image: image = 'Pictures/F19M.jpg'
429.2398 	EXP 	image: autoDraw = True
430.5607 	EXP 	image: autoDraw = False
430.5607 	EXP 	text_2: text = 'New ’n’\n\nor \n\nOld ‘o’'
430.5607 	EXP 	text_2: autoDraw = True
431.7594 	EXP 	New trial (rep=0, index=2): {'ImageAnsShow': 'Pictures/M17A.jpg', 'Correct': 'o'}
431.8987 	DATA 	Keypress: o
431.9121 	EXP 	text_2: autoDraw = False
431.9121 	EXP 	image: image = 'Pictures/M17A.jpg'
431.9121 	EXP 	image: autoDraw = True
433.2915 	EXP 	image: autoDraw = False
433.2915 	EXP 	text_2: text = 'New ’n’\n\nor \n\nOld ‘o’'
433.2915 	EXP 	text_2: autoDraw = True
434.7594 	EXP 	New trial (rep=0, index=3): {'ImageAnsShow': 'Pictures/M19A.jpg', 'Correct': 'o'}
434.9105 	DATA 	Keypress: o
434.9246 	EXP 	text_2: autoDraw = False
434.9246 	EXP 	image: image = 'Pictures/M19A.jpg'
434.9246 	EXP 	image: autoDraw = True
436.2766 	EXP 	image: autoDraw = False
436.2766 	EXP 	text_2: text = 'New ’n’\n\nor \n\nOld ‘o’'
436.2766 	EXP 	text_2: autoDraw = True
436.6765 	EXP 	New trial (rep=0, index=4): {'ImageAnsShow': 'Pictures/F17M.jpg', 'Correct': 'n'}
436.8237 	DATA 	Keypress: o
436.8375 	EXP 	text_2: autoDraw = False
436.8375 	EXP 	image: image = 'Pictures/F17M.jpg'
436.8375 	EXP 	image: autoDraw = True
438.2084 	EXP 	image: autoDraw = False
438.2084 	EXP 	text_2: text = 'New ’n’\n\nor \n\nOld ‘o’'
438.2084 	EXP 	text_2: autoDraw = True
438.6094 	EXP 	New trial (rep=0, index=5): {'ImageAnsShow': 'Pictures/M18A.jpg', 'Correct': 'n'}
438.7453 	DATA 	Keypress: n
438.7592 	EXP 	text_2: autoDraw = False
438.7592 	EXP 	image: image = 'Pictures/M18A.jpg'
438.7592 	EXP 	image: autoDraw = True
440.1414 	EXP 	image: autoDraw = False
440.1414 	EXP 	text_2: text = 'New ’n’\n\nor \n\nOld ‘o’'
440.1414 	EXP 	text_2: autoDraw = True
440.9923 	EXP 	New trial (rep=0, index=6): {'ImageAnsShow': 'Pictures/F19A.jpg', 'Correct': 'o'}
441.1645 	DATA 	Keypress: n
441.1785 	EXP 	text_2: autoDraw = False
441.1785 	EXP 	image: image = 'Pictures/F19A.jpg'
441.1785 	EXP 	image: autoDraw = True
442.5246 	EXP 	image: autoDraw = False
442.5246 	EXP 	text_2: text = 'New ’n’\n\nor \n\nOld ‘o’'
442.5246 	EXP 	text_2: autoDraw = True
443.1089 	EXP 	New trial (rep=0, index=7): {'ImageAnsShow': 'Pictures/M19M.jpg', 'Correct': 'n'}
443.2576 	DATA 	Keypress: n
443.2711 	EXP 	text_2: autoDraw = False
443.2711 	EXP 	image: image = 'Pictures/M19M.jpg'
443.2711 	EXP 	image: autoDraw = True
444.6251 	EXP 	image: autoDraw = False
444.6251 	EXP 	text_2: text = 'New ’n’\n\nor \n\nOld ‘o’'
444.6251 	EXP 	text_2: autoDraw = True
445.1599 	EXP 	New trial (rep=0, index=8): {'ImageAnsShow': 'Pictures/M17M.jpg', 'Correct': 'n'}
445.3142 	DATA 	Keypress: n
445.3283 	EXP 	text_2: autoDraw = False
445.3283 	EXP 	image: image = 'Pictures/M17M.jpg'
445.3283 	EXP 	image: autoDraw = True
446.6914 	EXP 	image: autoDraw = False
446.6914 	EXP 	text_2: text = 'New ’n’\n\nor \n\nOld ‘o’'
446.6914 	EXP 	text_2: autoDraw = True
447.1593 	EXP 	New trial (rep=0, index=9): {'ImageAnsShow': 'Pictures/M18M.jpg', 'Correct': 'o'}
447.2882 	DATA 	Keypress: n
447.3020 	EXP 	text_2: autoDraw = False
447.3020 	EXP 	image: image = 'Pictures/M18M.jpg'
447.3020 	EXP 	image: autoDraw = True
448.6911 	EXP 	image: autoDraw = False
448.6911 	EXP 	text_2: text = 'New ’n’\n\nor \n\nOld ‘o’'
448.6911 	EXP 	text_2: autoDraw = True
449.3095 	EXP 	New trial (rep=0, index=10): {'ImageAnsShow': 'Pictures/F18A.jpg', 'Correct': 'n'}
449.4877 	DATA 	Keypress: o
449.5014 	EXP 	text_2: autoDraw = False
449.5014 	EXP 	image: image = 'Pictures/F18A.jpg'
449.5014 	EXP 	image: autoDraw = True
450.8412 	EXP 	image: autoDraw = False
450.8412 	EXP 	text_2: text = 'New ’n’\n\nor \n\nOld ‘o’'
450.8412 	EXP 	text_2: autoDraw = True
451.4759 	EXP 	New trial (rep=0, index=11): {'ImageAnsShow': 'Pictures/F17A.jpg', 'Correct': 'o'}
451.6459 	DATA 	Keypress: o
451.6596 	EXP 	text_2: autoDraw = False
451.6596 	EXP 	image: image = 'Pictures/F17A.jpg'
451.6596 	EXP 	image: autoDraw = True
453.0078 	EXP 	image: autoDraw = False
453.0078 	EXP 	text_2: text = 'New ’n’\n\nor \n\nOld ‘o’'
453.0078 	EXP 	text_2: autoDraw = True
453.2800 	DATA 	Keypress: o
453.2919 	EXP 	text_2: autoDraw = False
453.2919 	EXP 	text_5: autoDraw = True
454.3276 	DATA 	Keypress: o
454.8775 	DATA 	Keypress: space
455.3068 	EXP 	text_5: autoDraw = False
455.9058 	EXP 	window1: mouseVisible = True
