0.9066 	WARNING 	We strongly recommend you activate the PTB sound engine in PsychoPy prefs as the preferred audio engine. Its timing is vastly superior. Your prefs are currently set to use ['sounddevice', 'PTB', 'pyo', 'pygame'] (in that order).
46.0431 	EXP 	Created window1 = Window(allowGUI=False, allowStencil=False, autoLog=True, backendConf=UNKNOWN, bitsMode=UNKNOWN, blendMode='avg', bpc=(8, 8, 8), color=array([0, 0, 0]), colorSpace='rgb', depthBits=8, fullscr=<method-wrapper '__getattribute__' of attributeSetter object at 0x7faf89b539e8>, gamma=None, gammaErrorPolicy='raise', lms=UNKNOWN, monitor=<psychopy.monitors.calibTools.Monitor object at 0x7faf895604e0>, multiSample=False, name='window1', numSamples=2, pos=[360.0, 225.0], screen=0, size=array([2880, 1800]), stencilBits=0, stereo=False, units='height', useFBO=True, useRetina=True, viewOri=0.0, viewPos=None, viewScale=None, waitBlanking=True, winType='pyglet')
46.0436 	EXP 	window1: mouseVisible = True
46.0436 	EXP 	window1: recordFrameIntervals = False
46.2085 	EXP 	window1: recordFrameIntervals = True
46.3921 	EXP 	window1: recordFrameIntervals = False
47.1513 	EXP 	Created intro = TextStim(__class__=<class 'psychopy.visual.text.TextStim'>, alignHoriz=method-wrapper(...), alignText='center', alignVert=method-wrapper(...), anchorHoriz='center', anchorVert='center', antialias=True, autoLog=True, bold=False, color=array([1., 1., 1.]), colorSpace='rgb', contrast=1.0, depth=0.0, flipHoriz=False, flipVert=False, font='Open Sans', fontFiles=[], height=0.05, italic=False, languageStyle='LTR', name='intro', opacity=1, ori=0.0, pos=array([0., 0.]), rgb=UNKNOWN, text=str(...), units='height', win=Window(...), wrapWidth=1)
47.3240 	EXP 	Created count3 = TextStim(__class__=<class 'psychopy.visual.text.TextStim'>, alignHoriz=method-wrapper(...), alignText='center', alignVert=method-wrapper(...), anchorHoriz='center', anchorVert='center', antialias=True, autoLog=True, bold=False, color=array([1., 1., 1.]), colorSpace='rgb', contrast=1.0, depth=0.0, flipHoriz=False, flipVert=False, font='Open Sans', fontFiles=[], height=0.1, italic=False, languageStyle='LTR', name='count3', opacity=1, ori=0.0, pos=array([0., 0.]), rgb=UNKNOWN, text='', units='height', win=Window(...), wrapWidth=1)
47.3254 	EXP 	Created count2 = TextStim(__class__=<class 'psychopy.visual.text.TextStim'>, alignHoriz=method-wrapper(...), alignText='center', alignVert=method-wrapper(...), anchorHoriz='center', anchorVert='center', antialias=True, autoLog=True, bold=False, color=array([1., 1., 1.]), colorSpace='rgb', contrast=1.0, depth=-1.0, flipHoriz=False, flipVert=False, font='Open Sans', fontFiles=[], height=0.1, italic=False, languageStyle='LTR', name='count2', opacity=1, ori=0.0, pos=array([0., 0.]), rgb=UNKNOWN, text='', units='height', win=Window(...), wrapWidth=1)
47.3267 	EXP 	Created Count1 = TextStim(__class__=<class 'psychopy.visual.text.TextStim'>, alignHoriz=method-wrapper(...), alignText='center', alignVert=method-wrapper(...), anchorHoriz='center', anchorVert='center', antialias=True, autoLog=True, bold=False, color=array([1., 1., 1.]), colorSpace='rgb', contrast=1.0, depth=-2.0, flipHoriz=False, flipVert=False, font='Open Sans', fontFiles=[], height=0.1, italic=False, languageStyle='LTR', name='Count1', opacity=1, ori=0.0, pos=array([0., 0.]), rgb=UNKNOWN, text='', units='height', win=Window(...), wrapWidth=1)
47.3279 	EXP 	Created CountGo = TextStim(__class__=<class 'psychopy.visual.text.TextStim'>, alignHoriz=method-wrapper(...), alignText='center', alignVert=method-wrapper(...), anchorHoriz='center', anchorVert='center', antialias=True, autoLog=True, bold=False, color=array([1., 1., 1.]), colorSpace='rgb', contrast=1.0, depth=-3.0, flipHoriz=False, flipVert=False, font='Open Sans', fontFiles=[], height=0.1, italic=False, languageStyle='LTR', name='CountGo', opacity=1, ori=0.0, pos=array([0., 0.]), rgb=UNKNOWN, text='', units='height', win=Window(...), wrapWidth=1)
47.3337 	EXP 	Created image_2 = ImageStim(__class__=<class 'psychopy.visual.image.ImageStim'>, autoLog=True, color=array([1., 1., 1.]), colorSpace='rgb', contrast=1.0, depth=0.0, flipHoriz=False, flipVert=False, image='sin', interpolate=True, mask=None, maskParams=None, name='image_2', opacity=1, ori=0.0, pos=array([0., 0.]), size=array([1.  , 0.75]), texRes=128.0, units='height', win=Window(...))
47.3351 	EXP 	Created text_3 = TextStim(__class__=<class 'psychopy.visual.text.TextStim'>, alignHoriz=method-wrapper(...), alignText='center', alignVert=method-wrapper(...), anchorHoriz='center', anchorVert='center', antialias=True, autoLog=True, bold=False, color=array([1., 1., 1.]), colorSpace='rgb', contrast=1.0, depth=0.0, flipHoriz=False, flipVert=False, font='Open Sans', fontFiles=[], height=0.05, italic=False, languageStyle='LTR', name='text_3', opacity=1, ori=0.0, pos=array([0., 0.]), rgb=UNKNOWN, text='', units='height', win=Window(...), wrapWidth=1)
47.5101 	EXP 	Created image = ImageStim(__class__=<class 'psychopy.visual.image.ImageStim'>, autoLog=True, color=array([1., 1., 1.]), colorSpace='rgb', contrast=1.0, depth=0.0, flipHoriz=False, flipVert=False, image='sin', interpolate=True, mask=None, maskParams=None, name='image', opacity=1, ori=0.0, pos=array([0., 0.]), size=array([1.  , 0.75]), texRes=128.0, units='height', win=Window(...))
47.5115 	EXP 	Created text_2 = TextStim(__class__=<class 'psychopy.visual.text.TextStim'>, alignHoriz=method-wrapper(...), alignText='center', alignVert=method-wrapper(...), anchorHoriz='center', anchorVert='center', antialias=True, autoLog=True, bold=False, color=array([1., 1., 1.]), colorSpace='rgb', contrast=1.0, depth=0.0, flipHoriz=False, flipVert=False, font='Open Sans', fontFiles=[], height=0.1, italic=False, languageStyle='LTR', name='text_2', opacity=1, ori=0.0, pos=array([0., 0.]), rgb=UNKNOWN, text='', units='height', win=Window(...), wrapWidth=1)
47.6876 	EXP 	Created text_5 = TextStim(__class__=<class 'psychopy.visual.text.TextStim'>, alignHoriz=method-wrapper(...), alignText='center', alignVert=method-wrapper(...), anchorHoriz='center', anchorVert='center', antialias=True, autoLog=True, bold=False, color=array([1., 1., 1.]), colorSpace='rgb', contrast=1.0, depth=0.0, flipHoriz=False, flipVert=False, font='Open Sans', fontFiles=[], height=0.1, italic=False, languageStyle='LTR', name='text_5', opacity=1, ori=0.0, pos=array([0., 0.]), rgb=UNKNOWN, text='Thank you!', units='height', win=Window(...), wrapWidth=1)
47.7108 	EXP 	intro: autoDraw = True
59.1422 	EXP 	Imported ImageList.xlsx as conditions, 6 conditions, 2 params
59.1432 	EXP 	Created sequence: random, trialTypes=6, nReps=1, seed=None
59.1436 	EXP 	New trial (rep=0, index=0): {'PicSet': 'ImageShowSet1.xlsx', 'AnsSet': 'ImageAnsSet1.xlsx'}
59.1659 	DATA 	Keypress: space
59.1771 	EXP 	intro: autoDraw = False
59.1771 	EXP 	count3: text = '3'
59.1771 	EXP 	count2: text = '2'
59.1771 	EXP 	Count1: text = '1'
59.1771 	EXP 	CountGo: text = 'Go'
59.1771 	EXP 	count3: autoDraw = True
60.1593 	EXP 	count2: autoDraw = True
60.1912 	EXP 	count3: autoDraw = False
61.1597 	EXP 	Count1: autoDraw = True
61.1743 	EXP 	count2: autoDraw = False
62.1585 	EXP 	CountGo: autoDraw = True
62.1746 	EXP 	Count1: autoDraw = False
63.1568 	EXP 	Imported ImageShowSet1.xlsx as conditions, 6 conditions, 1 params
63.1575 	EXP 	Created sequence: random, trialTypes=6, nReps=1, seed=None
63.1579 	EXP 	New trial (rep=0, index=0): {'ImageSetShow': 'Pictures/F1A.jpg'}
63.3500 	EXP 	count3: autoDraw = False
63.3500 	EXP 	count2: autoDraw = False
63.3500 	EXP 	Count1: autoDraw = False
63.3500 	EXP 	CountGo: autoDraw = False
63.3500 	EXP 	image_2: image = 'Pictures/F1A.jpg'
63.3500 	EXP 	image_2: autoDraw = True
64.1427 	EXP 	New trial (rep=0, index=1): {'ImageSetShow': 'Pictures/M3A.jpg'}
64.2811 	EXP 	image_2: autoDraw = False
64.2811 	EXP 	image_2: image = 'Pictures/M3A.jpg'
64.2811 	EXP 	image_2: autoDraw = True
65.1272 	EXP 	New trial (rep=0, index=2): {'ImageSetShow': 'Pictures/M2M.jpg'}
65.2588 	EXP 	image_2: autoDraw = False
65.2588 	EXP 	image_2: image = 'Pictures/M2M.jpg'
65.2588 	EXP 	image_2: autoDraw = True
66.1434 	EXP 	New trial (rep=0, index=3): {'ImageSetShow': 'Pictures/F2M.jpg'}
66.2830 	EXP 	image_2: autoDraw = False
66.2830 	EXP 	image_2: image = 'Pictures/F2M.jpg'
66.2830 	EXP 	image_2: autoDraw = True
67.1434 	EXP 	New trial (rep=0, index=4): {'ImageSetShow': 'Pictures/F3A.jpg'}
67.2904 	EXP 	image_2: autoDraw = False
67.2904 	EXP 	image_2: image = 'Pictures/F3A.jpg'
67.2904 	EXP 	image_2: autoDraw = True
68.1429 	EXP 	New trial (rep=0, index=5): {'ImageSetShow': 'Pictures/M1A.jpg'}
68.2752 	EXP 	image_2: autoDraw = False
68.2752 	EXP 	image_2: image = 'Pictures/M1A.jpg'
68.2752 	EXP 	image_2: autoDraw = True
69.1771 	EXP 	image_2: autoDraw = False
69.1771 	EXP 	text_3: text = 'Press ’o’ when seeing the same person with the same expression\n\nPress ’n’ when seeing the same person with different expression\n\nPress ‘space’ when ready'
69.1771 	EXP 	text_3: autoDraw = True
71.1551 	EXP 	Imported ImageAnsSet1.xlsx as conditions, 12 conditions, 2 params
71.1558 	EXP 	Created sequence: random, trialTypes=12, nReps=1, seed=None
71.1563 	EXP 	New trial (rep=0, index=0): {'ImageAnsShow': 'Pictures/M1M.jpg', 'Correct': 'n'}
71.2775 	DATA 	Keypress: space
71.2979 	EXP 	text_3: autoDraw = False
71.2979 	EXP 	image: image = 'Pictures/M1M.jpg'
71.2979 	EXP 	image: autoDraw = True
72.1907 	EXP 	image: autoDraw = False
72.1907 	EXP 	text_2: text = 'New’n’\n\nor \n\nOld ‘o’'
72.1907 	EXP 	text_2: autoDraw = True
72.8431 	EXP 	New trial (rep=0, index=1): {'ImageAnsShow': 'Pictures/F3A.jpg', 'Correct': 'o'}
72.9739 	DATA 	Keypress: o
72.9900 	EXP 	text_2: autoDraw = False
72.9900 	EXP 	image: image = 'Pictures/F3A.jpg'
72.9900 	EXP 	image: autoDraw = True
73.8745 	EXP 	image: autoDraw = False
73.8745 	EXP 	text_2: text = 'New’n’\n\nor \n\nOld ‘o’'
73.8745 	EXP 	text_2: autoDraw = True
74.4102 	EXP 	New trial (rep=0, index=2): {'ImageAnsShow': 'Pictures/M1A.jpg', 'Correct': 'o'}
74.5254 	DATA 	Keypress: o
74.5416 	EXP 	text_2: autoDraw = False
74.5416 	EXP 	image: image = 'Pictures/M1A.jpg'
74.5416 	EXP 	image: autoDraw = True
75.4416 	EXP 	image: autoDraw = False
75.4416 	EXP 	text_2: text = 'New’n’\n\nor \n\nOld ‘o’'
75.4416 	EXP 	text_2: autoDraw = True
75.8598 	EXP 	New trial (rep=0, index=3): {'ImageAnsShow': 'Pictures/M2M.jpg', 'Correct': 'o'}
75.9764 	DATA 	Keypress: o
75.9900 	EXP 	text_2: autoDraw = False
75.9900 	EXP 	image: image = 'Pictures/M2M.jpg'
75.9900 	EXP 	image: autoDraw = True
76.8762 	EXP 	image: autoDraw = False
76.8762 	EXP 	text_2: text = 'New’n’\n\nor \n\nOld ‘o’'
76.8762 	EXP 	text_2: autoDraw = True
77.2927 	EXP 	New trial (rep=0, index=4): {'ImageAnsShow': 'Pictures/F3M.jpg', 'Correct': 'n'}
77.4068 	DATA 	Keypress: o
77.4231 	EXP 	text_2: autoDraw = False
77.4231 	EXP 	image: image = 'Pictures/F3M.jpg'
77.4231 	EXP 	image: autoDraw = True
78.3244 	EXP 	image: autoDraw = False
78.3244 	EXP 	text_2: text = 'New’n’\n\nor \n\nOld ‘o’'
78.3244 	EXP 	text_2: autoDraw = True
78.7258 	EXP 	New trial (rep=0, index=5): {'ImageAnsShow': 'Pictures/F1A.jpg', 'Correct': 'o'}
78.8608 	DATA 	Keypress: o
78.8745 	EXP 	text_2: autoDraw = False
78.8745 	EXP 	image: image = 'Pictures/F1A.jpg'
78.8745 	EXP 	image: autoDraw = True
79.7577 	EXP 	image: autoDraw = False
79.7577 	EXP 	text_2: text = 'New’n’\n\nor \n\nOld ‘o’'
79.7577 	EXP 	text_2: autoDraw = True
80.2266 	EXP 	New trial (rep=0, index=6): {'ImageAnsShow': 'Pictures/F2M.jpg', 'Correct': 'o'}
80.3478 	DATA 	Keypress: o
80.3643 	EXP 	text_2: autoDraw = False
80.3643 	EXP 	image: image = 'Pictures/F2M.jpg'
80.3643 	EXP 	image: autoDraw = True
81.2580 	EXP 	image: autoDraw = False
81.2580 	EXP 	text_2: text = 'New’n’\n\nor \n\nOld ‘o’'
81.2580 	EXP 	text_2: autoDraw = True
81.7426 	EXP 	New trial (rep=0, index=7): {'ImageAnsShow': 'Pictures/M3M.jpg', 'Correct': 'n'}
81.8610 	DATA 	Keypress: o
81.8746 	EXP 	text_2: autoDraw = False
81.8746 	EXP 	image: image = 'Pictures/M3M.jpg'
81.8746 	EXP 	image: autoDraw = True
82.7744 	EXP 	image: autoDraw = False
82.7744 	EXP 	text_2: text = 'New’n’\n\nor \n\nOld ‘o’'
82.7744 	EXP 	text_2: autoDraw = True
83.2921 	EXP 	New trial (rep=0, index=8): {'ImageAnsShow': 'Pictures/F1M.jpg', 'Correct': 'n'}
83.4121 	DATA 	Keypress: o
83.4255 	EXP 	text_2: autoDraw = False
83.4255 	EXP 	image: image = 'Pictures/F1M.jpg'
83.4255 	EXP 	image: autoDraw = True
84.3242 	EXP 	image: autoDraw = False
84.3242 	EXP 	text_2: text = 'New’n’\n\nor \n\nOld ‘o’'
84.3242 	EXP 	text_2: autoDraw = True
84.7105 	EXP 	New trial (rep=0, index=9): {'ImageAnsShow': 'Pictures/M2A.jpg', 'Correct': 'n'}
84.8310 	DATA 	Keypress: o
84.8473 	EXP 	text_2: autoDraw = False
84.8473 	EXP 	image: image = 'Pictures/M2A.jpg'
84.8473 	EXP 	image: autoDraw = True
85.7409 	EXP 	image: autoDraw = False
85.7409 	EXP 	text_2: text = 'New’n’\n\nor \n\nOld ‘o’'
85.7409 	EXP 	text_2: autoDraw = True
86.2096 	EXP 	New trial (rep=0, index=10): {'ImageAnsShow': 'Pictures/F2A.jpg', 'Correct': 'n'}
86.3446 	DATA 	Keypress: o
86.3582 	EXP 	text_2: autoDraw = False
86.3582 	EXP 	image: image = 'Pictures/F2A.jpg'
86.3582 	EXP 	image: autoDraw = True
87.2252 	EXP 	image: autoDraw = False
87.2252 	EXP 	text_2: text = 'New’n’\n\nor \n\nOld ‘o’'
87.2252 	EXP 	text_2: autoDraw = True
87.8424 	EXP 	New trial (rep=0, index=11): {'ImageAnsShow': 'Pictures/M3A.jpg', 'Correct': 'o'}
87.9642 	DATA 	Keypress: o
87.9805 	EXP 	text_2: autoDraw = False
87.9805 	EXP 	image: image = 'Pictures/M3A.jpg'
87.9805 	EXP 	image: autoDraw = True
88.8743 	EXP 	image: autoDraw = False
88.8743 	EXP 	text_2: text = 'New’n’\n\nor \n\nOld ‘o’'
88.8743 	EXP 	text_2: autoDraw = True
89.4932 	EXP 	New trial (rep=0, index=1): {'PicSet': 'ImageShowSet2.xlsx', 'AnsSet': 'ImageAnsSet2.xlsx'}
89.4975 	DATA 	Keypress: n
89.5092 	EXP 	text_2: autoDraw = False
89.5092 	EXP 	count3: text = '3'
89.5092 	EXP 	count2: text = '2'
89.5092 	EXP 	Count1: text = '1'
89.5092 	EXP 	CountGo: text = 'Go'
89.5092 	EXP 	count3: autoDraw = True
90.4911 	EXP 	count2: autoDraw = True
90.5241 	EXP 	count3: autoDraw = False
91.4908 	EXP 	count2: autoDraw = False
91.4908 	EXP 	Count1: autoDraw = True
92.4908 	EXP 	Count1: autoDraw = False
92.4908 	EXP 	CountGo: autoDraw = True
93.4888 	EXP 	Imported ImageShowSet2.xlsx as conditions, 6 conditions, 1 params
93.4895 	EXP 	Created sequence: random, trialTypes=6, nReps=1, seed=None
93.4899 	EXP 	New trial (rep=0, index=0): {'ImageSetShow': 'Pictures/F10M.jpg'}
93.6156 	EXP 	CountGo: autoDraw = False
93.6156 	EXP 	count3: autoDraw = False
93.6156 	EXP 	count2: autoDraw = False
93.6156 	EXP 	Count1: autoDraw = False
93.6156 	EXP 	CountGo: autoDraw = False
93.6156 	EXP 	image_2: image = 'Pictures/F10M.jpg'
93.6156 	EXP 	image_2: autoDraw = True
94.5089 	EXP 	New trial (rep=0, index=1): {'ImageSetShow': 'Pictures/M9A.jpg'}
94.6422 	EXP 	image_2: autoDraw = False
94.6422 	EXP 	image_2: image = 'Pictures/M9A.jpg'
94.6422 	EXP 	image_2: autoDraw = True
95.5087 	EXP 	New trial (rep=0, index=2): {'ImageSetShow': 'Pictures/F9A.jpg'}
95.6584 	EXP 	image_2: autoDraw = False
95.6584 	EXP 	image_2: image = 'Pictures/F9A.jpg'
95.6584 	EXP 	image_2: autoDraw = True
96.5087 	EXP 	New trial (rep=0, index=3): {'ImageSetShow': 'Pictures/F11A.jpg'}
96.6618 	EXP 	image_2: autoDraw = False
96.6618 	EXP 	image_2: image = 'Pictures/F11A.jpg'
96.6618 	EXP 	image_2: autoDraw = True
97.4950 	EXP 	New trial (rep=0, index=4): {'ImageSetShow': 'Pictures/M11A.jpg'}
97.6515 	EXP 	image_2: autoDraw = False
97.6515 	EXP 	image_2: image = 'Pictures/M11A.jpg'
97.6515 	EXP 	image_2: autoDraw = True
98.5098 	EXP 	New trial (rep=0, index=5): {'ImageSetShow': 'Pictures/M10M.jpg'}
98.6583 	EXP 	image_2: autoDraw = False
98.6583 	EXP 	image_2: image = 'Pictures/M10M.jpg'
98.6583 	EXP 	image_2: autoDraw = True
99.5261 	EXP 	image_2: autoDraw = False
99.5261 	EXP 	text_3: text = 'Press ’o’ when seeing the same person with the same expression\n\nPress ’n’ when seeing the same person with different expression\n\nPress ‘space’ when ready'
99.5261 	EXP 	text_3: autoDraw = True
101.0373 	EXP 	Imported ImageAnsSet2.xlsx as conditions, 12 conditions, 2 params
101.0380 	EXP 	Created sequence: random, trialTypes=12, nReps=1, seed=None
101.0385 	EXP 	New trial (rep=0, index=0): {'ImageAnsShow': 'Pictures/F9M.jpg', 'Correct': 'n'}
101.1612 	DATA 	Keypress: space
101.1743 	EXP 	text_3: autoDraw = False
101.1743 	EXP 	image: image = 'Pictures/F9M.jpg'
101.1743 	EXP 	image: autoDraw = True
102.0591 	EXP 	image: autoDraw = False
102.0591 	EXP 	text_2: text = 'New’n’\n\nor \n\nOld ‘o’'
102.0591 	EXP 	text_2: autoDraw = True
103.1609 	EXP 	New trial (rep=0, index=1): {'ImageAnsShow': 'Pictures/F9A.jpg', 'Correct': 'o'}
103.2996 	DATA 	Keypress: o
103.3143 	EXP 	text_2: autoDraw = False
103.3143 	EXP 	image: image = 'Pictures/F9A.jpg'
103.3143 	EXP 	image: autoDraw = True
104.1912 	EXP 	image: autoDraw = False
104.1912 	EXP 	text_2: text = 'New’n’\n\nor \n\nOld ‘o’'
104.1912 	EXP 	text_2: autoDraw = True
104.3254 	EXP 	New trial (rep=0, index=2): {'ImageAnsShow': 'Pictures/F10M.jpg', 'Correct': 'o'}
104.4488 	DATA 	Keypress: o
104.4653 	EXP 	text_2: autoDraw = False
104.4653 	EXP 	image: image = 'Pictures/F10M.jpg'
104.4653 	EXP 	image: autoDraw = True
105.3460 	DATA 	Keypress: o
105.3586 	EXP 	image: autoDraw = False
105.3586 	EXP 	text_2: text = 'New’n’\n\nor \n\nOld ‘o’'
105.3586 	EXP 	text_2: autoDraw = True
105.8427 	EXP 	New trial (rep=0, index=3): {'ImageAnsShow': 'Pictures/M10A.jpg', 'Correct': 'n'}
105.9705 	DATA 	Keypress: o
105.9873 	EXP 	text_2: autoDraw = False
105.9873 	EXP 	image: image = 'Pictures/M10A.jpg'
105.9873 	EXP 	image: autoDraw = True
106.8635 	DATA 	Keypress: n
106.8753 	EXP 	image: autoDraw = False
106.8753 	EXP 	text_2: text = 'New’n’\n\nor \n\nOld ‘o’'
106.8753 	EXP 	text_2: autoDraw = True
107.3423 	EXP 	New trial (rep=0, index=4): {'ImageAnsShow': 'Pictures/F11M.jpg', 'Correct': 'n'}
107.4783 	DATA 	Keypress: n
107.4921 	EXP 	text_2: autoDraw = False
107.4921 	EXP 	image: image = 'Pictures/F11M.jpg'
107.4921 	EXP 	image: autoDraw = True
108.3744 	EXP 	image: autoDraw = False
108.3744 	EXP 	text_2: text = 'New’n’\n\nor \n\nOld ‘o’'
108.3744 	EXP 	text_2: autoDraw = True
109.7423 	EXP 	New trial (rep=0, index=5): {'ImageAnsShow': 'Pictures/M11M.jpg', 'Correct': 'n'}
109.8851 	DATA 	Keypress: n
109.9000 	EXP 	text_2: autoDraw = False
109.9000 	EXP 	image: image = 'Pictures/M11M.jpg'
109.9000 	EXP 	image: autoDraw = True
110.7609 	EXP 	image: autoDraw = False
110.7609 	EXP 	text_2: text = 'New’n’\n\nor \n\nOld ‘o’'
110.7609 	EXP 	text_2: autoDraw = True
110.9761 	EXP 	New trial (rep=0, index=6): {'ImageAnsShow': 'Pictures/M10M.jpg', 'Correct': 'o'}
111.1209 	DATA 	Keypress: o
111.1368 	EXP 	text_2: autoDraw = False
111.1368 	EXP 	image: image = 'Pictures/M10M.jpg'
111.1368 	EXP 	image: autoDraw = True
111.9925 	EXP 	image: autoDraw = False
111.9925 	EXP 	text_2: text = 'New’n’\n\nor \n\nOld ‘o’'
111.9925 	EXP 	text_2: autoDraw = True
113.1261 	EXP 	New trial (rep=0, index=7): {'ImageAnsShow': 'Pictures/M9M.jpg', 'Correct': 'n'}
113.2642 	DATA 	Keypress: n
113.2802 	EXP 	text_2: autoDraw = False
113.2802 	EXP 	image: image = 'Pictures/M9M.jpg'
113.2802 	EXP 	image: autoDraw = True
114.1586 	EXP 	image: autoDraw = False
114.1586 	EXP 	text_2: text = 'New’n’\n\nor \n\nOld ‘o’'
114.1586 	EXP 	text_2: autoDraw = True
115.9103 	EXP 	New trial (rep=0, index=8): {'ImageAnsShow': 'Pictures/M9A.jpg', 'Correct': 'o'}
116.0613 	DATA 	Keypress: o
116.0747 	EXP 	text_2: autoDraw = False
116.0747 	EXP 	image: image = 'Pictures/M9A.jpg'
116.0747 	EXP 	image: autoDraw = True
116.9271 	EXP 	image: autoDraw = False
116.9271 	EXP 	text_2: text = 'New’n’\n\nor \n\nOld ‘o’'
116.9271 	EXP 	text_2: autoDraw = True
117.3265 	EXP 	New trial (rep=0, index=9): {'ImageAnsShow': 'Pictures/M11A.jpg', 'Correct': 'o'}
117.4683 	DATA 	Keypress: n
117.4833 	EXP 	text_2: autoDraw = False
117.4833 	EXP 	image: image = 'Pictures/M11A.jpg'
117.4833 	EXP 	image: autoDraw = True
118.3461 	EXP 	image: autoDraw = False
118.3461 	EXP 	text_2: text = 'New’n’\n\nor \n\nOld ‘o’'
118.3461 	EXP 	text_2: autoDraw = True
118.6423 	EXP 	New trial (rep=0, index=10): {'ImageAnsShow': 'Pictures/F11A.jpg', 'Correct': 'o'}
118.8016 	DATA 	Keypress: o
118.8159 	EXP 	text_2: autoDraw = False
118.8159 	EXP 	image: image = 'Pictures/F11A.jpg'
118.8159 	EXP 	image: autoDraw = True
119.6752 	EXP 	image: autoDraw = False
119.6752 	EXP 	text_2: text = 'New’n’\n\nor \n\nOld ‘o’'
119.6752 	EXP 	text_2: autoDraw = True
120.1265 	EXP 	New trial (rep=0, index=11): {'ImageAnsShow': 'Pictures/F10A.jpg', 'Correct': 'n'}
120.2759 	DATA 	Keypress: o
120.2895 	EXP 	text_2: autoDraw = False
120.2895 	EXP 	image: image = 'Pictures/F10A.jpg'
120.2895 	EXP 	image: autoDraw = True
121.1595 	EXP 	image: autoDraw = False
121.1595 	EXP 	text_2: text = 'New’n’\n\nor \n\nOld ‘o’'
121.1595 	EXP 	text_2: autoDraw = True
121.5596 	EXP 	New trial (rep=0, index=2): {'PicSet': 'ImageShowSet5.xlsx', 'AnsSet': 'ImageAnsSet5.xlsx'}
121.5638 	DATA 	Keypress: o
121.5757 	EXP 	text_2: autoDraw = False
121.5757 	EXP 	count3: text = '3'
121.5757 	EXP 	count2: text = '2'
121.5757 	EXP 	Count1: text = '1'
121.5757 	EXP 	CountGo: text = 'Go'
121.5757 	EXP 	count3: autoDraw = True
122.5583 	EXP 	count2: autoDraw = True
122.5741 	EXP 	count3: autoDraw = False
123.5572 	EXP 	count2: autoDraw = False
123.5572 	EXP 	Count1: autoDraw = True
124.5573 	EXP 	Count1: autoDraw = False
124.5573 	EXP 	CountGo: autoDraw = True
125.5559 	EXP 	Imported ImageShowSet5.xlsx as conditions, 6 conditions, 1 params
125.5568 	EXP 	Created sequence: random, trialTypes=6, nReps=1, seed=None
125.5573 	EXP 	New trial (rep=0, index=0): {'ImageSetShow': 'Pictures/M7A.jpg'}
125.7008 	EXP 	CountGo: autoDraw = False
125.7008 	EXP 	count3: autoDraw = False
125.7008 	EXP 	count2: autoDraw = False
125.7008 	EXP 	Count1: autoDraw = False
125.7008 	EXP 	CountGo: autoDraw = False
125.7008 	EXP 	image_2: image = 'Pictures/M7A.jpg'
125.7008 	EXP 	image_2: autoDraw = True
126.5616 	EXP 	New trial (rep=0, index=1): {'ImageSetShow': 'Pictures/F6M.jpg'}
126.7149 	EXP 	image_2: autoDraw = False
126.7149 	EXP 	image_2: image = 'Pictures/F6M.jpg'
126.7149 	EXP 	image_2: autoDraw = True
127.5610 	EXP 	New trial (rep=0, index=2): {'ImageSetShow': 'Pictures/M8M.jpg'}
127.7131 	EXP 	image_2: autoDraw = False
127.7131 	EXP 	image_2: image = 'Pictures/M8M.jpg'
127.7131 	EXP 	image_2: autoDraw = True
128.5699 	EXP 	New trial (rep=0, index=3): {'ImageSetShow': 'Pictures/M6M.jpg'}
128.7319 	EXP 	image_2: autoDraw = False
128.7319 	EXP 	image_2: image = 'Pictures/M6M.jpg'
128.7319 	EXP 	image_2: autoDraw = True
129.5613 	EXP 	New trial (rep=0, index=4): {'ImageSetShow': 'Pictures/F7A.jpg'}
129.7401 	EXP 	image_2: autoDraw = False
129.7401 	EXP 	image_2: image = 'Pictures/F7A.jpg'
129.7401 	EXP 	image_2: autoDraw = True
130.5611 	EXP 	New trial (rep=0, index=5): {'ImageSetShow': 'Pictures/F8M.jpg'}
130.7064 	EXP 	image_2: autoDraw = False
130.7064 	EXP 	image_2: image = 'Pictures/F8M.jpg'
130.7064 	EXP 	image_2: autoDraw = True
131.5932 	EXP 	image_2: autoDraw = False
131.5932 	EXP 	text_3: text = 'Press ’o’ when seeing the same person with the same expression\n\nPress ’n’ when seeing the same person with different expression\n\nPress ‘space’ when ready'
131.5932 	EXP 	text_3: autoDraw = True
133.0539 	EXP 	Imported ImageAnsSet5.xlsx as conditions, 12 conditions, 2 params
133.0546 	EXP 	Created sequence: random, trialTypes=12, nReps=1, seed=None
133.0551 	EXP 	New trial (rep=0, index=0): {'ImageAnsShow': 'Pictures/M7M.jpg', 'Correct': 'n'}
133.1846 	DATA 	Keypress: space
133.1977 	EXP 	text_3: autoDraw = False
133.1977 	EXP 	image: image = 'Pictures/M7M.jpg'
133.1977 	EXP 	image: autoDraw = True
134.0766 	EXP 	image: autoDraw = False
134.0766 	EXP 	text_2: text = 'New’n’\n\nor \n\nOld ‘o’'
134.0766 	EXP 	text_2: autoDraw = True
134.4432 	EXP 	New trial (rep=0, index=1): {'ImageAnsShow': 'Pictures/M7A.jpg', 'Correct': 'o'}
134.5852 	DATA 	Keypress: o
134.6001 	EXP 	text_2: autoDraw = False
134.6001 	EXP 	image: image = 'Pictures/M7A.jpg'
134.6001 	EXP 	image: autoDraw = True
135.4752 	EXP 	image: autoDraw = False
135.4752 	EXP 	text_2: text = 'New’n’\n\nor \n\nOld ‘o’'
135.4752 	EXP 	text_2: autoDraw = True
135.7927 	EXP 	New trial (rep=0, index=2): {'ImageAnsShow': 'Pictures/M8A.jpg', 'Correct': 'n'}
135.9263 	DATA 	Keypress: o
135.9403 	EXP 	text_2: autoDraw = False
135.9403 	EXP 	image: image = 'Pictures/M8A.jpg'
135.9403 	EXP 	image: autoDraw = True
136.8248 	EXP 	image: autoDraw = False
136.8248 	EXP 	text_2: text = 'New’n’\n\nor \n\nOld ‘o’'
136.8248 	EXP 	text_2: autoDraw = True
139.0425 	EXP 	New trial (rep=0, index=3): {'ImageAnsShow': 'Pictures/F8M.jpg', 'Correct': 'o'}
139.2009 	DATA 	Keypress: n
139.2159 	EXP 	text_2: autoDraw = False
139.2159 	EXP 	image: image = 'Pictures/F8M.jpg'
139.2159 	EXP 	image: autoDraw = True
140.0716 	EXP 	image: autoDraw = False
140.0716 	EXP 	text_2: text = 'New’n’\n\nor \n\nOld ‘o’'
140.0716 	EXP 	text_2: autoDraw = True
140.2920 	EXP 	New trial (rep=0, index=4): {'ImageAnsShow': 'Pictures/M6A.jpg', 'Correct': 'n'}
140.4443 	DATA 	Keypress: o
140.4580 	EXP 	text_2: autoDraw = False
140.4580 	EXP 	image: image = 'Pictures/M6A.jpg'
140.4580 	EXP 	image: autoDraw = True
141.3081 	EXP 	image: autoDraw = False
141.3081 	EXP 	text_2: text = 'New’n’\n\nor \n\nOld ‘o’'
141.3081 	EXP 	text_2: autoDraw = True
142.3426 	EXP 	New trial (rep=0, index=5): {'ImageAnsShow': 'Pictures/F6A.jpg', 'Correct': 'n'}
142.4906 	DATA 	Keypress: n
142.5072 	EXP 	text_2: autoDraw = False
142.5072 	EXP 	image: image = 'Pictures/F6A.jpg'
142.5072 	EXP 	image: autoDraw = True
143.3744 	EXP 	image: autoDraw = False
143.3744 	EXP 	text_2: text = 'New’n’\n\nor \n\nOld ‘o’'
143.3744 	EXP 	text_2: autoDraw = True
143.5924 	EXP 	New trial (rep=0, index=6): {'ImageAnsShow': 'Pictures/M8M.jpg', 'Correct': 'o'}
143.7316 	DATA 	Keypress: o
143.7464 	EXP 	text_2: autoDraw = False
143.7464 	EXP 	image: image = 'Pictures/M8M.jpg'
143.7464 	EXP 	image: autoDraw = True
144.6245 	EXP 	image: autoDraw = False
144.6245 	EXP 	text_2: text = 'New’n’\n\nor \n\nOld ‘o’'
144.6245 	EXP 	text_2: autoDraw = True
145.1252 	EXP 	New trial (rep=0, index=7): {'ImageAnsShow': 'Pictures/M6M.jpg', 'Correct': 'o'}
145.2626 	DATA 	Keypress: o
145.2792 	EXP 	text_2: autoDraw = False
145.2792 	EXP 	image: image = 'Pictures/M6M.jpg'
145.2792 	EXP 	image: autoDraw = True
146.1464 	DATA 	Keypress: o
146.1586 	EXP 	image: autoDraw = False
146.1586 	EXP 	text_2: text = 'New’n’\n\nor \n\nOld ‘o’'
146.1586 	EXP 	text_2: autoDraw = True
146.5756 	EXP 	New trial (rep=0, index=8): {'ImageAnsShow': 'Pictures/F6M.jpg', 'Correct': 'o'}
146.7277 	DATA 	Keypress: o
146.7414 	EXP 	text_2: autoDraw = False
146.7414 	EXP 	image: image = 'Pictures/F6M.jpg'
146.7414 	EXP 	image: autoDraw = True
147.5450 	DATA 	Keypress: n
147.5920 	EXP 	image: autoDraw = False
147.5920 	EXP 	text_2: text = 'New’n’\n\nor \n\nOld ‘o’'
147.5920 	EXP 	text_2: autoDraw = True
148.0590 	EXP 	New trial (rep=0, index=9): {'ImageAnsShow': 'Pictures/F7A.jpg', 'Correct': 'o'}
148.2396 	DATA 	Keypress: n
148.2563 	EXP 	text_2: autoDraw = False
148.2563 	EXP 	image: image = 'Pictures/F7A.jpg'
148.2563 	EXP 	image: autoDraw = True
149.0801 	EXP 	image: autoDraw = False
149.0801 	EXP 	text_2: text = 'New’n’\n\nor \n\nOld ‘o’'
149.0801 	EXP 	text_2: autoDraw = True
149.3759 	EXP 	New trial (rep=0, index=10): {'ImageAnsShow': 'Pictures/F7M.jpg', 'Correct': 'n'}
149.5216 	DATA 	Keypress: n
149.5381 	EXP 	text_2: autoDraw = False
149.5381 	EXP 	image: image = 'Pictures/F7M.jpg'
149.5381 	EXP 	image: autoDraw = True
150.3932 	EXP 	image: autoDraw = False
150.3932 	EXP 	text_2: text = 'New’n’\n\nor \n\nOld ‘o’'
150.3932 	EXP 	text_2: autoDraw = True
150.5089 	EXP 	New trial (rep=0, index=11): {'ImageAnsShow': 'Pictures/F8A.jpg', 'Correct': 'n'}
150.6809 	DATA 	Keypress: n
150.6945 	EXP 	text_2: autoDraw = False
150.6945 	EXP 	image: image = 'Pictures/F8A.jpg'
150.6945 	EXP 	image: autoDraw = True
151.5410 	EXP 	image: autoDraw = False
151.5410 	EXP 	text_2: text = 'New’n’\n\nor \n\nOld ‘o’'
151.5410 	EXP 	text_2: autoDraw = True
151.8255 	EXP 	New trial (rep=0, index=3): {'PicSet': 'ImageShowSet4.xlsx', 'AnsSet': 'ImageAnsSet4.xlsx'}
151.8291 	DATA 	Keypress: o
151.8411 	EXP 	text_2: autoDraw = False
151.8411 	EXP 	count3: text = '3'
151.8411 	EXP 	count2: text = '2'
151.8411 	EXP 	Count1: text = '1'
151.8411 	EXP 	CountGo: text = 'Go'
151.8411 	EXP 	count3: autoDraw = True
152.8240 	EXP 	count2: autoDraw = True
152.8402 	EXP 	count3: autoDraw = False
153.8235 	EXP 	count2: autoDraw = False
153.8235 	EXP 	Count1: autoDraw = True
154.8234 	EXP 	Count1: autoDraw = False
154.8234 	EXP 	CountGo: autoDraw = True
155.8214 	EXP 	Imported ImageShowSet4.xlsx as conditions, 6 conditions, 1 params
155.8221 	EXP 	Created sequence: random, trialTypes=6, nReps=1, seed=None
155.8225 	EXP 	New trial (rep=0, index=0): {'ImageSetShow': 'Pictures/F26M.jpg'}
155.9749 	EXP 	CountGo: autoDraw = False
155.9749 	EXP 	count3: autoDraw = False
155.9749 	EXP 	count2: autoDraw = False
155.9749 	EXP 	Count1: autoDraw = False
155.9749 	EXP 	CountGo: autoDraw = False
155.9749 	EXP 	image_2: image = 'Pictures/F26M.jpg'
155.9749 	EXP 	image_2: autoDraw = True
156.8429 	EXP 	New trial (rep=0, index=1): {'ImageSetShow': 'Pictures/M25A.jpg'}
157.0076 	EXP 	image_2: autoDraw = False
157.0076 	EXP 	image_2: image = 'Pictures/M25A.jpg'
157.0076 	EXP 	image_2: autoDraw = True
157.8426 	EXP 	New trial (rep=0, index=2): {'ImageSetShow': 'Pictures/F27A.jpg'}
158.0374 	EXP 	image_2: autoDraw = False
158.0374 	EXP 	image_2: image = 'Pictures/F27A.jpg'
158.0374 	EXP 	image_2: autoDraw = True
158.8426 	EXP 	New trial (rep=0, index=3): {'ImageSetShow': 'Pictures/M26M.jpg'}
159.0060 	EXP 	image_2: autoDraw = False
159.0060 	EXP 	image_2: image = 'Pictures/M26M.jpg'
159.0060 	EXP 	image_2: autoDraw = True
159.8426 	EXP 	New trial (rep=0, index=4): {'ImageSetShow': 'Pictures/M27A.jpg'}
159.9974 	EXP 	image_2: autoDraw = False
159.9974 	EXP 	image_2: image = 'Pictures/M27A.jpg'
159.9974 	EXP 	image_2: autoDraw = True
160.8425 	EXP 	New trial (rep=0, index=5): {'ImageSetShow': 'Pictures/F25A.jpg'}
161.0223 	EXP 	image_2: autoDraw = False
161.0223 	EXP 	image_2: image = 'Pictures/F25A.jpg'
161.0223 	EXP 	image_2: autoDraw = True
161.8594 	EXP 	image_2: autoDraw = False
161.8594 	EXP 	text_3: text = 'Press ’o’ when seeing the same person with the same expression\n\nPress ’n’ when seeing the same person with different expression\n\nPress ‘space’ when ready'
161.8594 	EXP 	text_3: autoDraw = True
162.9865 	EXP 	Imported ImageAnsSet4.xlsx as conditions, 12 conditions, 2 params
162.9872 	EXP 	Created sequence: random, trialTypes=12, nReps=1, seed=None
162.9876 	EXP 	New trial (rep=0, index=0): {'ImageAnsShow': 'Pictures/F27A.jpg', 'Correct': 'o'}
163.1679 	DATA 	Keypress: space
163.1811 	EXP 	text_3: autoDraw = False
163.1811 	EXP 	image: image = 'Pictures/F27A.jpg'
163.1811 	EXP 	image: autoDraw = True
163.9933 	EXP 	image: autoDraw = False
163.9933 	EXP 	text_2: text = 'New’n’\n\nor \n\nOld ‘o’'
163.9933 	EXP 	text_2: autoDraw = True
164.8108 	EXP 	New trial (rep=0, index=1): {'ImageAnsShow': 'Pictures/F26A.jpg', 'Correct': 'n'}
164.9928 	DATA 	Keypress: o
165.0060 	EXP 	text_2: autoDraw = False
165.0060 	EXP 	image: image = 'Pictures/F26A.jpg'
165.0060 	EXP 	image: autoDraw = True
165.8271 	EXP 	image: autoDraw = False
165.8271 	EXP 	text_2: text = 'New’n’\n\nor \n\nOld ‘o’'
165.8271 	EXP 	text_2: autoDraw = True
166.0422 	EXP 	New trial (rep=0, index=2): {'ImageAnsShow': 'Pictures/F25A.jpg', 'Correct': 'o'}
166.2029 	DATA 	Keypress: n
166.2176 	EXP 	text_2: autoDraw = False
166.2176 	EXP 	image: image = 'Pictures/F25A.jpg'
166.2176 	EXP 	image: autoDraw = True
167.0747 	EXP 	image: autoDraw = False
167.0747 	EXP 	text_2: text = 'New’n’\n\nor \n\nOld ‘o’'
167.0747 	EXP 	text_2: autoDraw = True
167.3592 	EXP 	New trial (rep=0, index=3): {'ImageAnsShow': 'Pictures/M25A.jpg', 'Correct': 'o'}
167.5166 	DATA 	Keypress: o
167.5310 	EXP 	text_2: autoDraw = False
167.5310 	EXP 	image: image = 'Pictures/M25A.jpg'
167.5310 	EXP 	image: autoDraw = True
168.3768 	EXP 	image: autoDraw = False
168.3768 	EXP 	text_2: text = 'New’n’\n\nor \n\nOld ‘o’'
168.3768 	EXP 	text_2: autoDraw = True
168.5415 	EXP 	New trial (rep=0, index=4): {'ImageAnsShow': 'Pictures/M25M.jpg', 'Correct': 'n'}
168.6926 	DATA 	Keypress: n
168.7059 	EXP 	text_2: autoDraw = False
168.7059 	EXP 	image: image = 'Pictures/M25M.jpg'
168.7059 	EXP 	image: autoDraw = True
169.5751 	EXP 	image: autoDraw = False
169.5751 	EXP 	text_2: text = 'New’n’\n\nor \n\nOld ‘o’'
169.5751 	EXP 	text_2: autoDraw = True
170.6753 	EXP 	New trial (rep=0, index=5): {'ImageAnsShow': 'Pictures/M26M.jpg', 'Correct': 'o'}
170.8293 	DATA 	Keypress: o
170.8453 	EXP 	text_2: autoDraw = False
170.8453 	EXP 	image: image = 'Pictures/M26M.jpg'
170.8453 	EXP 	image: autoDraw = True
171.6929 	EXP 	image: autoDraw = False
171.6929 	EXP 	text_2: text = 'New’n’\n\nor \n\nOld ‘o’'
171.6929 	EXP 	text_2: autoDraw = True
172.5589 	EXP 	New trial (rep=0, index=6): {'ImageAnsShow': 'Pictures/F27M.jpg', 'Correct': 'n'}
172.7053 	DATA 	Keypress: o
172.7212 	EXP 	text_2: autoDraw = False
172.7212 	EXP 	image: image = 'Pictures/F27M.jpg'
172.7212 	EXP 	image: autoDraw = True
173.5765 	EXP 	image: autoDraw = False
173.5765 	EXP 	text_2: text = 'New’n’\n\nor \n\nOld ‘o’'
173.5765 	EXP 	text_2: autoDraw = True
174.3422 	EXP 	New trial (rep=0, index=7): {'ImageAnsShow': 'Pictures/M27M.jpg', 'Correct': 'n'}
174.4886 	DATA 	Keypress: n
174.5056 	EXP 	text_2: autoDraw = False
174.5056 	EXP 	image: image = 'Pictures/M27M.jpg'
174.5056 	EXP 	image: autoDraw = True
175.3601 	EXP 	image: autoDraw = False
175.3601 	EXP 	text_2: text = 'New’n’\n\nor \n\nOld ‘o’'
175.3601 	EXP 	text_2: autoDraw = True
175.4254 	EXP 	New trial (rep=0, index=8): {'ImageAnsShow': 'Pictures/M27A.jpg', 'Correct': 'o'}
175.5751 	DATA 	Keypress: n
175.5886 	EXP 	text_2: autoDraw = False
175.5886 	EXP 	image: image = 'Pictures/M27A.jpg'
175.5886 	EXP 	image: autoDraw = True
176.4545 	EXP 	image: autoDraw = False
176.4545 	EXP 	text_2: text = 'New’n’\n\nor \n\nOld ‘o’'
176.4545 	EXP 	text_2: autoDraw = True
176.5584 	EXP 	New trial (rep=0, index=9): {'ImageAnsShow': 'Pictures/M26A.jpg', 'Correct': 'n'}
176.7012 	DATA 	Keypress: n
176.7166 	EXP 	text_2: autoDraw = False
176.7166 	EXP 	image: image = 'Pictures/M26A.jpg'
176.7166 	EXP 	image: autoDraw = True
177.5769 	EXP 	image: autoDraw = False
177.5769 	EXP 	text_2: text = 'New’n’\n\nor \n\nOld ‘o’'
177.5769 	EXP 	text_2: autoDraw = True
177.7749 	EXP 	New trial (rep=0, index=10): {'ImageAnsShow': 'Pictures/F25M.jpg', 'Correct': 'n'}
177.9301 	DATA 	Keypress: n
177.9468 	EXP 	text_2: autoDraw = False
177.9468 	EXP 	image: image = 'Pictures/F25M.jpg'
177.9468 	EXP 	image: autoDraw = True
178.7961 	EXP 	image: autoDraw = False
178.7961 	EXP 	text_2: text = 'New’n’\n\nor \n\nOld ‘o’'
178.7961 	EXP 	text_2: autoDraw = True
179.2756 	EXP 	New trial (rep=0, index=11): {'ImageAnsShow': 'Pictures/F26M.jpg', 'Correct': 'o'}
179.4547 	DATA 	Keypress: n
179.4715 	EXP 	text_2: autoDraw = False
179.4715 	EXP 	image: image = 'Pictures/F26M.jpg'
179.4715 	EXP 	image: autoDraw = True
180.2968 	EXP 	image: autoDraw = False
180.2968 	EXP 	text_2: text = 'New’n’\n\nor \n\nOld ‘o’'
180.2968 	EXP 	text_2: autoDraw = True
180.7751 	EXP 	New trial (rep=0, index=4): {'PicSet': 'ImageShowSet6.xlsx', 'AnsSet': 'ImageAnsSet6.xlsx'}
180.7789 	DATA 	Keypress: n
180.7917 	EXP 	text_2: autoDraw = False
180.7917 	EXP 	count3: text = '3'
180.7917 	EXP 	count2: text = '2'
180.7917 	EXP 	Count1: text = '1'
180.7917 	EXP 	CountGo: text = 'Go'
180.7917 	EXP 	count3: autoDraw = True
181.7737 	EXP 	count2: autoDraw = True
181.8068 	EXP 	count3: autoDraw = False
182.7731 	EXP 	count2: autoDraw = False
182.7731 	EXP 	Count1: autoDraw = True
183.7731 	EXP 	Count1: autoDraw = False
183.7731 	EXP 	CountGo: autoDraw = True
184.7724 	EXP 	Imported ImageShowSet6.xlsx as conditions, 6 conditions, 1 params
184.7731 	EXP 	Created sequence: random, trialTypes=6, nReps=1, seed=None
184.7735 	EXP 	New trial (rep=0, index=0): {'ImageSetShow': 'Pictures/F22M.jpg'}
184.9356 	EXP 	CountGo: autoDraw = False
184.9356 	EXP 	count3: autoDraw = False
184.9356 	EXP 	count2: autoDraw = False
184.9356 	EXP 	Count1: autoDraw = False
184.9356 	EXP 	CountGo: autoDraw = False
184.9356 	EXP 	image_2: image = 'Pictures/F22M.jpg'
184.9356 	EXP 	image_2: autoDraw = True
185.7792 	EXP 	New trial (rep=0, index=1): {'ImageSetShow': 'Pictures/F24M.jpg'}
185.9447 	EXP 	image_2: autoDraw = False
185.9447 	EXP 	image_2: image = 'Pictures/F24M.jpg'
185.9447 	EXP 	image_2: autoDraw = True
186.7785 	EXP 	New trial (rep=0, index=2): {'ImageSetShow': 'Pictures/M22M.jpg'}
186.9400 	EXP 	image_2: autoDraw = False
186.9400 	EXP 	image_2: image = 'Pictures/M22M.jpg'
186.9400 	EXP 	image_2: autoDraw = True
187.7770 	EXP 	New trial (rep=0, index=3): {'ImageSetShow': 'Pictures/M24M.jpg'}
187.9309 	EXP 	image_2: autoDraw = False
187.9309 	EXP 	image_2: image = 'Pictures/M24M.jpg'
187.9309 	EXP 	image_2: autoDraw = True
188.7923 	EXP 	New trial (rep=0, index=4): {'ImageSetShow': 'Pictures/F23A.jpg'}
188.9712 	EXP 	image_2: autoDraw = False
188.9712 	EXP 	image_2: image = 'Pictures/F23A.jpg'
188.9712 	EXP 	image_2: autoDraw = True
189.7762 	EXP 	New trial (rep=0, index=5): {'ImageSetShow': 'Pictures/M23A.jpg'}
189.9401 	EXP 	image_2: autoDraw = False
189.9401 	EXP 	image_2: image = 'Pictures/M23A.jpg'
189.9401 	EXP 	image_2: autoDraw = True
190.7934 	EXP 	image_2: autoDraw = False
190.7934 	EXP 	text_3: text = 'Press ’o’ when seeing the same person with the same expression\n\nPress ’n’ when seeing the same person with different expression\n\nPress ‘space’ when ready'
190.7934 	EXP 	text_3: autoDraw = True
192.0537 	EXP 	Imported ImageAnsSet6.xlsx as conditions, 12 conditions, 2 params
192.0544 	EXP 	Created sequence: random, trialTypes=12, nReps=1, seed=None
192.0549 	EXP 	New trial (rep=0, index=0): {'ImageAnsShow': 'Pictures/F24A.jpg', 'Correct': 'n'}
192.2396 	DATA 	Keypress: space
192.2531 	EXP 	text_3: autoDraw = False
192.2531 	EXP 	image: image = 'Pictures/F24A.jpg'
192.2531 	EXP 	image: autoDraw = True
193.0762 	EXP 	image: autoDraw = False
193.0762 	EXP 	text_2: text = 'New’n’\n\nor \n\nOld ‘o’'
193.0762 	EXP 	text_2: autoDraw = True
193.7755 	EXP 	New trial (rep=0, index=1): {'ImageAnsShow': 'Pictures/M23M.jpg', 'Correct': 'n'}
193.9258 	DATA 	Keypress: n
193.9396 	EXP 	text_2: autoDraw = False
193.9396 	EXP 	image: image = 'Pictures/M23M.jpg'
193.9396 	EXP 	image: autoDraw = True
194.7921 	EXP 	image: autoDraw = False
194.7921 	EXP 	text_2: text = 'New’n’\n\nor \n\nOld ‘o’'
194.7921 	EXP 	text_2: autoDraw = True
196.9253 	EXP 	New trial (rep=0, index=2): {'ImageAnsShow': 'Pictures/M24M.jpg', 'Correct': 'o'}
197.0639 	DATA 	Keypress: o
197.0804 	EXP 	text_2: autoDraw = False
197.0804 	EXP 	image: image = 'Pictures/M24M.jpg'
197.0804 	EXP 	image: autoDraw = True
197.9573 	EXP 	image: autoDraw = False
197.9573 	EXP 	text_2: text = 'New’n’\n\nor \n\nOld ‘o’'
197.9573 	EXP 	text_2: autoDraw = True
198.1417 	EXP 	New trial (rep=0, index=3): {'ImageAnsShow': 'Pictures/F22A.jpg', 'Correct': 'n'}
198.3089 	DATA 	Keypress: o
198.3220 	EXP 	text_2: autoDraw = False
198.3220 	EXP 	image: image = 'Pictures/F22A.jpg'
198.3220 	EXP 	image: autoDraw = True
199.1610 	EXP 	image: autoDraw = False
199.1610 	EXP 	text_2: text = 'New’n’\n\nor \n\nOld ‘o’'
199.1610 	EXP 	text_2: autoDraw = True
199.8084 	EXP 	New trial (rep=0, index=4): {'ImageAnsShow': 'Pictures/F22M.jpg', 'Correct': 'o'}
199.9557 	DATA 	Keypress: n
199.9720 	EXP 	text_2: autoDraw = False
199.9720 	EXP 	image: image = 'Pictures/F22M.jpg'
199.9720 	EXP 	image: autoDraw = True
200.8278 	EXP 	image: autoDraw = False
200.8278 	EXP 	text_2: text = 'New’n’\n\nor \n\nOld ‘o’'
200.8278 	EXP 	text_2: autoDraw = True
200.8924 	EXP 	New trial (rep=0, index=5): {'ImageAnsShow': 'Pictures/M24A.jpg', 'Correct': 'n'}
201.0474 	DATA 	Keypress: o
201.0635 	EXP 	text_2: autoDraw = False
201.0635 	EXP 	image: image = 'Pictures/M24A.jpg'
201.0635 	EXP 	image: autoDraw = True
201.9099 	EXP 	image: autoDraw = False
201.9099 	EXP 	text_2: text = 'New’n’\n\nor \n\nOld ‘o’'
201.9099 	EXP 	text_2: autoDraw = True
203.5418 	EXP 	New trial (rep=0, index=6): {'ImageAnsShow': 'Pictures/F23M.jpg', 'Correct': 'n'}
203.6847 	DATA 	Keypress: n
203.6993 	EXP 	text_2: autoDraw = False
203.6993 	EXP 	image: image = 'Pictures/F23M.jpg'
203.6993 	EXP 	image: autoDraw = True
204.5708 	EXP 	image: autoDraw = False
204.5708 	EXP 	text_2: text = 'New’n’\n\nor \n\nOld ‘o’'
204.5708 	EXP 	text_2: autoDraw = True
205.1422 	EXP 	New trial (rep=0, index=7): {'ImageAnsShow': 'Pictures/M23A.jpg', 'Correct': 'o'}
205.2949 	DATA 	Keypress: o
205.3083 	EXP 	text_2: autoDraw = False
205.3083 	EXP 	image: image = 'Pictures/M23A.jpg'
205.3083 	EXP 	image: autoDraw = True
206.1592 	EXP 	image: autoDraw = False
206.1592 	EXP 	text_2: text = 'New’n’\n\nor \n\nOld ‘o’'
206.1592 	EXP 	text_2: autoDraw = True
206.8089 	EXP 	New trial (rep=0, index=8): {'ImageAnsShow': 'Pictures/M22A.jpg', 'Correct': 'n'}
206.9610 	DATA 	Keypress: o
206.9743 	EXP 	text_2: autoDraw = False
206.9743 	EXP 	image: image = 'Pictures/M22A.jpg'
206.9743 	EXP 	image: autoDraw = True
207.8256 	EXP 	image: autoDraw = False
207.8256 	EXP 	text_2: text = 'New’n’\n\nor \n\nOld ‘o’'
207.8256 	EXP 	text_2: autoDraw = True
207.8919 	EXP 	New trial (rep=0, index=9): {'ImageAnsShow': 'Pictures/M22M.jpg', 'Correct': 'o'}
208.0577 	DATA 	Keypress: n
208.0711 	EXP 	text_2: autoDraw = False
208.0711 	EXP 	image: image = 'Pictures/M22M.jpg'
208.0711 	EXP 	image: autoDraw = True
208.9244 	EXP 	image: autoDraw = False
208.9244 	EXP 	text_2: text = 'New’n’\n\nor \n\nOld ‘o’'
208.9244 	EXP 	text_2: autoDraw = True
209.0586 	EXP 	New trial (rep=0, index=10): {'ImageAnsShow': 'Pictures/F23A.jpg', 'Correct': 'o'}
209.2292 	DATA 	Keypress: o
209.2459 	EXP 	text_2: autoDraw = False
209.2459 	EXP 	image: image = 'Pictures/F23A.jpg'
209.2459 	EXP 	image: autoDraw = True
210.0752 	EXP 	image: autoDraw = False
210.0752 	EXP 	text_2: text = 'New’n’\n\nor \n\nOld ‘o’'
210.0752 	EXP 	text_2: autoDraw = True
210.1248 	EXP 	New trial (rep=0, index=11): {'ImageAnsShow': 'Pictures/F24M.jpg', 'Correct': 'o'}
210.2705 	DATA 	Keypress: n
210.2865 	EXP 	text_2: autoDraw = False
210.2865 	EXP 	image: image = 'Pictures/F24M.jpg'
210.2865 	EXP 	image: autoDraw = True
211.1415 	EXP 	image: autoDraw = False
211.1415 	EXP 	text_2: text = 'New’n’\n\nor \n\nOld ‘o’'
211.1415 	EXP 	text_2: autoDraw = True
212.4919 	EXP 	New trial (rep=0, index=5): {'PicSet': 'ImageShowSet3.xlsx', 'AnsSet': 'ImageAnsSet3.xlsx'}
212.4955 	DATA 	Keypress: o
212.5091 	EXP 	text_2: autoDraw = False
212.5091 	EXP 	count3: text = '3'
212.5091 	EXP 	count2: text = '2'
212.5091 	EXP 	Count1: text = '1'
212.5091 	EXP 	CountGo: text = 'Go'
212.5091 	EXP 	count3: autoDraw = True
213.4906 	EXP 	count2: autoDraw = True
213.5231 	EXP 	count3: autoDraw = False
214.4941 	EXP 	count2: autoDraw = False
214.4941 	EXP 	Count1: autoDraw = True
215.4901 	EXP 	CountGo: autoDraw = True
215.5065 	EXP 	Count1: autoDraw = False
216.4875 	EXP 	Imported ImageShowSet3.xlsx as conditions, 6 conditions, 1 params
216.4882 	EXP 	Created sequence: random, trialTypes=6, nReps=1, seed=None
216.4885 	EXP 	New trial (rep=0, index=0): {'ImageSetShow': 'Pictures/F17A.jpg'}
216.6851 	EXP 	CountGo: autoDraw = False
216.6851 	EXP 	count3: autoDraw = False
216.6851 	EXP 	count2: autoDraw = False
216.6851 	EXP 	Count1: autoDraw = False
216.6851 	EXP 	CountGo: autoDraw = False
216.6851 	EXP 	image_2: image = 'Pictures/F17A.jpg'
216.6851 	EXP 	image_2: autoDraw = True
217.4942 	EXP 	New trial (rep=0, index=1): {'ImageSetShow': 'Pictures/M18M.jpg'}
217.6692 	EXP 	image_2: autoDraw = False
217.6692 	EXP 	image_2: image = 'Pictures/M18M.jpg'
217.6692 	EXP 	image_2: autoDraw = True
218.4939 	EXP 	New trial (rep=0, index=2): {'ImageSetShow': 'Pictures/F19A.jpg'}
218.7031 	EXP 	image_2: autoDraw = False
218.7031 	EXP 	image_2: image = 'Pictures/F19A.jpg'
218.7031 	EXP 	image_2: autoDraw = True
219.5091 	EXP 	New trial (rep=0, index=3): {'ImageSetShow': 'Pictures/F18M.jpg'}
219.6905 	EXP 	image_2: autoDraw = False
219.6905 	EXP 	image_2: image = 'Pictures/F18M.jpg'
219.6905 	EXP 	image_2: autoDraw = True
220.4932 	EXP 	New trial (rep=0, index=4): {'ImageSetShow': 'Pictures/M17A.jpg'}
220.6628 	EXP 	image_2: autoDraw = False
220.6628 	EXP 	image_2: image = 'Pictures/M17A.jpg'
220.6628 	EXP 	image_2: autoDraw = True
221.4956 	EXP 	New trial (rep=0, index=5): {'ImageSetShow': 'Pictures/M19A.jpg'}
221.6617 	EXP 	image_2: autoDraw = False
221.6617 	EXP 	image_2: image = 'Pictures/M19A.jpg'
221.6617 	EXP 	image_2: autoDraw = True
222.5249 	EXP 	image_2: autoDraw = False
222.5249 	EXP 	text_3: text = 'Press ’o’ when seeing the same person with the same expression\n\nPress ’n’ when seeing the same person with different expression\n\nPress ‘space’ when ready'
222.5249 	EXP 	text_3: autoDraw = True
223.5862 	EXP 	Imported ImageAnsSet3.xlsx as conditions, 12 conditions, 2 params
223.5869 	EXP 	Created sequence: random, trialTypes=12, nReps=1, seed=None
223.5874 	EXP 	New trial (rep=0, index=0): {'ImageAnsShow': 'Pictures/M18A.jpg', 'Correct': 'n'}
223.7433 	DATA 	Keypress: space
223.7573 	EXP 	text_3: autoDraw = False
223.7573 	EXP 	image: image = 'Pictures/M18A.jpg'
223.7573 	EXP 	image: autoDraw = True
224.5930 	EXP 	image: autoDraw = False
224.5930 	EXP 	text_2: text = 'New’n’\n\nor \n\nOld ‘o’'
224.5930 	EXP 	text_2: autoDraw = True
224.9252 	EXP 	New trial (rep=0, index=1): {'ImageAnsShow': 'Pictures/M17M.jpg', 'Correct': 'n'}
225.0767 	DATA 	Keypress: o
225.0899 	EXP 	text_2: autoDraw = False
225.0899 	EXP 	image: image = 'Pictures/M17M.jpg'
225.0899 	EXP 	image: autoDraw = True
225.9577 	EXP 	image: autoDraw = False
225.9577 	EXP 	text_2: text = 'New’n’\n\nor \n\nOld ‘o’'
225.9577 	EXP 	text_2: autoDraw = True
226.1607 	EXP 	New trial (rep=0, index=2): {'ImageAnsShow': 'Pictures/F19M.jpg', 'Correct': 'n'}
226.3239 	DATA 	Keypress: o
226.3401 	EXP 	text_2: autoDraw = False
226.3401 	EXP 	image: image = 'Pictures/F19M.jpg'
226.3401 	EXP 	image: autoDraw = True
227.1915 	EXP 	image: autoDraw = False
227.1915 	EXP 	text_2: text = 'New’n’\n\nor \n\nOld ‘o’'
227.1915 	EXP 	text_2: autoDraw = True
227.2908 	EXP 	New trial (rep=0, index=3): {'ImageAnsShow': 'Pictures/F19A.jpg', 'Correct': 'o'}
227.4859 	DATA 	Keypress: n
227.5024 	EXP 	text_2: autoDraw = False
227.5024 	EXP 	image: image = 'Pictures/F19A.jpg'
227.5024 	EXP 	image: autoDraw = True
228.3081 	EXP 	image: autoDraw = False
228.3081 	EXP 	text_2: text = 'New’n’\n\nor \n\nOld ‘o’'
228.3081 	EXP 	text_2: autoDraw = True
228.7076 	EXP 	New trial (rep=0, index=4): {'ImageAnsShow': 'Pictures/F18A.jpg', 'Correct': 'n'}
228.9012 	DATA 	Keypress: o
228.9193 	EXP 	text_2: autoDraw = False
228.9193 	EXP 	image: image = 'Pictures/F18A.jpg'
228.9193 	EXP 	image: autoDraw = True
229.7395 	EXP 	image: autoDraw = False
229.7395 	EXP 	text_2: text = 'New’n’\n\nor \n\nOld ‘o’'
229.7395 	EXP 	text_2: autoDraw = True
229.7742 	EXP 	New trial (rep=0, index=5): {'ImageAnsShow': 'Pictures/M18M.jpg', 'Correct': 'o'}
229.9289 	DATA 	Keypress: n
229.9455 	EXP 	text_2: autoDraw = False
229.9455 	EXP 	image: image = 'Pictures/M18M.jpg'
229.9455 	EXP 	image: autoDraw = True
230.7911 	EXP 	image: autoDraw = False
230.7911 	EXP 	text_2: text = 'New’n’\n\nor \n\nOld ‘o’'
230.7911 	EXP 	text_2: autoDraw = True
230.8739 	EXP 	New trial (rep=0, index=6): {'ImageAnsShow': 'Pictures/F17A.jpg', 'Correct': 'o'}
231.0574 	DATA 	Keypress: o
231.0714 	EXP 	text_2: autoDraw = False
231.0714 	EXP 	image: image = 'Pictures/F17A.jpg'
231.0714 	EXP 	image: autoDraw = True
231.6961 	DATA 	Keypress: n
231.8944 	EXP 	image: autoDraw = False
231.8944 	EXP 	text_2: text = 'New’n’\n\nor \n\nOld ‘o’'
231.8944 	EXP 	text_2: autoDraw = True
232.6744 	EXP 	New trial (rep=0, index=7): {'ImageAnsShow': 'Pictures/M19A.jpg', 'Correct': 'o'}
232.8402 	DATA 	Keypress: n
232.8565 	EXP 	text_2: autoDraw = False
232.8565 	EXP 	image: image = 'Pictures/M19A.jpg'
232.8565 	EXP 	image: autoDraw = True
233.6921 	EXP 	image: autoDraw = False
233.6921 	EXP 	text_2: text = 'New’n’\n\nor \n\nOld ‘o’'
233.6921 	EXP 	text_2: autoDraw = True
233.8580 	EXP 	New trial (rep=0, index=8): {'ImageAnsShow': 'Pictures/M19M.jpg', 'Correct': 'n'}
234.0119 	DATA 	Keypress: n
234.0280 	EXP 	text_2: autoDraw = False
234.0280 	EXP 	image: image = 'Pictures/M19M.jpg'
234.0280 	EXP 	image: autoDraw = True
234.8763 	EXP 	image: autoDraw = False
234.8763 	EXP 	text_2: text = 'New’n’\n\nor \n\nOld ‘o’'
234.8763 	EXP 	text_2: autoDraw = True
235.2407 	EXP 	New trial (rep=0, index=9): {'ImageAnsShow': 'Pictures/F17M.jpg', 'Correct': 'n'}
235.3951 	DATA 	Keypress: o
235.4113 	EXP 	text_2: autoDraw = False
235.4113 	EXP 	image: image = 'Pictures/F17M.jpg'
235.4113 	EXP 	image: autoDraw = True
235.9130 	DATA 	Keypress: n
236.2592 	EXP 	image: autoDraw = False
236.2592 	EXP 	text_2: text = 'New’n’\n\nor \n\nOld ‘o’'
236.2592 	EXP 	text_2: autoDraw = True
236.3572 	EXP 	New trial (rep=0, index=10): {'ImageAnsShow': 'Pictures/F18M.jpg', 'Correct': 'o'}
236.5299 	DATA 	Keypress: n
236.5460 	EXP 	text_2: autoDraw = False
236.5460 	EXP 	image: image = 'Pictures/F18M.jpg'
236.5460 	EXP 	image: autoDraw = True
237.3658 	DATA 	Keypress: n
237.3762 	EXP 	image: autoDraw = False
237.3762 	EXP 	text_2: text = 'New’n’\n\nor \n\nOld ‘o’'
237.3762 	EXP 	text_2: autoDraw = True
237.8583 	EXP 	New trial (rep=0, index=11): {'ImageAnsShow': 'Pictures/M17A.jpg', 'Correct': 'o'}
238.0115 	DATA 	Keypress: n
238.0245 	EXP 	text_2: autoDraw = False
238.0245 	EXP 	image: image = 'Pictures/M17A.jpg'
238.0245 	EXP 	image: autoDraw = True
238.8792 	EXP 	image: autoDraw = False
238.8792 	EXP 	text_2: text = 'New’n’\n\nor \n\nOld ‘o’'
238.8792 	EXP 	text_2: autoDraw = True
239.3451 	DATA 	Keypress: n
239.3580 	EXP 	text_2: autoDraw = False
239.3580 	EXP 	text_5: autoDraw = True
241.3724 	EXP 	text_5: autoDraw = False
241.9794 	EXP 	window1: mouseVisible = True
