1.5802 	WARNING 	We strongly recommend you activate the PTB sound engine in PsychoPy prefs as the preferred audio engine. Its timing is vastly superior. Your prefs are currently set to use ['sounddevice', 'PTB', 'pyo', 'pygame'] (in that order).
19.9694 	EXP 	Created window1 = Window(allowGUI=False, allowStencil=False, autoLog=True, backendConf=UNKNOWN, bitsMode=UNKNOWN, blendMode='avg', bpc=(8, 8, 8), color=array([0, 0, 0]), colorSpace='rgb', depthBits=8, fullscr=<method-wrapper '__getattribute__' of attributeSetter object at 0x7fb93864a9b0>, gamma=None, gammaErrorPolicy='raise', lms=UNKNOWN, monitor=<psychopy.monitors.calibTools.Monitor object at 0x7fb937563470>, multiSample=False, name='window1', numSamples=2, pos=[360.0, 225.0], screen=0, size=array([2880, 1800]), stencilBits=0, stereo=False, units='height', useFBO=True, useRetina=True, viewOri=0.0, viewPos=None, viewScale=None, waitBlanking=True, winType='pyglet')
19.9698 	EXP 	window1: mouseVisible = True
19.9698 	EXP 	window1: recordFrameIntervals = False
20.1338 	EXP 	window1: recordFrameIntervals = True
20.3339 	EXP 	window1: recordFrameIntervals = False
21.5262 	EXP 	Created intro = TextStim(__class__=<class 'psychopy.visual.text.TextStim'>, alignHoriz=method-wrapper(...), alignText='center', alignVert=method-wrapper(...), anchorHoriz='center', anchorVert='center', antialias=True, autoLog=True, bold=False, color=array([1., 1., 1.]), colorSpace='rgb', contrast=1.0, depth=0.0, flipHoriz=False, flipVert=False, font='Open Sans', fontFiles=[], height=0.05, italic=False, languageStyle='LTR', name='intro', opacity=1, ori=0.0, pos=array([0., 0.]), rgb=UNKNOWN, text=str(...), units='height', win=Window(...), wrapWidth=1)
21.7389 	EXP 	Created count3 = TextStim(__class__=<class 'psychopy.visual.text.TextStim'>, alignHoriz=method-wrapper(...), alignText='center', alignVert=method-wrapper(...), anchorHoriz='center', anchorVert='center', antialias=True, autoLog=True, bold=False, color=array([1., 1., 1.]), colorSpace='rgb', contrast=1.0, depth=0.0, flipHoriz=False, flipVert=False, font='Open Sans', fontFiles=[], height=0.1, italic=False, languageStyle='LTR', name='count3', opacity=1, ori=0.0, pos=array([0., 0.]), rgb=UNKNOWN, text='', units='height', win=Window(...), wrapWidth=1)
21.7406 	EXP 	Created count2 = TextStim(__class__=<class 'psychopy.visual.text.TextStim'>, alignHoriz=method-wrapper(...), alignText='center', alignVert=method-wrapper(...), anchorHoriz='center', anchorVert='center', antialias=True, autoLog=True, bold=False, color=array([1., 1., 1.]), colorSpace='rgb', contrast=1.0, depth=-1.0, flipHoriz=False, flipVert=False, font='Open Sans', fontFiles=[], height=0.1, italic=False, languageStyle='LTR', name='count2', opacity=1, ori=0.0, pos=array([0., 0.]), rgb=UNKNOWN, text='', units='height', win=Window(...), wrapWidth=1)
21.7423 	EXP 	Created Count1 = TextStim(__class__=<class 'psychopy.visual.text.TextStim'>, alignHoriz=method-wrapper(...), alignText='center', alignVert=method-wrapper(...), anchorHoriz='center', anchorVert='center', antialias=True, autoLog=True, bold=False, color=array([1., 1., 1.]), colorSpace='rgb', contrast=1.0, depth=-2.0, flipHoriz=False, flipVert=False, font='Open Sans', fontFiles=[], height=0.1, italic=False, languageStyle='LTR', name='Count1', opacity=1, ori=0.0, pos=array([0., 0.]), rgb=UNKNOWN, text='', units='height', win=Window(...), wrapWidth=1)
21.7439 	EXP 	Created CountGo = TextStim(__class__=<class 'psychopy.visual.text.TextStim'>, alignHoriz=method-wrapper(...), alignText='center', alignVert=method-wrapper(...), anchorHoriz='center', anchorVert='center', antialias=True, autoLog=True, bold=False, color=array([1., 1., 1.]), colorSpace='rgb', contrast=1.0, depth=-3.0, flipHoriz=False, flipVert=False, font='Open Sans', fontFiles=[], height=0.1, italic=False, languageStyle='LTR', name='CountGo', opacity=1, ori=0.0, pos=array([0., 0.]), rgb=UNKNOWN, text='', units='height', win=Window(...), wrapWidth=1)
21.7550 	EXP 	Created image_2 = ImageStim(__class__=<class 'psychopy.visual.image.ImageStim'>, autoLog=True, color=array([1., 1., 1.]), colorSpace='rgb', contrast=1.0, depth=0.0, flipHoriz=False, flipVert=False, image='sin', interpolate=True, mask=None, maskParams=None, name='image_2', opacity=1, ori=0.0, pos=array([0., 0.]), size=array([1.  , 0.75]), texRes=128.0, units='height', win=Window(...))
21.7567 	EXP 	Created text_3 = TextStim(__class__=<class 'psychopy.visual.text.TextStim'>, alignHoriz=method-wrapper(...), alignText='center', alignVert=method-wrapper(...), anchorHoriz='center', anchorVert='center', antialias=True, autoLog=True, bold=False, color=array([1., 1., 1.]), colorSpace='rgb', contrast=1.0, depth=0.0, flipHoriz=False, flipVert=False, font='Open Sans', fontFiles=[], height=0.05, italic=False, languageStyle='LTR', name='text_3', opacity=1, ori=0.0, pos=array([0., 0.]), rgb=UNKNOWN, text='', units='height', win=Window(...), wrapWidth=1)
21.9693 	EXP 	Created image = ImageStim(__class__=<class 'psychopy.visual.image.ImageStim'>, autoLog=True, color=array([1., 1., 1.]), colorSpace='rgb', contrast=1.0, depth=0.0, flipHoriz=False, flipVert=False, image='sin', interpolate=True, mask=None, maskParams=None, name='image', opacity=1, ori=0.0, pos=array([0., 0.]), size=array([1.  , 0.75]), texRes=128.0, units='height', win=Window(...))
21.9711 	EXP 	Created text_2 = TextStim(__class__=<class 'psychopy.visual.text.TextStim'>, alignHoriz=method-wrapper(...), alignText='center', alignVert=method-wrapper(...), anchorHoriz='center', anchorVert='center', antialias=True, autoLog=True, bold=False, color=array([1., 1., 1.]), colorSpace='rgb', contrast=1.0, depth=0.0, flipHoriz=False, flipVert=False, font='Open Sans', fontFiles=[], height=0.1, italic=False, languageStyle='LTR', name='text_2', opacity=1, ori=0.0, pos=array([0., 0.]), rgb=UNKNOWN, text='', units='height', win=Window(...), wrapWidth=1)
22.1943 	EXP 	Created text_5 = TextStim(__class__=<class 'psychopy.visual.text.TextStim'>, alignHoriz=method-wrapper(...), alignText='center', alignVert=method-wrapper(...), anchorHoriz='center', anchorVert='center', antialias=True, autoLog=True, bold=False, color=array([1., 1., 1.]), colorSpace='rgb', contrast=1.0, depth=0.0, flipHoriz=False, flipVert=False, font='Open Sans', fontFiles=[], height=0.1, italic=False, languageStyle='LTR', name='text_5', opacity=1, ori=0.0, pos=array([0., 0.]), rgb=UNKNOWN, text='Thank you!', units='height', win=Window(...), wrapWidth=1)
22.2242 	EXP 	intro: autoDraw = True
35.3723 	EXP 	Imported ImageList.xlsx as conditions, 6 conditions, 2 params
35.3771 	EXP 	Created sequence: random, trialTypes=6, nReps=1, seed=None
35.3777 	EXP 	New trial (rep=0, index=0): {'PicSet': 'ImageShowSet5.xlsx', 'AnsSet': 'ImageAnsSet5.xlsx'}
35.4001 	DATA 	Keypress: space
35.4139 	EXP 	intro: autoDraw = False
35.4139 	EXP 	count3: text = '3'
35.4139 	EXP 	count2: text = '2'
35.4139 	EXP 	Count1: text = '1'
35.4139 	EXP 	CountGo: text = 'Go'
35.4139 	EXP 	count3: autoDraw = True
36.4011 	EXP 	count2: autoDraw = True
36.4171 	EXP 	count3: autoDraw = False
37.4011 	EXP 	Count1: autoDraw = True
37.4171 	EXP 	count2: autoDraw = False
38.4013 	EXP 	CountGo: autoDraw = True
38.4178 	EXP 	Count1: autoDraw = False
39.3852 	EXP 	Imported ImageShowSet5.xlsx as conditions, 6 conditions, 1 params
39.3859 	EXP 	Created sequence: random, trialTypes=6, nReps=1, seed=None
39.3863 	EXP 	New trial (rep=0, index=0): {'ImageSetShow': 'Pictures/M6M.jpg'}
39.6116 	EXP 	count3: autoDraw = False
39.6116 	EXP 	count2: autoDraw = False
39.6116 	EXP 	Count1: autoDraw = False
39.6116 	EXP 	CountGo: autoDraw = False
39.6116 	EXP 	image_2: image = 'Pictures/M6M.jpg'
39.6116 	EXP 	image_2: autoDraw = True
40.8685 	EXP 	New trial (rep=0, index=1): {'ImageSetShow': 'Pictures/M7A.jpg'}
41.0141 	EXP 	image_2: autoDraw = False
41.0141 	EXP 	image_2: image = 'Pictures/M7A.jpg'
41.0141 	EXP 	image_2: autoDraw = True
42.3681 	EXP 	New trial (rep=0, index=2): {'ImageSetShow': 'Pictures/M8M.jpg'}
42.5044 	EXP 	image_2: autoDraw = False
42.5044 	EXP 	image_2: image = 'Pictures/M8M.jpg'
42.5044 	EXP 	image_2: autoDraw = True
43.8681 	EXP 	New trial (rep=0, index=3): {'ImageSetShow': 'Pictures/F7A.jpg'}
44.0205 	EXP 	image_2: autoDraw = False
44.0205 	EXP 	image_2: image = 'Pictures/F7A.jpg'
44.0205 	EXP 	image_2: autoDraw = True
45.3681 	EXP 	New trial (rep=0, index=4): {'ImageSetShow': 'Pictures/F6M.jpg'}
45.5074 	EXP 	image_2: autoDraw = False
45.5074 	EXP 	image_2: image = 'Pictures/F6M.jpg'
45.5074 	EXP 	image_2: autoDraw = True
46.8680 	EXP 	New trial (rep=0, index=5): {'ImageSetShow': 'Pictures/F8M.jpg'}
47.0059 	EXP 	image_2: autoDraw = False
47.0059 	EXP 	image_2: image = 'Pictures/F8M.jpg'
47.0059 	EXP 	image_2: autoDraw = True
48.4041 	EXP 	image_2: autoDraw = False
48.4041 	EXP 	text_3: text = 'Press ’o’ when seeing the same person with the same expression\n\nPress ’n’ when seeing the same person with different expression\n\nPress ‘space’ when ready'
48.4041 	EXP 	text_3: autoDraw = True
51.2673 	EXP 	Imported ImageAnsSet5.xlsx as conditions, 12 conditions, 2 params
51.2681 	EXP 	Created sequence: random, trialTypes=12, nReps=1, seed=None
51.2685 	EXP 	New trial (rep=0, index=0): {'ImageAnsShow': 'Pictures/M8M.jpg', 'Correct': 'o'}
51.3882 	DATA 	Keypress: space
51.4105 	EXP 	text_3: autoDraw = False
51.4105 	EXP 	image: image = 'Pictures/M8M.jpg'
51.4105 	EXP 	image: autoDraw = True
52.2368 	DATA 	Keypress: o
52.7997 	EXP 	image: autoDraw = False
52.7997 	EXP 	text_2: text = 'New’n’\n\nor \n\nOld ‘o’'
52.7997 	EXP 	text_2: autoDraw = True
53.7697 	EXP 	New trial (rep=0, index=1): {'ImageAnsShow': 'Pictures/F7M.jpg', 'Correct': 'n'}
53.8949 	DATA 	Keypress: o
53.9074 	EXP 	text_2: autoDraw = False
53.9074 	EXP 	image: image = 'Pictures/F7M.jpg'
53.9074 	EXP 	image: autoDraw = True
55.3010 	EXP 	image: autoDraw = False
55.3010 	EXP 	text_2: text = 'New’n’\n\nor \n\nOld ‘o’'
55.3010 	EXP 	text_2: autoDraw = True
55.4520 	EXP 	New trial (rep=0, index=2): {'ImageAnsShow': 'Pictures/M6A.jpg', 'Correct': 'n'}
55.5774 	DATA 	Keypress: n
55.5899 	EXP 	text_2: autoDraw = False
55.5899 	EXP 	image: image = 'Pictures/M6A.jpg'
55.5899 	EXP 	image: autoDraw = True
56.9680 	EXP 	image: autoDraw = False
56.9680 	EXP 	text_2: text = 'New’n’\n\nor \n\nOld ‘o’'
56.9680 	EXP 	text_2: autoDraw = True
57.4527 	EXP 	New trial (rep=0, index=3): {'ImageAnsShow': 'Pictures/F8M.jpg', 'Correct': 'o'}
57.5750 	DATA 	Keypress: n
57.5882 	EXP 	text_2: autoDraw = False
57.5882 	EXP 	image: image = 'Pictures/F8M.jpg'
57.5882 	EXP 	image: autoDraw = True
58.9840 	EXP 	image: autoDraw = False
58.9840 	EXP 	text_2: text = 'New’n’\n\nor \n\nOld ‘o’'
58.9840 	EXP 	text_2: autoDraw = True
59.3022 	EXP 	New trial (rep=0, index=4): {'ImageAnsShow': 'Pictures/F8A.jpg', 'Correct': 'n'}
59.4449 	DATA 	Keypress: o
59.4583 	EXP 	text_2: autoDraw = False
59.4583 	EXP 	image: image = 'Pictures/F8A.jpg'
59.4583 	EXP 	image: autoDraw = True
60.8334 	EXP 	image: autoDraw = False
60.8334 	EXP 	text_2: text = 'New’n’\n\nor \n\nOld ‘o’'
60.8334 	EXP 	text_2: autoDraw = True
61.0686 	EXP 	New trial (rep=0, index=5): {'ImageAnsShow': 'Pictures/M7A.jpg', 'Correct': 'o'}
61.1851 	DATA 	Keypress: n
61.1981 	EXP 	text_2: autoDraw = False
61.1981 	EXP 	image: image = 'Pictures/M7A.jpg'
61.1981 	EXP 	image: autoDraw = True
62.6001 	EXP 	image: autoDraw = False
62.6001 	EXP 	text_2: text = 'New’n’\n\nor \n\nOld ‘o’'
62.6001 	EXP 	text_2: autoDraw = True
63.1856 	EXP 	New trial (rep=0, index=6): {'ImageAnsShow': 'Pictures/F6M.jpg', 'Correct': 'o'}
63.3059 	DATA 	Keypress: n
63.3189 	EXP 	text_2: autoDraw = False
63.3189 	EXP 	image: image = 'Pictures/F6M.jpg'
63.3189 	EXP 	image: autoDraw = True
64.7168 	EXP 	image: autoDraw = False
64.7168 	EXP 	text_2: text = 'New’n’\n\nor \n\nOld ‘o’'
64.7168 	EXP 	text_2: autoDraw = True
65.4349 	EXP 	New trial (rep=0, index=7): {'ImageAnsShow': 'Pictures/M7M.jpg', 'Correct': 'n'}
65.5535 	DATA 	Keypress: o
65.5666 	EXP 	text_2: autoDraw = False
65.5666 	EXP 	image: image = 'Pictures/M7M.jpg'
65.5666 	EXP 	image: autoDraw = True
66.9832 	EXP 	image: autoDraw = False
66.9832 	EXP 	text_2: text = 'New’n’\n\nor \n\nOld ‘o’'
66.9832 	EXP 	text_2: autoDraw = True
67.5859 	EXP 	New trial (rep=0, index=8): {'ImageAnsShow': 'Pictures/M6M.jpg', 'Correct': 'o'}
67.7052 	DATA 	Keypress: n
67.7181 	EXP 	text_2: autoDraw = False
67.7181 	EXP 	image: image = 'Pictures/M6M.jpg'
67.7181 	EXP 	image: autoDraw = True
69.1166 	EXP 	image: autoDraw = False
69.1166 	EXP 	text_2: text = 'New’n’\n\nor \n\nOld ‘o’'
69.1166 	EXP 	text_2: autoDraw = True
69.4353 	EXP 	New trial (rep=0, index=9): {'ImageAnsShow': 'Pictures/M8A.jpg', 'Correct': 'n'}
69.5578 	DATA 	Keypress: n
69.5708 	EXP 	text_2: autoDraw = False
69.5708 	EXP 	image: image = 'Pictures/M8A.jpg'
69.5708 	EXP 	image: autoDraw = True
70.9666 	EXP 	image: autoDraw = False
70.9666 	EXP 	text_2: text = 'New’n’\n\nor \n\nOld ‘o’'
70.9666 	EXP 	text_2: autoDraw = True
71.1689 	EXP 	New trial (rep=0, index=10): {'ImageAnsShow': 'Pictures/F7A.jpg', 'Correct': 'o'}
71.3129 	DATA 	Keypress: o
71.3253 	EXP 	text_2: autoDraw = False
71.3253 	EXP 	image: image = 'Pictures/F7A.jpg'
71.3253 	EXP 	image: autoDraw = True
72.6999 	EXP 	image: autoDraw = False
72.6999 	EXP 	text_2: text = 'New’n’\n\nor \n\nOld ‘o’'
72.6999 	EXP 	text_2: autoDraw = True
72.9680 	EXP 	New trial (rep=0, index=11): {'ImageAnsShow': 'Pictures/F6A.jpg', 'Correct': 'n'}
73.1088 	DATA 	Keypress: n
73.1215 	EXP 	text_2: autoDraw = False
73.1215 	EXP 	image: image = 'Pictures/F6A.jpg'
73.1215 	EXP 	image: autoDraw = True
74.4829 	EXP 	image: autoDraw = False
74.4829 	EXP 	text_2: text = 'New’n’\n\nor \n\nOld ‘o’'
74.4829 	EXP 	text_2: autoDraw = True
74.7854 	EXP 	New trial (rep=0, index=1): {'PicSet': 'ImageShowSet1.xlsx', 'AnsSet': 'ImageAnsSet1.xlsx'}
74.7892 	DATA 	Keypress: n
74.8008 	EXP 	text_2: autoDraw = False
74.8008 	EXP 	count3: text = '3'
74.8008 	EXP 	count2: text = '2'
74.8008 	EXP 	Count1: text = '1'
74.8008 	EXP 	CountGo: text = 'Go'
74.8008 	EXP 	count3: autoDraw = True
75.7836 	EXP 	count2: autoDraw = True
75.7998 	EXP 	count3: autoDraw = False
76.7831 	EXP 	count2: autoDraw = False
76.7831 	EXP 	Count1: autoDraw = True
77.7831 	EXP 	Count1: autoDraw = False
77.7831 	EXP 	CountGo: autoDraw = True
78.7834 	EXP 	Imported ImageShowSet1.xlsx as conditions, 6 conditions, 1 params
78.7840 	EXP 	Created sequence: random, trialTypes=6, nReps=1, seed=None
78.7845 	EXP 	New trial (rep=0, index=0): {'ImageSetShow': 'Pictures/F3A.jpg'}
78.9396 	EXP 	CountGo: autoDraw = False
78.9396 	EXP 	count3: autoDraw = False
78.9396 	EXP 	count2: autoDraw = False
78.9396 	EXP 	Count1: autoDraw = False
78.9396 	EXP 	CountGo: autoDraw = False
78.9396 	EXP 	image_2: image = 'Pictures/F3A.jpg'
78.9396 	EXP 	image_2: autoDraw = True
80.3012 	EXP 	New trial (rep=0, index=1): {'ImageSetShow': 'Pictures/M2M.jpg'}
80.4472 	EXP 	image_2: autoDraw = False
80.4472 	EXP 	image_2: image = 'Pictures/M2M.jpg'
80.4472 	EXP 	image_2: autoDraw = True
81.8010 	EXP 	New trial (rep=0, index=2): {'ImageSetShow': 'Pictures/F1A.jpg'}
81.9735 	EXP 	image_2: autoDraw = False
81.9735 	EXP 	image_2: image = 'Pictures/F1A.jpg'
81.9735 	EXP 	image_2: autoDraw = True
83.3012 	EXP 	New trial (rep=0, index=3): {'ImageSetShow': 'Pictures/F2M.jpg'}
83.4502 	EXP 	image_2: autoDraw = False
83.4502 	EXP 	image_2: image = 'Pictures/F2M.jpg'
83.4502 	EXP 	image_2: autoDraw = True
84.8009 	EXP 	New trial (rep=0, index=4): {'ImageSetShow': 'Pictures/M3A.jpg'}
84.9513 	EXP 	image_2: autoDraw = False
84.9513 	EXP 	image_2: image = 'Pictures/M3A.jpg'
84.9513 	EXP 	image_2: autoDraw = True
86.3024 	EXP 	New trial (rep=0, index=5): {'ImageSetShow': 'Pictures/M1A.jpg'}
86.4474 	EXP 	image_2: autoDraw = False
86.4474 	EXP 	image_2: image = 'Pictures/M1A.jpg'
86.4474 	EXP 	image_2: autoDraw = True
87.8188 	EXP 	image_2: autoDraw = False
87.8188 	EXP 	text_3: text = 'Press ’o’ when seeing the same person with the same expression\n\nPress ’n’ when seeing the same person with different expression\n\nPress ‘space’ when ready'
87.8188 	EXP 	text_3: autoDraw = True
89.5659 	EXP 	Imported ImageAnsSet1.xlsx as conditions, 12 conditions, 2 params
89.5666 	EXP 	Created sequence: random, trialTypes=12, nReps=1, seed=None
89.5670 	EXP 	New trial (rep=0, index=0): {'ImageAnsShow': 'Pictures/M3A.jpg', 'Correct': 'o'}
89.6941 	DATA 	Keypress: space
89.7074 	EXP 	text_3: autoDraw = False
89.7074 	EXP 	image: image = 'Pictures/M3A.jpg'
89.7074 	EXP 	image: autoDraw = True
91.0847 	EXP 	image: autoDraw = False
91.0847 	EXP 	text_2: text = 'New’n’\n\nor \n\nOld ‘o’'
91.0847 	EXP 	text_2: autoDraw = True
91.2027 	EXP 	New trial (rep=0, index=1): {'ImageAnsShow': 'Pictures/M1M.jpg', 'Correct': 'n'}
91.3379 	DATA 	Keypress: o
91.3518 	EXP 	text_2: autoDraw = False
91.3518 	EXP 	image: image = 'Pictures/M1M.jpg'
91.3518 	EXP 	image: autoDraw = True
92.7336 	EXP 	image: autoDraw = False
92.7336 	EXP 	text_2: text = 'New’n’\n\nor \n\nOld ‘o’'
92.7336 	EXP 	text_2: autoDraw = True
93.4845 	EXP 	New trial (rep=0, index=2): {'ImageAnsShow': 'Pictures/F3M.jpg', 'Correct': 'n'}
93.6107 	DATA 	Keypress: n
93.6239 	EXP 	text_2: autoDraw = False
93.6239 	EXP 	image: image = 'Pictures/F3M.jpg'
93.6239 	EXP 	image: autoDraw = True
95.0013 	EXP 	image: autoDraw = False
95.0013 	EXP 	text_2: text = 'New’n’\n\nor \n\nOld ‘o’'
95.0013 	EXP 	text_2: autoDraw = True
95.4187 	EXP 	New trial (rep=0, index=3): {'ImageAnsShow': 'Pictures/F2A.jpg', 'Correct': 'n'}
95.5682 	DATA 	Keypress: n
95.5817 	EXP 	text_2: autoDraw = False
95.5817 	EXP 	image: image = 'Pictures/F2A.jpg'
95.5817 	EXP 	image: autoDraw = True
96.9509 	EXP 	image: autoDraw = False
96.9509 	EXP 	text_2: text = 'New’n’\n\nor \n\nOld ‘o’'
96.9509 	EXP 	text_2: autoDraw = True
97.2686 	EXP 	New trial (rep=0, index=4): {'ImageAnsShow': 'Pictures/M2A.jpg', 'Correct': 'n'}
97.4040 	DATA 	Keypress: n
97.4178 	EXP 	text_2: autoDraw = False
97.4178 	EXP 	image: image = 'Pictures/M2A.jpg'
97.4178 	EXP 	image: autoDraw = True
98.8008 	EXP 	image: autoDraw = False
98.8008 	EXP 	text_2: text = 'New’n’\n\nor \n\nOld ‘o’'
98.8008 	EXP 	text_2: autoDraw = True
99.1844 	EXP 	New trial (rep=0, index=5): {'ImageAnsShow': 'Pictures/F1A.jpg', 'Correct': 'o'}
99.3354 	DATA 	Keypress: n
99.3495 	EXP 	text_2: autoDraw = False
99.3495 	EXP 	image: image = 'Pictures/F1A.jpg'
99.3495 	EXP 	image: autoDraw = True
100.7163 	EXP 	image: autoDraw = False
100.7163 	EXP 	text_2: text = 'New’n’\n\nor \n\nOld ‘o’'
100.7163 	EXP 	text_2: autoDraw = True
101.2019 	EXP 	New trial (rep=0, index=6): {'ImageAnsShow': 'Pictures/M3M.jpg', 'Correct': 'n'}
101.3429 	DATA 	Keypress: o
101.3558 	EXP 	text_2: autoDraw = False
101.3558 	EXP 	image: image = 'Pictures/M3M.jpg'
101.3558 	EXP 	image: autoDraw = True
102.7330 	EXP 	image: autoDraw = False
102.7330 	EXP 	text_2: text = 'New’n’\n\nor \n\nOld ‘o’'
102.7330 	EXP 	text_2: autoDraw = True
103.0023 	EXP 	New trial (rep=0, index=7): {'ImageAnsShow': 'Pictures/F3A.jpg', 'Correct': 'o'}
103.1456 	DATA 	Keypress: n
103.1592 	EXP 	text_2: autoDraw = False
103.1592 	EXP 	image: image = 'Pictures/F3A.jpg'
103.1592 	EXP 	image: autoDraw = True
104.5333 	EXP 	image: autoDraw = False
104.5333 	EXP 	text_2: text = 'New’n’\n\nor \n\nOld ‘o’'
104.5333 	EXP 	text_2: autoDraw = True
105.4351 	EXP 	New trial (rep=0, index=8): {'ImageAnsShow': 'Pictures/M1A.jpg', 'Correct': 'o'}
105.5635 	DATA 	Keypress: o
105.5776 	EXP 	text_2: autoDraw = False
105.5776 	EXP 	image: image = 'Pictures/M1A.jpg'
105.5776 	EXP 	image: autoDraw = True
106.9676 	EXP 	image: autoDraw = False
106.9676 	EXP 	text_2: text = 'New’n’\n\nor \n\nOld ‘o’'
106.9676 	EXP 	text_2: autoDraw = True
107.4844 	EXP 	New trial (rep=0, index=9): {'ImageAnsShow': 'Pictures/F2M.jpg', 'Correct': 'o'}
107.6129 	DATA 	Keypress: n
107.6255 	EXP 	text_2: autoDraw = False
107.6255 	EXP 	image: image = 'Pictures/F2M.jpg'
107.6255 	EXP 	image: autoDraw = True
109.0162 	EXP 	image: autoDraw = False
109.0162 	EXP 	text_2: text = 'New’n’\n\nor \n\nOld ‘o’'
109.0162 	EXP 	text_2: autoDraw = True
110.9519 	EXP 	New trial (rep=0, index=10): {'ImageAnsShow': 'Pictures/M2M.jpg', 'Correct': 'o'}
111.0876 	DATA 	Keypress: n
111.1016 	EXP 	text_2: autoDraw = False
111.1016 	EXP 	image: image = 'Pictures/M2M.jpg'
111.1016 	EXP 	image: autoDraw = True
112.4829 	EXP 	image: autoDraw = False
112.4829 	EXP 	text_2: text = 'New’n’\n\nor \n\nOld ‘o’'
112.4829 	EXP 	text_2: autoDraw = True
113.2178 	EXP 	New trial (rep=0, index=11): {'ImageAnsShow': 'Pictures/F1M.jpg', 'Correct': 'n'}
113.3541 	DATA 	Keypress: o
113.3673 	EXP 	text_2: autoDraw = False
113.3673 	EXP 	image: image = 'Pictures/F1M.jpg'
113.3673 	EXP 	image: autoDraw = True
114.7497 	EXP 	image: autoDraw = False
114.7497 	EXP 	text_2: text = 'New’n’\n\nor \n\nOld ‘o’'
114.7497 	EXP 	text_2: autoDraw = True
115.0349 	EXP 	New trial (rep=0, index=2): {'PicSet': 'ImageShowSet6.xlsx', 'AnsSet': 'ImageAnsSet6.xlsx'}
115.0392 	DATA 	Keypress: n
115.0511 	EXP 	text_2: autoDraw = False
115.0511 	EXP 	count3: text = '3'
115.0511 	EXP 	count2: text = '2'
115.0511 	EXP 	Count1: text = '1'
115.0511 	EXP 	CountGo: text = 'Go'
115.0511 	EXP 	count3: autoDraw = True
116.0331 	EXP 	count2: autoDraw = True
116.0662 	EXP 	count3: autoDraw = False
117.0326 	EXP 	count2: autoDraw = False
117.0326 	EXP 	Count1: autoDraw = True
118.0326 	EXP 	Count1: autoDraw = False
118.0326 	EXP 	CountGo: autoDraw = True
119.0349 	EXP 	Imported ImageShowSet6.xlsx as conditions, 6 conditions, 1 params
119.0356 	EXP 	Created sequence: random, trialTypes=6, nReps=1, seed=None
119.0361 	EXP 	New trial (rep=0, index=0): {'ImageSetShow': 'Pictures/F23A.jpg'}
119.1932 	EXP 	CountGo: autoDraw = False
119.1932 	EXP 	count3: autoDraw = False
119.1932 	EXP 	count2: autoDraw = False
119.1932 	EXP 	Count1: autoDraw = False
119.1932 	EXP 	CountGo: autoDraw = False
119.1932 	EXP 	image_2: image = 'Pictures/F23A.jpg'
119.1932 	EXP 	image_2: autoDraw = True
120.5512 	EXP 	New trial (rep=0, index=1): {'ImageSetShow': 'Pictures/M24M.jpg'}
120.7048 	EXP 	image_2: autoDraw = False
120.7048 	EXP 	image_2: image = 'Pictures/M24M.jpg'
120.7048 	EXP 	image_2: autoDraw = True
122.0509 	EXP 	New trial (rep=0, index=2): {'ImageSetShow': 'Pictures/F24M.jpg'}
122.1981 	EXP 	image_2: autoDraw = False
122.1981 	EXP 	image_2: image = 'Pictures/F24M.jpg'
122.1981 	EXP 	image_2: autoDraw = True
123.5511 	EXP 	New trial (rep=0, index=3): {'ImageSetShow': 'Pictures/M23A.jpg'}
123.6937 	EXP 	image_2: autoDraw = False
123.6937 	EXP 	image_2: image = 'Pictures/M23A.jpg'
123.6937 	EXP 	image_2: autoDraw = True
125.0510 	EXP 	New trial (rep=0, index=4): {'ImageSetShow': 'Pictures/M22M.jpg'}
125.1933 	EXP 	image_2: autoDraw = False
125.1933 	EXP 	image_2: image = 'Pictures/M22M.jpg'
125.1933 	EXP 	image_2: autoDraw = True
126.5506 	EXP 	New trial (rep=0, index=5): {'ImageSetShow': 'Pictures/F22M.jpg'}
126.7115 	EXP 	image_2: autoDraw = False
126.7115 	EXP 	image_2: image = 'Pictures/F22M.jpg'
126.7115 	EXP 	image_2: autoDraw = True
128.0668 	EXP 	image_2: autoDraw = False
128.0668 	EXP 	text_3: text = 'Press ’o’ when seeing the same person with the same expression\n\nPress ’n’ when seeing the same person with different expression\n\nPress ‘space’ when ready'
128.0668 	EXP 	text_3: autoDraw = True
133.5847 	EXP 	Imported ImageAnsSet6.xlsx as conditions, 12 conditions, 2 params
133.5854 	EXP 	Created sequence: random, trialTypes=12, nReps=1, seed=None
133.5858 	EXP 	New trial (rep=0, index=0): {'ImageAnsShow': 'Pictures/M22A.jpg', 'Correct': 'n'}
133.7208 	DATA 	Keypress: space
133.7344 	EXP 	text_3: autoDraw = False
133.7344 	EXP 	image: image = 'Pictures/M22A.jpg'
133.7344 	EXP 	image: autoDraw = True
135.1018 	EXP 	image: autoDraw = False
135.1018 	EXP 	text_2: text = 'New’n’\n\nor \n\nOld ‘o’'
135.1018 	EXP 	text_2: autoDraw = True
135.4347 	EXP 	New trial (rep=0, index=1): {'ImageAnsShow': 'Pictures/F23M.jpg', 'Correct': 'n'}
135.5705 	DATA 	Keypress: n
135.5843 	EXP 	text_2: autoDraw = False
135.5843 	EXP 	image: image = 'Pictures/F23M.jpg'
135.5843 	EXP 	image: autoDraw = True
136.9660 	EXP 	image: autoDraw = False
136.9660 	EXP 	text_2: text = 'New’n’\n\nor \n\nOld ‘o’'
136.9660 	EXP 	text_2: autoDraw = True
137.1846 	EXP 	New trial (rep=0, index=2): {'ImageAnsShow': 'Pictures/M23A.jpg', 'Correct': 'o'}
137.3146 	DATA 	Keypress: n
137.3286 	EXP 	text_2: autoDraw = False
137.3286 	EXP 	image: image = 'Pictures/M23A.jpg'
137.3286 	EXP 	image: autoDraw = True
138.7164 	EXP 	image: autoDraw = False
138.7164 	EXP 	text_2: text = 'New’n’\n\nor \n\nOld ‘o’'
138.7164 	EXP 	text_2: autoDraw = True
139.3510 	EXP 	New trial (rep=0, index=3): {'ImageAnsShow': 'Pictures/M22M.jpg', 'Correct': 'o'}
139.4876 	DATA 	Keypress: n
139.5009 	EXP 	text_2: autoDraw = False
139.5009 	EXP 	image: image = 'Pictures/M22M.jpg'
139.5009 	EXP 	image: autoDraw = True
140.7696 	DATA 	Keypress: o
140.8829 	EXP 	image: autoDraw = False
140.8829 	EXP 	text_2: text = 'New’n’\n\nor \n\nOld ‘o’'
140.8829 	EXP 	text_2: autoDraw = True
141.5174 	EXP 	New trial (rep=0, index=4): {'ImageAnsShow': 'Pictures/F22M.jpg', 'Correct': 'o'}
141.6568 	DATA 	Keypress: o
141.6698 	EXP 	text_2: autoDraw = False
141.6698 	EXP 	image: image = 'Pictures/F22M.jpg'
141.6698 	EXP 	image: autoDraw = True
143.0491 	EXP 	image: autoDraw = False
143.0491 	EXP 	text_2: text = 'New’n’\n\nor \n\nOld ‘o’'
143.0491 	EXP 	text_2: autoDraw = True
143.3507 	EXP 	New trial (rep=0, index=5): {'ImageAnsShow': 'Pictures/M23M.jpg', 'Correct': 'n'}
143.4861 	DATA 	Keypress: o
143.5004 	EXP 	text_2: autoDraw = False
143.5004 	EXP 	image: image = 'Pictures/M23M.jpg'
143.5004 	EXP 	image: autoDraw = True
144.8829 	EXP 	image: autoDraw = False
144.8829 	EXP 	text_2: text = 'New’n’\n\nor \n\nOld ‘o’'
144.8829 	EXP 	text_2: autoDraw = True
145.3508 	EXP 	New trial (rep=0, index=6): {'ImageAnsShow': 'Pictures/F23A.jpg', 'Correct': 'o'}
145.5013 	DATA 	Keypress: o
145.5151 	EXP 	text_2: autoDraw = False
145.5151 	EXP 	image: image = 'Pictures/F23A.jpg'
145.5151 	EXP 	image: autoDraw = True
146.8825 	EXP 	image: autoDraw = False
146.8825 	EXP 	text_2: text = 'New’n’\n\nor \n\nOld ‘o’'
146.8825 	EXP 	text_2: autoDraw = True
147.2179 	EXP 	New trial (rep=0, index=7): {'ImageAnsShow': 'Pictures/M24M.jpg', 'Correct': 'o'}
147.3469 	DATA 	Keypress: o
147.3596 	EXP 	text_2: autoDraw = False
147.3596 	EXP 	image: image = 'Pictures/M24M.jpg'
147.3596 	EXP 	image: autoDraw = True
148.7496 	EXP 	image: autoDraw = False
148.7496 	EXP 	text_2: text = 'New’n’\n\nor \n\nOld ‘o’'
148.7496 	EXP 	text_2: autoDraw = True
149.2021 	EXP 	New trial (rep=0, index=8): {'ImageAnsShow': 'Pictures/F22A.jpg', 'Correct': 'n'}
149.3926 	DATA 	Keypress: o
149.4057 	EXP 	text_2: autoDraw = False
149.4057 	EXP 	image: image = 'Pictures/F22A.jpg'
149.4057 	EXP 	image: autoDraw = True
150.7322 	EXP 	image: autoDraw = False
150.7322 	EXP 	text_2: text = 'New’n’\n\nor \n\nOld ‘o’'
150.7322 	EXP 	text_2: autoDraw = True
151.0179 	EXP 	New trial (rep=0, index=9): {'ImageAnsShow': 'Pictures/F24M.jpg', 'Correct': 'o'}
151.1554 	DATA 	Keypress: n
151.1696 	EXP 	text_2: autoDraw = False
151.1696 	EXP 	image: image = 'Pictures/F24M.jpg'
151.1696 	EXP 	image: autoDraw = True
152.5490 	EXP 	image: autoDraw = False
152.5490 	EXP 	text_2: text = 'New’n’\n\nor \n\nOld ‘o’'
152.5490 	EXP 	text_2: autoDraw = True
153.6011 	EXP 	New trial (rep=0, index=10): {'ImageAnsShow': 'Pictures/M24A.jpg', 'Correct': 'n'}
153.7340 	DATA 	Keypress: o
153.7469 	EXP 	text_2: autoDraw = False
153.7469 	EXP 	image: image = 'Pictures/M24A.jpg'
153.7469 	EXP 	image: autoDraw = True
155.1329 	EXP 	image: autoDraw = False
155.1329 	EXP 	text_2: text = 'New’n’\n\nor \n\nOld ‘o’'
155.1329 	EXP 	text_2: autoDraw = True
155.4338 	EXP 	New trial (rep=0, index=11): {'ImageAnsShow': 'Pictures/F24A.jpg', 'Correct': 'n'}
155.6076 	DATA 	Keypress: n
155.6210 	EXP 	text_2: autoDraw = False
155.6210 	EXP 	image: image = 'Pictures/F24A.jpg'
155.6210 	EXP 	image: autoDraw = True
156.9658 	EXP 	image: autoDraw = False
156.9658 	EXP 	text_2: text = 'New’n’\n\nor \n\nOld ‘o’'
156.9658 	EXP 	text_2: autoDraw = True
158.7018 	EXP 	New trial (rep=0, index=3): {'PicSet': 'ImageShowSet4.xlsx', 'AnsSet': 'ImageAnsSet4.xlsx'}
158.7055 	DATA 	Keypress: n
158.7172 	EXP 	text_2: autoDraw = False
158.7172 	EXP 	count3: text = '3'
158.7172 	EXP 	count2: text = '2'
158.7172 	EXP 	Count1: text = '1'
158.7172 	EXP 	CountGo: text = 'Go'
158.7172 	EXP 	count3: autoDraw = True
159.6997 	EXP 	count2: autoDraw = True
159.7323 	EXP 	count3: autoDraw = False
160.6994 	EXP 	Count1: autoDraw = True
160.7155 	EXP 	count2: autoDraw = False
161.7020 	EXP 	CountGo: autoDraw = True
161.7182 	EXP 	Count1: autoDraw = False
162.7141 	EXP 	Imported ImageShowSet4.xlsx as conditions, 6 conditions, 1 params
162.7148 	EXP 	Created sequence: random, trialTypes=6, nReps=1, seed=None
162.7152 	EXP 	New trial (rep=0, index=0): {'ImageSetShow': 'Pictures/M27A.jpg'}
162.8645 	EXP 	CountGo: autoDraw = False
162.8645 	EXP 	count3: autoDraw = False
162.8645 	EXP 	count2: autoDraw = False
162.8645 	EXP 	Count1: autoDraw = False
162.8645 	EXP 	CountGo: autoDraw = False
162.8645 	EXP 	image_2: image = 'Pictures/M27A.jpg'
162.8645 	EXP 	image_2: autoDraw = True
164.2178 	EXP 	New trial (rep=0, index=1): {'ImageSetShow': 'Pictures/M26M.jpg'}
164.3694 	EXP 	image_2: autoDraw = False
164.3694 	EXP 	image_2: image = 'Pictures/M26M.jpg'
164.3694 	EXP 	image_2: autoDraw = True
165.7177 	EXP 	New trial (rep=0, index=2): {'ImageSetShow': 'Pictures/F25A.jpg'}
165.8956 	EXP 	image_2: autoDraw = False
165.8956 	EXP 	image_2: image = 'Pictures/F25A.jpg'
165.8956 	EXP 	image_2: autoDraw = True
167.2176 	EXP 	New trial (rep=0, index=3): {'ImageSetShow': 'Pictures/M25A.jpg'}
167.3814 	EXP 	image_2: autoDraw = False
167.3814 	EXP 	image_2: image = 'Pictures/M25A.jpg'
167.3814 	EXP 	image_2: autoDraw = True
168.7177 	EXP 	New trial (rep=0, index=4): {'ImageSetShow': 'Pictures/F26M.jpg'}
168.8809 	EXP 	image_2: autoDraw = False
168.8809 	EXP 	image_2: image = 'Pictures/F26M.jpg'
168.8809 	EXP 	image_2: autoDraw = True
170.2175 	EXP 	New trial (rep=0, index=5): {'ImageSetShow': 'Pictures/F27A.jpg'}
170.4065 	EXP 	image_2: autoDraw = False
170.4065 	EXP 	image_2: image = 'Pictures/F27A.jpg'
170.4065 	EXP 	image_2: autoDraw = True
171.7337 	EXP 	image_2: autoDraw = False
171.7337 	EXP 	text_3: text = 'Press ’o’ when seeing the same person with the same expression\n\nPress ’n’ when seeing the same person with different expression\n\nPress ‘space’ when ready'
171.7337 	EXP 	text_3: autoDraw = True
176.4319 	EXP 	Imported ImageAnsSet4.xlsx as conditions, 12 conditions, 2 params
176.4328 	EXP 	Created sequence: random, trialTypes=12, nReps=1, seed=None
176.4332 	EXP 	New trial (rep=0, index=0): {'ImageAnsShow': 'Pictures/F27M.jpg', 'Correct': 'n'}
176.5778 	DATA 	Keypress: space
176.5913 	EXP 	text_3: autoDraw = False
176.5913 	EXP 	image: image = 'Pictures/F27M.jpg'
176.5913 	EXP 	image: autoDraw = True
177.9512 	EXP 	image: autoDraw = False
177.9512 	EXP 	text_2: text = 'New’n’\n\nor \n\nOld ‘o’'
177.9512 	EXP 	text_2: autoDraw = True
178.7673 	EXP 	New trial (rep=0, index=1): {'ImageAnsShow': 'Pictures/M26A.jpg', 'Correct': 'n'}
178.9046 	DATA 	Keypress: n
178.9184 	EXP 	text_2: autoDraw = False
178.9184 	EXP 	image: image = 'Pictures/M26A.jpg'
178.9184 	EXP 	image: autoDraw = True
180.2836 	EXP 	image: autoDraw = False
180.2836 	EXP 	text_2: text = 'New’n’\n\nor \n\nOld ‘o’'
180.2836 	EXP 	text_2: autoDraw = True
181.3675 	EXP 	New trial (rep=0, index=2): {'ImageAnsShow': 'Pictures/M27M.jpg', 'Correct': 'n'}
181.5115 	DATA 	Keypress: n
181.5241 	EXP 	text_2: autoDraw = False
181.5241 	EXP 	image: image = 'Pictures/M27M.jpg'
181.5241 	EXP 	image: autoDraw = True
182.8992 	EXP 	image: autoDraw = False
182.8992 	EXP 	text_2: text = 'New’n’\n\nor \n\nOld ‘o’'
182.8992 	EXP 	text_2: autoDraw = True
183.2006 	EXP 	New trial (rep=0, index=3): {'ImageAnsShow': 'Pictures/F25A.jpg', 'Correct': 'o'}
183.3581 	DATA 	Keypress: n
183.3707 	EXP 	text_2: autoDraw = False
183.3707 	EXP 	image: image = 'Pictures/F25A.jpg'
183.3707 	EXP 	image: autoDraw = True
184.7324 	EXP 	image: autoDraw = False
184.7324 	EXP 	text_2: text = 'New’n’\n\nor \n\nOld ‘o’'
184.7324 	EXP 	text_2: autoDraw = True
185.0174 	EXP 	New trial (rep=0, index=4): {'ImageAnsShow': 'Pictures/F25M.jpg', 'Correct': 'n'}
185.1522 	DATA 	Keypress: n
185.1654 	EXP 	text_2: autoDraw = False
185.1654 	EXP 	image: image = 'Pictures/F25M.jpg'
185.1654 	EXP 	image: autoDraw = True
186.5490 	EXP 	image: autoDraw = False
186.5490 	EXP 	text_2: text = 'New’n’\n\nor \n\nOld ‘o’'
186.5490 	EXP 	text_2: autoDraw = True
186.8675 	EXP 	New trial (rep=0, index=5): {'ImageAnsShow': 'Pictures/M27A.jpg', 'Correct': 'o'}
187.0042 	DATA 	Keypress: n
187.0172 	EXP 	text_2: autoDraw = False
187.0172 	EXP 	image: image = 'Pictures/M27A.jpg'
187.0172 	EXP 	image: autoDraw = True
188.3992 	EXP 	image: autoDraw = False
188.3992 	EXP 	text_2: text = 'New’n’\n\nor \n\nOld ‘o’'
188.3992 	EXP 	text_2: autoDraw = True
188.6835 	EXP 	New trial (rep=0, index=6): {'ImageAnsShow': 'Pictures/F26M.jpg', 'Correct': 'o'}
188.8224 	DATA 	Keypress: o
188.8358 	EXP 	text_2: autoDraw = False
188.8358 	EXP 	image: image = 'Pictures/F26M.jpg'
188.8358 	EXP 	image: autoDraw = True
190.1992 	EXP 	image: autoDraw = False
190.1992 	EXP 	text_2: text = 'New’n’\n\nor \n\nOld ‘o’'
190.1992 	EXP 	text_2: autoDraw = True
191.2002 	EXP 	New trial (rep=0, index=7): {'ImageAnsShow': 'Pictures/M25M.jpg', 'Correct': 'n'}
191.3497 	DATA 	Keypress: n
191.3639 	EXP 	text_2: autoDraw = False
191.3639 	EXP 	image: image = 'Pictures/M25M.jpg'
191.3639 	EXP 	image: autoDraw = True
192.7323 	EXP 	image: autoDraw = False
192.7323 	EXP 	text_2: text = 'New’n’\n\nor \n\nOld ‘o’'
192.7323 	EXP 	text_2: autoDraw = True
193.2006 	EXP 	New trial (rep=0, index=8): {'ImageAnsShow': 'Pictures/M25A.jpg', 'Correct': 'o'}
193.3351 	DATA 	Keypress: n
193.3494 	EXP 	text_2: autoDraw = False
193.3494 	EXP 	image: image = 'Pictures/M25A.jpg'
193.3494 	EXP 	image: autoDraw = True
194.7324 	EXP 	image: autoDraw = False
194.7324 	EXP 	text_2: text = 'New’n’\n\nor \n\nOld ‘o’'
194.7324 	EXP 	text_2: autoDraw = True
195.0832 	EXP 	New trial (rep=0, index=9): {'ImageAnsShow': 'Pictures/M26M.jpg', 'Correct': 'o'}
195.2229 	DATA 	Keypress: o
195.2358 	EXP 	text_2: autoDraw = False
195.2358 	EXP 	image: image = 'Pictures/M26M.jpg'
195.2358 	EXP 	image: autoDraw = True
196.6163 	EXP 	image: autoDraw = False
196.6163 	EXP 	text_2: text = 'New’n’\n\nor \n\nOld ‘o’'
196.6163 	EXP 	text_2: autoDraw = True
196.9666 	EXP 	New trial (rep=0, index=10): {'ImageAnsShow': 'Pictures/F27A.jpg', 'Correct': 'o'}
197.1308 	DATA 	Keypress: o
197.1445 	EXP 	text_2: autoDraw = False
197.1445 	EXP 	image: image = 'Pictures/F27A.jpg'
197.1445 	EXP 	image: autoDraw = True
198.4989 	EXP 	image: autoDraw = False
198.4989 	EXP 	text_2: text = 'New’n’\n\nor \n\nOld ‘o’'
198.4989 	EXP 	text_2: autoDraw = True
198.8843 	EXP 	New trial (rep=0, index=11): {'ImageAnsShow': 'Pictures/F26A.jpg', 'Correct': 'n'}
199.0513 	DATA 	Keypress: o
199.0651 	EXP 	text_2: autoDraw = False
199.0651 	EXP 	image: image = 'Pictures/F26A.jpg'
199.0651 	EXP 	image: autoDraw = True
200.4158 	EXP 	image: autoDraw = False
200.4158 	EXP 	text_2: text = 'New’n’\n\nor \n\nOld ‘o’'
200.4158 	EXP 	text_2: autoDraw = True
200.8005 	EXP 	New trial (rep=0, index=4): {'PicSet': 'ImageShowSet2.xlsx', 'AnsSet': 'ImageAnsSet2.xlsx'}
200.8041 	DATA 	Keypress: o
200.8159 	EXP 	text_2: autoDraw = False
200.8159 	EXP 	count3: text = '3'
200.8159 	EXP 	count2: text = '2'
200.8159 	EXP 	Count1: text = '1'
200.8159 	EXP 	CountGo: text = 'Go'
200.8159 	EXP 	count3: autoDraw = True
201.7989 	EXP 	count2: autoDraw = True
201.8152 	EXP 	count3: autoDraw = False
202.7988 	EXP 	Count1: autoDraw = True
202.8150 	EXP 	count2: autoDraw = False
203.7988 	EXP 	CountGo: autoDraw = True
203.8149 	EXP 	Count1: autoDraw = False
204.8000 	EXP 	Imported ImageShowSet2.xlsx as conditions, 6 conditions, 1 params
204.8007 	EXP 	Created sequence: random, trialTypes=6, nReps=1, seed=None
204.8011 	EXP 	New trial (rep=0, index=0): {'ImageSetShow': 'Pictures/M9A.jpg'}
204.9621 	EXP 	CountGo: autoDraw = False
204.9621 	EXP 	count3: autoDraw = False
204.9621 	EXP 	count2: autoDraw = False
204.9621 	EXP 	Count1: autoDraw = False
204.9621 	EXP 	CountGo: autoDraw = False
204.9621 	EXP 	image_2: image = 'Pictures/M9A.jpg'
204.9621 	EXP 	image_2: autoDraw = True
206.3170 	EXP 	New trial (rep=0, index=1): {'ImageSetShow': 'Pictures/F10M.jpg'}
206.4589 	EXP 	image_2: autoDraw = False
206.4589 	EXP 	image_2: image = 'Pictures/F10M.jpg'
206.4589 	EXP 	image_2: autoDraw = True
207.8165 	EXP 	New trial (rep=0, index=2): {'ImageSetShow': 'Pictures/M10M.jpg'}
207.9625 	EXP 	image_2: autoDraw = False
207.9625 	EXP 	image_2: image = 'Pictures/M10M.jpg'
207.9625 	EXP 	image_2: autoDraw = True
209.3175 	EXP 	New trial (rep=0, index=3): {'ImageSetShow': 'Pictures/M11A.jpg'}
209.4731 	EXP 	image_2: autoDraw = False
209.4731 	EXP 	image_2: image = 'Pictures/M11A.jpg'
209.4731 	EXP 	image_2: autoDraw = True
210.8015 	EXP 	New trial (rep=0, index=4): {'ImageSetShow': 'Pictures/F11A.jpg'}
211.0011 	EXP 	image_2: autoDraw = False
211.0011 	EXP 	image_2: image = 'Pictures/F11A.jpg'
211.0011 	EXP 	image_2: autoDraw = True
212.3172 	EXP 	New trial (rep=0, index=5): {'ImageSetShow': 'Pictures/F9A.jpg'}
212.4891 	EXP 	image_2: autoDraw = False
212.4891 	EXP 	image_2: image = 'Pictures/F9A.jpg'
212.4891 	EXP 	image_2: autoDraw = True
213.8332 	EXP 	image_2: autoDraw = False
213.8332 	EXP 	text_3: text = 'Press ’o’ when seeing the same person with the same expression\n\nPress ’n’ when seeing the same person with different expression\n\nPress ‘space’ when ready'
213.8332 	EXP 	text_3: autoDraw = True
214.7314 	EXP 	Imported ImageAnsSet2.xlsx as conditions, 12 conditions, 2 params
214.7322 	EXP 	Created sequence: random, trialTypes=12, nReps=1, seed=None
214.7326 	EXP 	New trial (rep=0, index=0): {'ImageAnsShow': 'Pictures/F9A.jpg', 'Correct': 'o'}
214.8779 	DATA 	Keypress: space
214.8911 	EXP 	text_3: autoDraw = False
214.8911 	EXP 	image: image = 'Pictures/F9A.jpg'
214.8911 	EXP 	image: autoDraw = True
216.2504 	EXP 	image: autoDraw = False
216.2504 	EXP 	text_2: text = 'New’n’\n\nor \n\nOld ‘o’'
216.2504 	EXP 	text_2: autoDraw = True
216.3173 	EXP 	New trial (rep=0, index=1): {'ImageAnsShow': 'Pictures/F10A.jpg', 'Correct': 'n'}
216.4684 	DATA 	Keypress: o
216.4821 	EXP 	text_2: autoDraw = False
216.4821 	EXP 	image: image = 'Pictures/F10A.jpg'
216.4821 	EXP 	image: autoDraw = True
217.8371 	DATA 	Keypress: n
217.8493 	EXP 	image: autoDraw = False
217.8493 	EXP 	text_2: text = 'New’n’\n\nor \n\nOld ‘o’'
217.8493 	EXP 	text_2: autoDraw = True
219.7163 	EXP 	New trial (rep=0, index=2): {'ImageAnsShow': 'Pictures/M11A.jpg', 'Correct': 'o'}
219.8599 	DATA 	Keypress: n
219.8742 	EXP 	text_2: autoDraw = False
219.8742 	EXP 	image: image = 'Pictures/M11A.jpg'
219.8742 	EXP 	image: autoDraw = True
221.0910 	DATA 	Keypress: o
221.2369 	EXP 	image: autoDraw = False
221.2369 	EXP 	text_2: text = 'New’n’\n\nor \n\nOld ‘o’'
221.2369 	EXP 	text_2: autoDraw = True
221.7346 	EXP 	New trial (rep=0, index=3): {'ImageAnsShow': 'Pictures/M9M.jpg', 'Correct': 'n'}
221.8758 	DATA 	Keypress: o
221.8888 	EXP 	text_2: autoDraw = False
221.8888 	EXP 	image: image = 'Pictures/M9M.jpg'
221.8888 	EXP 	image: autoDraw = True
223.2652 	EXP 	image: autoDraw = False
223.2652 	EXP 	text_2: text = 'New’n’\n\nor \n\nOld ‘o’'
223.2652 	EXP 	text_2: autoDraw = True
223.6505 	EXP 	New trial (rep=0, index=4): {'ImageAnsShow': 'Pictures/M10M.jpg', 'Correct': 'o'}
223.7795 	DATA 	Keypress: n
223.7925 	EXP 	text_2: autoDraw = False
223.7925 	EXP 	image: image = 'Pictures/M10M.jpg'
223.7925 	EXP 	image: autoDraw = True
225.1820 	EXP 	image: autoDraw = False
225.1820 	EXP 	text_2: text = 'New’n’\n\nor \n\nOld ‘o’'
225.1820 	EXP 	text_2: autoDraw = True
225.6832 	EXP 	New trial (rep=0, index=5): {'ImageAnsShow': 'Pictures/M10A.jpg', 'Correct': 'n'}
225.8288 	DATA 	Keypress: o
225.8424 	EXP 	text_2: autoDraw = False
225.8424 	EXP 	image: image = 'Pictures/M10A.jpg'
225.8424 	EXP 	image: autoDraw = True
227.2152 	EXP 	image: autoDraw = False
227.2152 	EXP 	text_2: text = 'New’n’\n\nor \n\nOld ‘o’'
227.2152 	EXP 	text_2: autoDraw = True
227.5664 	EXP 	New trial (rep=0, index=6): {'ImageAnsShow': 'Pictures/F9M.jpg', 'Correct': 'n'}
227.7103 	DATA 	Keypress: n
227.7237 	EXP 	text_2: autoDraw = False
227.7237 	EXP 	image: image = 'Pictures/F9M.jpg'
227.7237 	EXP 	image: autoDraw = True
229.0986 	EXP 	image: autoDraw = False
229.0986 	EXP 	text_2: text = 'New’n’\n\nor \n\nOld ‘o’'
229.0986 	EXP 	text_2: autoDraw = True
229.4006 	EXP 	New trial (rep=0, index=7): {'ImageAnsShow': 'Pictures/M11M.jpg', 'Correct': 'n'}
229.5381 	DATA 	Keypress: n
229.5521 	EXP 	text_2: autoDraw = False
229.5521 	EXP 	image: image = 'Pictures/M11M.jpg'
229.5521 	EXP 	image: autoDraw = True
230.9318 	EXP 	image: autoDraw = False
230.9318 	EXP 	text_2: text = 'New’n’\n\nor \n\nOld ‘o’'
230.9318 	EXP 	text_2: autoDraw = True
232.8167 	EXP 	New trial (rep=0, index=8): {'ImageAnsShow': 'Pictures/F10M.jpg', 'Correct': 'o'}
232.9528 	DATA 	Keypress: n
232.9660 	EXP 	text_2: autoDraw = False
232.9660 	EXP 	image: image = 'Pictures/F10M.jpg'
232.9660 	EXP 	image: autoDraw = True
234.3325 	EXP 	image: autoDraw = False
234.3325 	EXP 	text_2: text = 'New’n’\n\nor \n\nOld ‘o’'
234.3325 	EXP 	text_2: autoDraw = True
235.0830 	EXP 	New trial (rep=0, index=9): {'ImageAnsShow': 'Pictures/F11M.jpg', 'Correct': 'n'}
235.2235 	DATA 	Keypress: o
235.2361 	EXP 	text_2: autoDraw = False
235.2361 	EXP 	image: image = 'Pictures/F11M.jpg'
235.2361 	EXP 	image: autoDraw = True
236.6148 	EXP 	image: autoDraw = False
236.6148 	EXP 	text_2: text = 'New’n’\n\nor \n\nOld ‘o’'
236.6148 	EXP 	text_2: autoDraw = True
238.4500 	EXP 	New trial (rep=0, index=10): {'ImageAnsShow': 'Pictures/M9A.jpg', 'Correct': 'o'}
238.5855 	DATA 	Keypress: b
238.5870 	DATA 	Keypress: n
238.6007 	EXP 	text_2: autoDraw = False
238.6007 	EXP 	image: image = 'Pictures/M9A.jpg'
238.6007 	EXP 	image: autoDraw = True
239.9819 	EXP 	image: autoDraw = False
239.9819 	EXP 	text_2: text = 'New’n’\n\nor \n\nOld ‘o’'
239.9819 	EXP 	text_2: autoDraw = True
240.4001 	EXP 	New trial (rep=0, index=11): {'ImageAnsShow': 'Pictures/F11A.jpg', 'Correct': 'o'}
240.5532 	DATA 	Keypress: o
240.5664 	EXP 	text_2: autoDraw = False
240.5664 	EXP 	image: image = 'Pictures/F11A.jpg'
240.5664 	EXP 	image: autoDraw = True
241.9163 	EXP 	image: autoDraw = False
241.9163 	EXP 	text_2: text = 'New’n’\n\nor \n\nOld ‘o’'
241.9163 	EXP 	text_2: autoDraw = True
242.3662 	EXP 	New trial (rep=0, index=5): {'PicSet': 'ImageShowSet3.xlsx', 'AnsSet': 'ImageAnsSet3.xlsx'}
242.3698 	DATA 	Keypress: o
242.3820 	EXP 	text_2: autoDraw = False
242.3820 	EXP 	count3: text = '3'
242.3820 	EXP 	count2: text = '2'
242.3820 	EXP 	Count1: text = '1'
242.3820 	EXP 	CountGo: text = 'Go'
242.3820 	EXP 	count3: autoDraw = True
243.3648 	EXP 	count2: autoDraw = True
243.3810 	EXP 	count3: autoDraw = False
244.3644 	EXP 	count2: autoDraw = False
244.3644 	EXP 	Count1: autoDraw = True
245.3643 	EXP 	Count1: autoDraw = False
245.3643 	EXP 	CountGo: autoDraw = True
246.3645 	EXP 	Imported ImageShowSet3.xlsx as conditions, 6 conditions, 1 params
246.3652 	EXP 	Created sequence: random, trialTypes=6, nReps=1, seed=None
246.3656 	EXP 	New trial (rep=0, index=0): {'ImageSetShow': 'Pictures/F19A.jpg'}
246.5469 	EXP 	CountGo: autoDraw = False
246.5469 	EXP 	count3: autoDraw = False
246.5469 	EXP 	count2: autoDraw = False
246.5469 	EXP 	Count1: autoDraw = False
246.5469 	EXP 	CountGo: autoDraw = False
246.5469 	EXP 	image_2: image = 'Pictures/F19A.jpg'
246.5469 	EXP 	image_2: autoDraw = True
247.8837 	EXP 	New trial (rep=0, index=1): {'ImageSetShow': 'Pictures/M18M.jpg'}
248.0273 	EXP 	image_2: autoDraw = False
248.0273 	EXP 	image_2: image = 'Pictures/M18M.jpg'
248.0273 	EXP 	image_2: autoDraw = True
249.3834 	EXP 	New trial (rep=0, index=2): {'ImageSetShow': 'Pictures/F17A.jpg'}
249.5594 	EXP 	image_2: autoDraw = False
249.5594 	EXP 	image_2: image = 'Pictures/F17A.jpg'
249.5594 	EXP 	image_2: autoDraw = True
250.8830 	EXP 	New trial (rep=0, index=3): {'ImageSetShow': 'Pictures/M17A.jpg'}
251.0407 	EXP 	image_2: autoDraw = False
251.0407 	EXP 	image_2: image = 'Pictures/M17A.jpg'
251.0407 	EXP 	image_2: autoDraw = True
252.3835 	EXP 	New trial (rep=0, index=4): {'ImageSetShow': 'Pictures/M19A.jpg'}
252.5449 	EXP 	image_2: autoDraw = False
252.5449 	EXP 	image_2: image = 'Pictures/M19A.jpg'
252.5449 	EXP 	image_2: autoDraw = True
253.8832 	EXP 	New trial (rep=0, index=5): {'ImageSetShow': 'Pictures/F18M.jpg'}
254.0537 	EXP 	image_2: autoDraw = False
254.0537 	EXP 	image_2: image = 'Pictures/F18M.jpg'
254.0537 	EXP 	image_2: autoDraw = True
255.3989 	EXP 	image_2: autoDraw = False
255.3989 	EXP 	text_3: text = 'Press ’o’ when seeing the same person with the same expression\n\nPress ’n’ when seeing the same person with different expression\n\nPress ‘space’ when ready'
255.3989 	EXP 	text_3: autoDraw = True
258.8139 	EXP 	Imported ImageAnsSet3.xlsx as conditions, 12 conditions, 2 params
258.8146 	EXP 	Created sequence: random, trialTypes=12, nReps=1, seed=None
258.8150 	EXP 	New trial (rep=0, index=0): {'ImageAnsShow': 'Pictures/F18M.jpg', 'Correct': 'o'}
258.9512 	DATA 	Keypress: space
258.9651 	EXP 	text_3: autoDraw = False
258.9651 	EXP 	image: image = 'Pictures/F18M.jpg'
258.9651 	EXP 	image: autoDraw = True
260.3334 	EXP 	image: autoDraw = False
260.3334 	EXP 	text_2: text = 'New’n’\n\nor \n\nOld ‘o’'
260.3334 	EXP 	text_2: autoDraw = True
261.5668 	EXP 	New trial (rep=0, index=1): {'ImageAnsShow': 'Pictures/M17A.jpg', 'Correct': 'o'}
261.6983 	DATA 	Keypress: o
261.7124 	EXP 	text_2: autoDraw = False
261.7124 	EXP 	image: image = 'Pictures/M17A.jpg'
261.7124 	EXP 	image: autoDraw = True
263.0985 	EXP 	image: autoDraw = False
263.0985 	EXP 	text_2: text = 'New’n’\n\nor \n\nOld ‘o’'
263.0985 	EXP 	text_2: autoDraw = True
263.4656 	EXP 	New trial (rep=0, index=2): {'ImageAnsShow': 'Pictures/F17M.jpg', 'Correct': 'n'}
263.6088 	DATA 	Keypress: o
263.6221 	EXP 	text_2: autoDraw = False
263.6221 	EXP 	image: image = 'Pictures/F17M.jpg'
263.6221 	EXP 	image: autoDraw = True
264.9827 	EXP 	image: autoDraw = False
264.9827 	EXP 	text_2: text = 'New’n’\n\nor \n\nOld ‘o’'
264.9827 	EXP 	text_2: autoDraw = True
265.2824 	EXP 	New trial (rep=0, index=3): {'ImageAnsShow': 'Pictures/F19M.jpg', 'Correct': 'n'}
265.4179 	DATA 	Keypress: n
265.4316 	EXP 	text_2: autoDraw = False
265.4316 	EXP 	image: image = 'Pictures/F19M.jpg'
265.4316 	EXP 	image: autoDraw = True
266.8149 	EXP 	image: autoDraw = False
266.8149 	EXP 	text_2: text = 'New’n’\n\nor \n\nOld ‘o’'
266.8149 	EXP 	text_2: autoDraw = True
267.1163 	EXP 	New trial (rep=0, index=4): {'ImageAnsShow': 'Pictures/M18A.jpg', 'Correct': 'n'}
267.2512 	DATA 	Keypress: n
267.2650 	EXP 	text_2: autoDraw = False
267.2650 	EXP 	image: image = 'Pictures/M18A.jpg'
267.2650 	EXP 	image: autoDraw = True
268.6481 	EXP 	image: autoDraw = False
268.6481 	EXP 	text_2: text = 'New’n’\n\nor \n\nOld ‘o’'
268.6481 	EXP 	text_2: autoDraw = True
269.9991 	EXP 	New trial (rep=0, index=5): {'ImageAnsShow': 'Pictures/F18A.jpg', 'Correct': 'n'}
270.1723 	DATA 	Keypress: n
270.1857 	EXP 	text_2: autoDraw = False
270.1857 	EXP 	image: image = 'Pictures/F18A.jpg'
270.1857 	EXP 	image: autoDraw = True
271.5316 	EXP 	image: autoDraw = False
271.5316 	EXP 	text_2: text = 'New’n’\n\nor \n\nOld ‘o’'
271.5316 	EXP 	text_2: autoDraw = True
272.8995 	EXP 	New trial (rep=0, index=6): {'ImageAnsShow': 'Pictures/F19A.jpg', 'Correct': 'o'}
273.0699 	DATA 	Keypress: n
273.0834 	EXP 	text_2: autoDraw = False
273.0834 	EXP 	image: image = 'Pictures/F19A.jpg'
273.0834 	EXP 	image: autoDraw = True
274.4155 	EXP 	image: autoDraw = False
274.4155 	EXP 	text_2: text = 'New’n’\n\nor \n\nOld ‘o’'
274.4155 	EXP 	text_2: autoDraw = True
274.9329 	EXP 	New trial (rep=0, index=7): {'ImageAnsShow': 'Pictures/M19A.jpg', 'Correct': 'o'}
275.0705 	DATA 	Keypress: n
275.0842 	EXP 	text_2: autoDraw = False
275.0842 	EXP 	image: image = 'Pictures/M19A.jpg'
275.0842 	EXP 	image: autoDraw = True
276.4654 	EXP 	image: autoDraw = False
276.4654 	EXP 	text_2: text = 'New’n’\n\nor \n\nOld ‘o’'
276.4654 	EXP 	text_2: autoDraw = True
277.4995 	EXP 	New trial (rep=0, index=8): {'ImageAnsShow': 'Pictures/M19M.jpg', 'Correct': 'n'}
277.6426 	DATA 	Keypress: o
277.6559 	EXP 	text_2: autoDraw = False
277.6559 	EXP 	image: image = 'Pictures/M19M.jpg'
277.6559 	EXP 	image: autoDraw = True
279.0312 	EXP 	image: autoDraw = False
279.0312 	EXP 	text_2: text = 'New’n’\n\nor \n\nOld ‘o’'
279.0312 	EXP 	text_2: autoDraw = True
279.4662 	EXP 	New trial (rep=0, index=9): {'ImageAnsShow': 'Pictures/M18M.jpg', 'Correct': 'o'}
279.5940 	DATA 	Keypress: n
279.6075 	EXP 	text_2: autoDraw = False
279.6075 	EXP 	image: image = 'Pictures/M18M.jpg'
279.6075 	EXP 	image: autoDraw = True
280.9977 	EXP 	image: autoDraw = False
280.9977 	EXP 	text_2: text = 'New’n’\n\nor \n\nOld ‘o’'
280.9977 	EXP 	text_2: autoDraw = True
281.5330 	EXP 	New trial (rep=0, index=10): {'ImageAnsShow': 'Pictures/M17M.jpg', 'Correct': 'n'}
281.6698 	DATA 	Keypress: o
281.6832 	EXP 	text_2: autoDraw = False
281.6832 	EXP 	image: image = 'Pictures/M17M.jpg'
281.6832 	EXP 	image: autoDraw = True
283.0655 	EXP 	image: autoDraw = False
283.0655 	EXP 	text_2: text = 'New’n’\n\nor \n\nOld ‘o’'
283.0655 	EXP 	text_2: autoDraw = True
283.4329 	EXP 	New trial (rep=0, index=11): {'ImageAnsShow': 'Pictures/F17A.jpg', 'Correct': 'o'}
283.5818 	DATA 	Keypress: n
283.5956 	EXP 	text_2: autoDraw = False
283.5956 	EXP 	image: image = 'Pictures/F17A.jpg'
283.5956 	EXP 	image: autoDraw = True
284.9487 	EXP 	image: autoDraw = False
284.9487 	EXP 	text_2: text = 'New’n’\n\nor \n\nOld ‘o’'
284.9487 	EXP 	text_2: autoDraw = True
287.9866 	DATA 	Keypress: o
287.9993 	EXP 	text_2: autoDraw = False
287.9993 	EXP 	text_5: autoDraw = True
290.0137 	EXP 	text_5: autoDraw = False
290.6037 	EXP 	window1: mouseVisible = True
